2019-03-05 16:15:22,182 WARN  [main] util.NativeCodeLoader (NativeCodeLoader.java:<clinit>(62)) - Unable to load native-hadoop library for your platform... using builtin-java classes where applicable
2019-03-05 16:15:22,465 INFO  [main] Configuration.deprecation (Configuration.java:warnOnceIfDeprecated(1049)) - session.id is deprecated. Instead, use dfs.metrics.session-id
2019-03-05 16:15:22,466 INFO  [main] jvm.JvmMetrics (JvmMetrics.java:init(76)) - Initializing JVM Metrics with processName=JobTracker, sessionId=
2019-03-05 16:15:22,816 WARN  [main] mapreduce.JobSubmitter (JobSubmitter.java:copyAndConfigureFiles(153)) - Hadoop command-line option parsing not performed. Implement the Tool interface and execute your application with ToolRunner to remedy this.
2019-03-05 16:15:22,843 INFO  [main] input.FileInputFormat (FileInputFormat.java:listStatus(281)) - Total input paths to process : 1
2019-03-05 16:15:22,884 INFO  [main] mapreduce.JobSubmitter (JobSubmitter.java:submitJobInternal(494)) - number of splits:1
2019-03-05 16:15:23,040 INFO  [main] mapreduce.JobSubmitter (JobSubmitter.java:printTokens(583)) - Submitting tokens for job: job_local127890709_0001
2019-03-05 16:15:23,497 INFO  [main] mapreduce.Job (Job.java:submit(1300)) - The url to track the job: http://localhost:8080/
2019-03-05 16:15:23,498 INFO  [main] mapreduce.Job (Job.java:monitorAndPrintJob(1345)) - Running job: job_local127890709_0001
2019-03-05 16:15:23,501 INFO  [Thread-13] mapred.LocalJobRunner (LocalJobRunner.java:createOutputCommitter(471)) - OutputCommitter set in config null
2019-03-05 16:15:23,522 INFO  [Thread-13] mapred.LocalJobRunner (LocalJobRunner.java:createOutputCommitter(489)) - OutputCommitter is org.apache.hadoop.mapreduce.lib.output.FileOutputCommitter
2019-03-05 16:15:23,643 INFO  [Thread-13] mapred.LocalJobRunner (LocalJobRunner.java:runTasks(448)) - Waiting for map tasks
2019-03-05 16:15:23,644 INFO  [LocalJobRunner Map Task Executor #0] mapred.LocalJobRunner (LocalJobRunner.java:run(224)) - Starting task: attempt_local127890709_0001_m_000000_0
2019-03-05 16:15:23,768 INFO  [LocalJobRunner Map Task Executor #0] mapred.Task (Task.java:initialize(587)) -  Using ResourceCalculatorProcessTree : [ ]
2019-03-05 16:15:23,771 INFO  [LocalJobRunner Map Task Executor #0] mapred.MapTask (MapTask.java:runNewMapper(753)) - Processing split: file:/home/aravikum/project3/small-graph.txt:0+56
2019-03-05 16:15:23,936 INFO  [LocalJobRunner Map Task Executor #0] mapred.MapTask (MapTask.java:setEquator(1202)) - (EQUATOR) 0 kvi 26214396(104857584)
2019-03-05 16:15:23,948 INFO  [LocalJobRunner Map Task Executor #0] mapred.MapTask (MapTask.java:init(995)) - mapreduce.task.io.sort.mb: 100
2019-03-05 16:15:23,948 INFO  [LocalJobRunner Map Task Executor #0] mapred.MapTask (MapTask.java:init(996)) - soft limit at 83886080
2019-03-05 16:15:23,948 INFO  [LocalJobRunner Map Task Executor #0] mapred.MapTask (MapTask.java:init(997)) - bufstart = 0; bufvoid = 104857600
2019-03-05 16:15:23,948 INFO  [LocalJobRunner Map Task Executor #0] mapred.MapTask (MapTask.java:init(998)) - kvstart = 26214396; length = 6553600
2019-03-05 16:15:23,961 INFO  [LocalJobRunner Map Task Executor #0] mapred.MapTask (MapTask.java:createSortingCollector(402)) - Map output collector class = org.apache.hadoop.mapred.MapTask$MapOutputBuffer
2019-03-05 16:15:24,035 INFO  [LocalJobRunner Map Task Executor #0] mapred.LocalJobRunner (LocalJobRunner.java:statusUpdate(591)) - 
2019-03-05 16:15:24,046 INFO  [LocalJobRunner Map Task Executor #0] mapred.MapTask (MapTask.java:flush(1457)) - Starting flush of map output
2019-03-05 16:15:24,046 INFO  [LocalJobRunner Map Task Executor #0] mapred.MapTask (MapTask.java:flush(1475)) - Spilling map output
2019-03-05 16:15:24,046 INFO  [LocalJobRunner Map Task Executor #0] mapred.MapTask (MapTask.java:flush(1476)) - bufstart = 0; bufend = 444; bufvoid = 104857600
2019-03-05 16:15:24,046 INFO  [LocalJobRunner Map Task Executor #0] mapred.MapTask (MapTask.java:flush(1478)) - kvstart = 26214396(104857584); kvend = 26214360(104857440); length = 37/6553600
2019-03-05 16:15:24,056 INFO  [LocalJobRunner Map Task Executor #0] mapred.MapTask (MapTask.java:sortAndSpill(1660)) - Finished spill 0
2019-03-05 16:15:24,059 INFO  [LocalJobRunner Map Task Executor #0] mapred.Task (Task.java:done(1001)) - Task:attempt_local127890709_0001_m_000000_0 is done. And is in the process of committing
2019-03-05 16:15:24,080 INFO  [LocalJobRunner Map Task Executor #0] mapred.LocalJobRunner (LocalJobRunner.java:statusUpdate(591)) - map
2019-03-05 16:15:24,080 INFO  [LocalJobRunner Map Task Executor #0] mapred.Task (Task.java:sendDone(1121)) - Task 'attempt_local127890709_0001_m_000000_0' done.
2019-03-05 16:15:24,080 INFO  [LocalJobRunner Map Task Executor #0] mapred.LocalJobRunner (LocalJobRunner.java:run(249)) - Finishing task: attempt_local127890709_0001_m_000000_0
2019-03-05 16:15:24,080 INFO  [Thread-13] mapred.LocalJobRunner (LocalJobRunner.java:runTasks(456)) - map task executor complete.
2019-03-05 16:15:24,087 INFO  [Thread-13] mapred.LocalJobRunner (LocalJobRunner.java:runTasks(448)) - Waiting for reduce tasks
2019-03-05 16:15:24,088 INFO  [pool-3-thread-1] mapred.LocalJobRunner (LocalJobRunner.java:run(302)) - Starting task: attempt_local127890709_0001_r_000000_0
2019-03-05 16:15:24,095 INFO  [pool-3-thread-1] mapred.Task (Task.java:initialize(587)) -  Using ResourceCalculatorProcessTree : [ ]
2019-03-05 16:15:24,098 INFO  [pool-3-thread-1] mapred.ReduceTask (ReduceTask.java:run(362)) - Using ShuffleConsumerPlugin: org.apache.hadoop.mapreduce.task.reduce.Shuffle@1c3665e3
2019-03-05 16:15:24,108 INFO  [pool-3-thread-1] reduce.MergeManagerImpl (MergeManagerImpl.java:<init>(196)) - MergerManager: memoryLimit=703542080, maxSingleShuffleLimit=175885520, mergeThreshold=464337792, ioSortFactor=10, memToMemMergeOutputsThreshold=10
2019-03-05 16:15:24,124 INFO  [EventFetcher for fetching Map Completion Events] reduce.EventFetcher (EventFetcher.java:run(61)) - attempt_local127890709_0001_r_000000_0 Thread started: EventFetcher for fetching Map Completion Events
2019-03-05 16:15:24,174 INFO  [localfetcher#1] reduce.LocalFetcher (LocalFetcher.java:copyMapOutput(141)) - localfetcher#1 about to shuffle output of map attempt_local127890709_0001_m_000000_0 decomp: 466 len: 470 to MEMORY
2019-03-05 16:15:24,180 INFO  [localfetcher#1] reduce.InMemoryMapOutput (InMemoryMapOutput.java:shuffle(100)) - Read 466 bytes from map-output for attempt_local127890709_0001_m_000000_0
2019-03-05 16:15:24,200 INFO  [localfetcher#1] reduce.MergeManagerImpl (MergeManagerImpl.java:closeInMemoryFile(314)) - closeInMemoryFile -> map-output of size: 466, inMemoryMapOutputs.size() -> 1, commitMemory -> 0, usedMemory ->466
2019-03-05 16:15:24,202 INFO  [EventFetcher for fetching Map Completion Events] reduce.EventFetcher (EventFetcher.java:run(76)) - EventFetcher is interrupted.. Returning
2019-03-05 16:15:24,202 INFO  [pool-3-thread-1] mapred.LocalJobRunner (LocalJobRunner.java:statusUpdate(591)) - 1 / 1 copied.
2019-03-05 16:15:24,203 INFO  [pool-3-thread-1] reduce.MergeManagerImpl (MergeManagerImpl.java:finalMerge(674)) - finalMerge called with 1 in-memory map-outputs and 0 on-disk map-outputs
2019-03-05 16:15:24,212 INFO  [pool-3-thread-1] mapred.Merger (Merger.java:merge(597)) - Merging 1 sorted segments
2019-03-05 16:15:24,212 INFO  [pool-3-thread-1] mapred.Merger (Merger.java:merge(696)) - Down to the last merge-pass, with 1 segments left of total size: 456 bytes
2019-03-05 16:15:24,213 INFO  [pool-3-thread-1] reduce.MergeManagerImpl (MergeManagerImpl.java:finalMerge(751)) - Merged 1 segments, 466 bytes to disk to satisfy reduce memory limit
2019-03-05 16:15:24,213 INFO  [pool-3-thread-1] reduce.MergeManagerImpl (MergeManagerImpl.java:finalMerge(781)) - Merging 1 files, 470 bytes from disk
2019-03-05 16:15:24,214 INFO  [pool-3-thread-1] reduce.MergeManagerImpl (MergeManagerImpl.java:finalMerge(796)) - Merging 0 segments, 0 bytes from memory into reduce
2019-03-05 16:15:24,214 INFO  [pool-3-thread-1] mapred.Merger (Merger.java:merge(597)) - Merging 1 sorted segments
2019-03-05 16:15:24,214 INFO  [pool-3-thread-1] mapred.Merger (Merger.java:merge(696)) - Down to the last merge-pass, with 1 segments left of total size: 456 bytes
2019-03-05 16:15:24,215 INFO  [pool-3-thread-1] mapred.LocalJobRunner (LocalJobRunner.java:statusUpdate(591)) - 1 / 1 copied.
2019-03-05 16:15:24,256 INFO  [pool-3-thread-1] Configuration.deprecation (Configuration.java:warnOnceIfDeprecated(1049)) - mapred.skip.on is deprecated. Instead, use mapreduce.job.skiprecords
2019-03-05 16:15:24,266 INFO  [pool-3-thread-1] mapred.Task (Task.java:done(1001)) - Task:attempt_local127890709_0001_r_000000_0 is done. And is in the process of committing
2019-03-05 16:15:24,269 INFO  [pool-3-thread-1] mapred.LocalJobRunner (LocalJobRunner.java:statusUpdate(591)) - 1 / 1 copied.
2019-03-05 16:15:24,269 INFO  [pool-3-thread-1] mapred.Task (Task.java:commit(1162)) - Task attempt_local127890709_0001_r_000000_0 is allowed to commit now
2019-03-05 16:15:24,279 INFO  [pool-3-thread-1] output.FileOutputCommitter (FileOutputCommitter.java:commitTask(439)) - Saved output of task 'attempt_local127890709_0001_r_000000_0' to file:/home/aravikum/project3/intermediate/f0/_temporary/0/task_local127890709_0001_r_000000
2019-03-05 16:15:24,280 INFO  [pool-3-thread-1] mapred.LocalJobRunner (LocalJobRunner.java:statusUpdate(591)) - reduce > reduce
2019-03-05 16:15:24,280 INFO  [pool-3-thread-1] mapred.Task (Task.java:sendDone(1121)) - Task 'attempt_local127890709_0001_r_000000_0' done.
2019-03-05 16:15:24,280 INFO  [pool-3-thread-1] mapred.LocalJobRunner (LocalJobRunner.java:run(325)) - Finishing task: attempt_local127890709_0001_r_000000_0
2019-03-05 16:15:24,280 INFO  [Thread-13] mapred.LocalJobRunner (LocalJobRunner.java:runTasks(456)) - reduce task executor complete.
2019-03-05 16:15:24,500 INFO  [main] mapreduce.Job (Job.java:monitorAndPrintJob(1366)) - Job job_local127890709_0001 running in uber mode : false
2019-03-05 16:15:24,501 INFO  [main] mapreduce.Job (Job.java:monitorAndPrintJob(1373)) -  map 100% reduce 100%
2019-03-05 16:15:24,502 INFO  [main] mapreduce.Job (Job.java:monitorAndPrintJob(1384)) - Job job_local127890709_0001 completed successfully
2019-03-05 16:15:24,525 INFO  [main] mapreduce.Job (Job.java:monitorAndPrintJob(1391)) - Counters: 33
	File System Counters
		FILE: Number of bytes read=17976
		FILE: Number of bytes written=528261
		FILE: Number of read operations=0
		FILE: Number of large read operations=0
		FILE: Number of write operations=0
	Map-Reduce Framework
		Map input records=10
		Map output records=10
		Map output bytes=444
		Map output materialized bytes=470
		Input split bytes=109
		Combine input records=0
		Combine output records=0
		Reduce input groups=10
		Reduce shuffle bytes=470
		Reduce input records=10
		Reduce output records=10
		Spilled Records=20
		Shuffled Maps =1
		Failed Shuffles=0
		Merged Map outputs=1
		GC time elapsed (ms)=96
		CPU time spent (ms)=0
		Physical memory (bytes) snapshot=0
		Virtual memory (bytes) snapshot=0
		Total committed heap usage (bytes)=2010120192
	Shuffle Errors
		BAD_ID=0
		CONNECTION=0
		IO_ERROR=0
		WRONG_LENGTH=0
		WRONG_MAP=0
		WRONG_REDUCE=0
	File Input Format Counters 
		Bytes Read=56
	File Output Format Counters 
		Bytes Written=607
2019-03-05 16:15:24,607 INFO  [main] jvm.JvmMetrics (JvmMetrics.java:init(71)) - Cannot initialize JVM Metrics with processName=JobTracker, sessionId= - already initialized
2019-03-05 16:15:24,639 WARN  [main] mapreduce.JobSubmitter (JobSubmitter.java:copyAndConfigureFiles(153)) - Hadoop command-line option parsing not performed. Implement the Tool interface and execute your application with ToolRunner to remedy this.
2019-03-05 16:15:24,727 INFO  [main] input.FileInputFormat (FileInputFormat.java:listStatus(281)) - Total input paths to process : 1
2019-03-05 16:15:24,747 INFO  [main] mapreduce.JobSubmitter (JobSubmitter.java:submitJobInternal(494)) - number of splits:1
2019-03-05 16:15:24,771 INFO  [main] mapreduce.JobSubmitter (JobSubmitter.java:printTokens(583)) - Submitting tokens for job: job_local1357126212_0002
2019-03-05 16:15:24,929 INFO  [main] mapreduce.Job (Job.java:submit(1300)) - The url to track the job: http://localhost:8080/
2019-03-05 16:15:24,929 INFO  [main] mapreduce.Job (Job.java:monitorAndPrintJob(1345)) - Running job: job_local1357126212_0002
2019-03-05 16:15:24,930 INFO  [Thread-37] mapred.LocalJobRunner (LocalJobRunner.java:createOutputCommitter(471)) - OutputCommitter set in config null
2019-03-05 16:15:24,931 INFO  [Thread-37] mapred.LocalJobRunner (LocalJobRunner.java:createOutputCommitter(489)) - OutputCommitter is org.apache.hadoop.mapreduce.lib.output.FileOutputCommitter
2019-03-05 16:15:24,948 INFO  [Thread-37] mapred.LocalJobRunner (LocalJobRunner.java:runTasks(448)) - Waiting for map tasks
2019-03-05 16:15:24,949 INFO  [LocalJobRunner Map Task Executor #0] mapred.LocalJobRunner (LocalJobRunner.java:run(224)) - Starting task: attempt_local1357126212_0002_m_000000_0
2019-03-05 16:15:24,962 INFO  [LocalJobRunner Map Task Executor #0] mapred.Task (Task.java:initialize(587)) -  Using ResourceCalculatorProcessTree : [ ]
2019-03-05 16:15:24,963 INFO  [LocalJobRunner Map Task Executor #0] mapred.MapTask (MapTask.java:runNewMapper(753)) - Processing split: file:/home/aravikum/project3/intermediate/f0/part-r-00000:0+591
2019-03-05 16:15:25,125 INFO  [LocalJobRunner Map Task Executor #0] mapred.MapTask (MapTask.java:setEquator(1202)) - (EQUATOR) 0 kvi 26214396(104857584)
2019-03-05 16:15:25,125 INFO  [LocalJobRunner Map Task Executor #0] mapred.MapTask (MapTask.java:init(995)) - mapreduce.task.io.sort.mb: 100
2019-03-05 16:15:25,125 INFO  [LocalJobRunner Map Task Executor #0] mapred.MapTask (MapTask.java:init(996)) - soft limit at 83886080
2019-03-05 16:15:25,125 INFO  [LocalJobRunner Map Task Executor #0] mapred.MapTask (MapTask.java:init(997)) - bufstart = 0; bufvoid = 104857600
2019-03-05 16:15:25,125 INFO  [LocalJobRunner Map Task Executor #0] mapred.MapTask (MapTask.java:init(998)) - kvstart = 26214396; length = 6553600
2019-03-05 16:15:25,136 INFO  [LocalJobRunner Map Task Executor #0] mapred.MapTask (MapTask.java:createSortingCollector(402)) - Map output collector class = org.apache.hadoop.mapred.MapTask$MapOutputBuffer
2019-03-05 16:15:25,155 INFO  [LocalJobRunner Map Task Executor #0] mapred.LocalJobRunner (LocalJobRunner.java:statusUpdate(591)) - 
2019-03-05 16:15:25,165 INFO  [LocalJobRunner Map Task Executor #0] mapred.MapTask (MapTask.java:flush(1457)) - Starting flush of map output
2019-03-05 16:15:25,165 INFO  [LocalJobRunner Map Task Executor #0] mapred.MapTask (MapTask.java:flush(1475)) - Spilling map output
2019-03-05 16:15:25,165 INFO  [LocalJobRunner Map Task Executor #0] mapred.MapTask (MapTask.java:flush(1476)) - bufstart = 0; bufend = 984; bufvoid = 104857600
2019-03-05 16:15:25,165 INFO  [LocalJobRunner Map Task Executor #0] mapred.MapTask (MapTask.java:flush(1478)) - kvstart = 26214396(104857584); kvend = 26214288(104857152); length = 109/6553600
2019-03-05 16:15:25,166 INFO  [LocalJobRunner Map Task Executor #0] mapred.MapTask (MapTask.java:sortAndSpill(1660)) - Finished spill 0
2019-03-05 16:15:25,186 INFO  [LocalJobRunner Map Task Executor #0] mapred.Task (Task.java:done(1001)) - Task:attempt_local1357126212_0002_m_000000_0 is done. And is in the process of committing
2019-03-05 16:15:25,192 INFO  [LocalJobRunner Map Task Executor #0] mapred.LocalJobRunner (LocalJobRunner.java:statusUpdate(591)) - map
2019-03-05 16:15:25,193 INFO  [LocalJobRunner Map Task Executor #0] mapred.Task (Task.java:sendDone(1121)) - Task 'attempt_local1357126212_0002_m_000000_0' done.
2019-03-05 16:15:25,193 INFO  [LocalJobRunner Map Task Executor #0] mapred.LocalJobRunner (LocalJobRunner.java:run(249)) - Finishing task: attempt_local1357126212_0002_m_000000_0
2019-03-05 16:15:25,194 INFO  [Thread-37] mapred.LocalJobRunner (LocalJobRunner.java:runTasks(456)) - map task executor complete.
2019-03-05 16:15:25,208 INFO  [Thread-37] mapred.LocalJobRunner (LocalJobRunner.java:runTasks(448)) - Waiting for reduce tasks
2019-03-05 16:15:25,215 INFO  [pool-6-thread-1] mapred.LocalJobRunner (LocalJobRunner.java:run(302)) - Starting task: attempt_local1357126212_0002_r_000000_0
2019-03-05 16:15:25,229 INFO  [pool-6-thread-1] mapred.Task (Task.java:initialize(587)) -  Using ResourceCalculatorProcessTree : [ ]
2019-03-05 16:15:25,230 INFO  [pool-6-thread-1] mapred.ReduceTask (ReduceTask.java:run(362)) - Using ShuffleConsumerPlugin: org.apache.hadoop.mapreduce.task.reduce.Shuffle@34cf0ea1
2019-03-05 16:15:25,231 INFO  [pool-6-thread-1] reduce.MergeManagerImpl (MergeManagerImpl.java:<init>(196)) - MergerManager: memoryLimit=703542080, maxSingleShuffleLimit=175885520, mergeThreshold=464337792, ioSortFactor=10, memToMemMergeOutputsThreshold=10
2019-03-05 16:15:25,249 INFO  [EventFetcher for fetching Map Completion Events] reduce.EventFetcher (EventFetcher.java:run(61)) - attempt_local1357126212_0002_r_000000_0 Thread started: EventFetcher for fetching Map Completion Events
2019-03-05 16:15:25,262 INFO  [localfetcher#2] reduce.LocalFetcher (LocalFetcher.java:copyMapOutput(141)) - localfetcher#2 about to shuffle output of map attempt_local1357126212_0002_m_000000_0 decomp: 1042 len: 1046 to MEMORY
2019-03-05 16:15:25,263 INFO  [localfetcher#2] reduce.InMemoryMapOutput (InMemoryMapOutput.java:shuffle(100)) - Read 1042 bytes from map-output for attempt_local1357126212_0002_m_000000_0
2019-03-05 16:15:25,265 INFO  [localfetcher#2] reduce.MergeManagerImpl (MergeManagerImpl.java:closeInMemoryFile(314)) - closeInMemoryFile -> map-output of size: 1042, inMemoryMapOutputs.size() -> 1, commitMemory -> 0, usedMemory ->1042
2019-03-05 16:15:25,265 INFO  [EventFetcher for fetching Map Completion Events] reduce.EventFetcher (EventFetcher.java:run(76)) - EventFetcher is interrupted.. Returning
2019-03-05 16:15:25,266 INFO  [pool-6-thread-1] mapred.LocalJobRunner (LocalJobRunner.java:statusUpdate(591)) - 1 / 1 copied.
2019-03-05 16:15:25,266 INFO  [pool-6-thread-1] reduce.MergeManagerImpl (MergeManagerImpl.java:finalMerge(674)) - finalMerge called with 1 in-memory map-outputs and 0 on-disk map-outputs
2019-03-05 16:15:25,267 INFO  [pool-6-thread-1] mapred.Merger (Merger.java:merge(597)) - Merging 1 sorted segments
2019-03-05 16:15:25,267 INFO  [pool-6-thread-1] mapred.Merger (Merger.java:merge(696)) - Down to the last merge-pass, with 1 segments left of total size: 1032 bytes
2019-03-05 16:15:25,268 INFO  [pool-6-thread-1] reduce.MergeManagerImpl (MergeManagerImpl.java:finalMerge(751)) - Merged 1 segments, 1042 bytes to disk to satisfy reduce memory limit
2019-03-05 16:15:25,270 INFO  [pool-6-thread-1] reduce.MergeManagerImpl (MergeManagerImpl.java:finalMerge(781)) - Merging 1 files, 1046 bytes from disk
2019-03-05 16:15:25,270 INFO  [pool-6-thread-1] reduce.MergeManagerImpl (MergeManagerImpl.java:finalMerge(796)) - Merging 0 segments, 0 bytes from memory into reduce
2019-03-05 16:15:25,270 INFO  [pool-6-thread-1] mapred.Merger (Merger.java:merge(597)) - Merging 1 sorted segments
2019-03-05 16:15:25,271 INFO  [pool-6-thread-1] mapred.Merger (Merger.java:merge(696)) - Down to the last merge-pass, with 1 segments left of total size: 1032 bytes
2019-03-05 16:15:25,271 INFO  [pool-6-thread-1] mapred.LocalJobRunner (LocalJobRunner.java:statusUpdate(591)) - 1 / 1 copied.
2019-03-05 16:15:25,318 INFO  [pool-6-thread-1] mapred.Task (Task.java:done(1001)) - Task:attempt_local1357126212_0002_r_000000_0 is done. And is in the process of committing
2019-03-05 16:15:25,319 INFO  [pool-6-thread-1] mapred.LocalJobRunner (LocalJobRunner.java:statusUpdate(591)) - 1 / 1 copied.
2019-03-05 16:15:25,319 INFO  [pool-6-thread-1] mapred.Task (Task.java:commit(1162)) - Task attempt_local1357126212_0002_r_000000_0 is allowed to commit now
2019-03-05 16:15:25,326 INFO  [pool-6-thread-1] output.FileOutputCommitter (FileOutputCommitter.java:commitTask(439)) - Saved output of task 'attempt_local1357126212_0002_r_000000_0' to file:/home/aravikum/project3/intermediate/f1/_temporary/0/task_local1357126212_0002_r_000000
2019-03-05 16:15:25,328 INFO  [pool-6-thread-1] mapred.LocalJobRunner (LocalJobRunner.java:statusUpdate(591)) - reduce > reduce
2019-03-05 16:15:25,328 INFO  [pool-6-thread-1] mapred.Task (Task.java:sendDone(1121)) - Task 'attempt_local1357126212_0002_r_000000_0' done.
2019-03-05 16:15:25,328 INFO  [pool-6-thread-1] mapred.LocalJobRunner (LocalJobRunner.java:run(325)) - Finishing task: attempt_local1357126212_0002_r_000000_0
2019-03-05 16:15:25,329 INFO  [Thread-37] mapred.LocalJobRunner (LocalJobRunner.java:runTasks(456)) - reduce task executor complete.
2019-03-05 16:15:25,930 INFO  [main] mapreduce.Job (Job.java:monitorAndPrintJob(1366)) - Job job_local1357126212_0002 running in uber mode : false
2019-03-05 16:15:25,930 INFO  [main] mapreduce.Job (Job.java:monitorAndPrintJob(1373)) -  map 100% reduce 100%
2019-03-05 16:15:25,930 INFO  [main] mapreduce.Job (Job.java:monitorAndPrintJob(1384)) - Job job_local1357126212_0002 completed successfully
2019-03-05 16:15:25,937 INFO  [main] mapreduce.Job (Job.java:monitorAndPrintJob(1391)) - Counters: 33
	File System Counters
		FILE: Number of bytes read=39208
		FILE: Number of bytes written=1062133
		FILE: Number of read operations=0
		FILE: Number of large read operations=0
		FILE: Number of write operations=0
	Map-Reduce Framework
		Map input records=10
		Map output records=28
		Map output bytes=984
		Map output materialized bytes=1046
		Input split bytes=122
		Combine input records=0
		Combine output records=0
		Reduce input groups=10
		Reduce shuffle bytes=1046
		Reduce input records=28
		Reduce output records=10
		Spilled Records=56
		Shuffled Maps =1
		Failed Shuffles=0
		Merged Map outputs=1
		GC time elapsed (ms)=113
		CPU time spent (ms)=0
		Physical memory (bytes) snapshot=0
		Virtual memory (bytes) snapshot=0
		Total committed heap usage (bytes)=2010120192
	Shuffle Errors
		BAD_ID=0
		CONNECTION=0
		IO_ERROR=0
		WRONG_LENGTH=0
		WRONG_MAP=0
		WRONG_REDUCE=0
	File Input Format Counters 
		Bytes Read=607
	File Output Format Counters 
		Bytes Written=607
2019-03-05 16:15:25,991 INFO  [main] jvm.JvmMetrics (JvmMetrics.java:init(71)) - Cannot initialize JVM Metrics with processName=JobTracker, sessionId= - already initialized
2019-03-05 16:15:26,025 WARN  [main] mapreduce.JobSubmitter (JobSubmitter.java:copyAndConfigureFiles(153)) - Hadoop command-line option parsing not performed. Implement the Tool interface and execute your application with ToolRunner to remedy this.
2019-03-05 16:15:26,136 INFO  [main] input.FileInputFormat (FileInputFormat.java:listStatus(281)) - Total input paths to process : 1
2019-03-05 16:15:26,214 INFO  [main] mapreduce.JobSubmitter (JobSubmitter.java:submitJobInternal(494)) - number of splits:1
2019-03-05 16:15:26,271 INFO  [main] mapreduce.JobSubmitter (JobSubmitter.java:printTokens(583)) - Submitting tokens for job: job_local1100159119_0003
2019-03-05 16:15:26,482 INFO  [main] mapreduce.Job (Job.java:submit(1300)) - The url to track the job: http://localhost:8080/
2019-03-05 16:15:26,482 INFO  [main] mapreduce.Job (Job.java:monitorAndPrintJob(1345)) - Running job: job_local1100159119_0003
2019-03-05 16:15:26,482 INFO  [Thread-59] mapred.LocalJobRunner (LocalJobRunner.java:createOutputCommitter(471)) - OutputCommitter set in config null
2019-03-05 16:15:26,483 INFO  [Thread-59] mapred.LocalJobRunner (LocalJobRunner.java:createOutputCommitter(489)) - OutputCommitter is org.apache.hadoop.mapreduce.lib.output.FileOutputCommitter
2019-03-05 16:15:26,516 INFO  [Thread-59] mapred.LocalJobRunner (LocalJobRunner.java:runTasks(448)) - Waiting for map tasks
2019-03-05 16:15:26,516 INFO  [LocalJobRunner Map Task Executor #0] mapred.LocalJobRunner (LocalJobRunner.java:run(224)) - Starting task: attempt_local1100159119_0003_m_000000_0
2019-03-05 16:15:26,528 INFO  [LocalJobRunner Map Task Executor #0] mapred.Task (Task.java:initialize(587)) -  Using ResourceCalculatorProcessTree : [ ]
2019-03-05 16:15:26,529 INFO  [LocalJobRunner Map Task Executor #0] mapred.MapTask (MapTask.java:runNewMapper(753)) - Processing split: file:/home/aravikum/project3/intermediate/f1/part-r-00000:0+591
2019-03-05 16:15:26,649 INFO  [LocalJobRunner Map Task Executor #0] mapred.MapTask (MapTask.java:setEquator(1202)) - (EQUATOR) 0 kvi 26214396(104857584)
2019-03-05 16:15:26,649 INFO  [LocalJobRunner Map Task Executor #0] mapred.MapTask (MapTask.java:init(995)) - mapreduce.task.io.sort.mb: 100
2019-03-05 16:15:26,649 INFO  [LocalJobRunner Map Task Executor #0] mapred.MapTask (MapTask.java:init(996)) - soft limit at 83886080
2019-03-05 16:15:26,649 INFO  [LocalJobRunner Map Task Executor #0] mapred.MapTask (MapTask.java:init(997)) - bufstart = 0; bufvoid = 104857600
2019-03-05 16:15:26,649 INFO  [LocalJobRunner Map Task Executor #0] mapred.MapTask (MapTask.java:init(998)) - kvstart = 26214396; length = 6553600
2019-03-05 16:15:26,660 INFO  [LocalJobRunner Map Task Executor #0] mapred.MapTask (MapTask.java:createSortingCollector(402)) - Map output collector class = org.apache.hadoop.mapred.MapTask$MapOutputBuffer
2019-03-05 16:15:26,665 INFO  [LocalJobRunner Map Task Executor #0] mapred.LocalJobRunner (LocalJobRunner.java:statusUpdate(591)) - 
2019-03-05 16:15:26,667 INFO  [LocalJobRunner Map Task Executor #0] mapred.MapTask (MapTask.java:flush(1457)) - Starting flush of map output
2019-03-05 16:15:26,668 INFO  [LocalJobRunner Map Task Executor #0] mapred.MapTask (MapTask.java:flush(1475)) - Spilling map output
2019-03-05 16:15:26,668 INFO  [LocalJobRunner Map Task Executor #0] mapred.MapTask (MapTask.java:flush(1476)) - bufstart = 0; bufend = 984; bufvoid = 104857600
2019-03-05 16:15:26,668 INFO  [LocalJobRunner Map Task Executor #0] mapred.MapTask (MapTask.java:flush(1478)) - kvstart = 26214396(104857584); kvend = 26214288(104857152); length = 109/6553600
2019-03-05 16:15:26,669 INFO  [LocalJobRunner Map Task Executor #0] mapred.MapTask (MapTask.java:sortAndSpill(1660)) - Finished spill 0
2019-03-05 16:15:26,671 INFO  [LocalJobRunner Map Task Executor #0] mapred.Task (Task.java:done(1001)) - Task:attempt_local1100159119_0003_m_000000_0 is done. And is in the process of committing
2019-03-05 16:15:26,673 INFO  [LocalJobRunner Map Task Executor #0] mapred.LocalJobRunner (LocalJobRunner.java:statusUpdate(591)) - map
2019-03-05 16:15:26,673 INFO  [LocalJobRunner Map Task Executor #0] mapred.Task (Task.java:sendDone(1121)) - Task 'attempt_local1100159119_0003_m_000000_0' done.
2019-03-05 16:15:26,673 INFO  [LocalJobRunner Map Task Executor #0] mapred.LocalJobRunner (LocalJobRunner.java:run(249)) - Finishing task: attempt_local1100159119_0003_m_000000_0
2019-03-05 16:15:26,674 INFO  [Thread-59] mapred.LocalJobRunner (LocalJobRunner.java:runTasks(456)) - map task executor complete.
2019-03-05 16:15:26,685 INFO  [Thread-59] mapred.LocalJobRunner (LocalJobRunner.java:runTasks(448)) - Waiting for reduce tasks
2019-03-05 16:15:26,691 INFO  [pool-9-thread-1] mapred.LocalJobRunner (LocalJobRunner.java:run(302)) - Starting task: attempt_local1100159119_0003_r_000000_0
2019-03-05 16:15:26,696 INFO  [pool-9-thread-1] mapred.Task (Task.java:initialize(587)) -  Using ResourceCalculatorProcessTree : [ ]
2019-03-05 16:15:26,696 INFO  [pool-9-thread-1] mapred.ReduceTask (ReduceTask.java:run(362)) - Using ShuffleConsumerPlugin: org.apache.hadoop.mapreduce.task.reduce.Shuffle@17bc84a5
2019-03-05 16:15:26,708 INFO  [pool-9-thread-1] reduce.MergeManagerImpl (MergeManagerImpl.java:<init>(196)) - MergerManager: memoryLimit=703542080, maxSingleShuffleLimit=175885520, mergeThreshold=464337792, ioSortFactor=10, memToMemMergeOutputsThreshold=10
2019-03-05 16:15:26,720 INFO  [EventFetcher for fetching Map Completion Events] reduce.EventFetcher (EventFetcher.java:run(61)) - attempt_local1100159119_0003_r_000000_0 Thread started: EventFetcher for fetching Map Completion Events
2019-03-05 16:15:26,732 INFO  [localfetcher#3] reduce.LocalFetcher (LocalFetcher.java:copyMapOutput(141)) - localfetcher#3 about to shuffle output of map attempt_local1100159119_0003_m_000000_0 decomp: 1042 len: 1046 to MEMORY
2019-03-05 16:15:26,732 INFO  [localfetcher#3] reduce.InMemoryMapOutput (InMemoryMapOutput.java:shuffle(100)) - Read 1042 bytes from map-output for attempt_local1100159119_0003_m_000000_0
2019-03-05 16:15:26,732 INFO  [localfetcher#3] reduce.MergeManagerImpl (MergeManagerImpl.java:closeInMemoryFile(314)) - closeInMemoryFile -> map-output of size: 1042, inMemoryMapOutputs.size() -> 1, commitMemory -> 0, usedMemory ->1042
2019-03-05 16:15:26,742 INFO  [EventFetcher for fetching Map Completion Events] reduce.EventFetcher (EventFetcher.java:run(76)) - EventFetcher is interrupted.. Returning
2019-03-05 16:15:26,742 INFO  [pool-9-thread-1] mapred.LocalJobRunner (LocalJobRunner.java:statusUpdate(591)) - 1 / 1 copied.
2019-03-05 16:15:26,742 INFO  [pool-9-thread-1] reduce.MergeManagerImpl (MergeManagerImpl.java:finalMerge(674)) - finalMerge called with 1 in-memory map-outputs and 0 on-disk map-outputs
2019-03-05 16:15:26,743 INFO  [pool-9-thread-1] mapred.Merger (Merger.java:merge(597)) - Merging 1 sorted segments
2019-03-05 16:15:26,743 INFO  [pool-9-thread-1] mapred.Merger (Merger.java:merge(696)) - Down to the last merge-pass, with 1 segments left of total size: 1032 bytes
2019-03-05 16:15:26,746 INFO  [pool-9-thread-1] reduce.MergeManagerImpl (MergeManagerImpl.java:finalMerge(751)) - Merged 1 segments, 1042 bytes to disk to satisfy reduce memory limit
2019-03-05 16:15:26,746 INFO  [pool-9-thread-1] reduce.MergeManagerImpl (MergeManagerImpl.java:finalMerge(781)) - Merging 1 files, 1046 bytes from disk
2019-03-05 16:15:26,746 INFO  [pool-9-thread-1] reduce.MergeManagerImpl (MergeManagerImpl.java:finalMerge(796)) - Merging 0 segments, 0 bytes from memory into reduce
2019-03-05 16:15:26,746 INFO  [pool-9-thread-1] mapred.Merger (Merger.java:merge(597)) - Merging 1 sorted segments
2019-03-05 16:15:26,746 INFO  [pool-9-thread-1] mapred.Merger (Merger.java:merge(696)) - Down to the last merge-pass, with 1 segments left of total size: 1032 bytes
2019-03-05 16:15:26,747 INFO  [pool-9-thread-1] mapred.LocalJobRunner (LocalJobRunner.java:statusUpdate(591)) - 1 / 1 copied.
2019-03-05 16:15:26,794 INFO  [pool-9-thread-1] mapred.Task (Task.java:done(1001)) - Task:attempt_local1100159119_0003_r_000000_0 is done. And is in the process of committing
2019-03-05 16:15:26,795 INFO  [pool-9-thread-1] mapred.LocalJobRunner (LocalJobRunner.java:statusUpdate(591)) - 1 / 1 copied.
2019-03-05 16:15:26,795 INFO  [pool-9-thread-1] mapred.Task (Task.java:commit(1162)) - Task attempt_local1100159119_0003_r_000000_0 is allowed to commit now
2019-03-05 16:15:26,799 INFO  [pool-9-thread-1] output.FileOutputCommitter (FileOutputCommitter.java:commitTask(439)) - Saved output of task 'attempt_local1100159119_0003_r_000000_0' to file:/home/aravikum/project3/intermediate/f2/_temporary/0/task_local1100159119_0003_r_000000
2019-03-05 16:15:26,800 INFO  [pool-9-thread-1] mapred.LocalJobRunner (LocalJobRunner.java:statusUpdate(591)) - reduce > reduce
2019-03-05 16:15:26,800 INFO  [pool-9-thread-1] mapred.Task (Task.java:sendDone(1121)) - Task 'attempt_local1100159119_0003_r_000000_0' done.
2019-03-05 16:15:26,800 INFO  [pool-9-thread-1] mapred.LocalJobRunner (LocalJobRunner.java:run(325)) - Finishing task: attempt_local1100159119_0003_r_000000_0
2019-03-05 16:15:26,800 INFO  [Thread-59] mapred.LocalJobRunner (LocalJobRunner.java:runTasks(456)) - reduce task executor complete.
2019-03-05 16:15:27,482 INFO  [main] mapreduce.Job (Job.java:monitorAndPrintJob(1366)) - Job job_local1100159119_0003 running in uber mode : false
2019-03-05 16:15:27,483 INFO  [main] mapreduce.Job (Job.java:monitorAndPrintJob(1373)) -  map 100% reduce 100%
2019-03-05 16:15:27,483 INFO  [main] mapreduce.Job (Job.java:monitorAndPrintJob(1384)) - Job job_local1100159119_0003 completed successfully
2019-03-05 16:15:27,486 INFO  [main] mapreduce.Job (Job.java:monitorAndPrintJob(1391)) - Counters: 33
	File System Counters
		FILE: Number of bytes read=61592
		FILE: Number of bytes written=1596581
		FILE: Number of read operations=0
		FILE: Number of large read operations=0
		FILE: Number of write operations=0
	Map-Reduce Framework
		Map input records=10
		Map output records=28
		Map output bytes=984
		Map output materialized bytes=1046
		Input split bytes=122
		Combine input records=0
		Combine output records=0
		Reduce input groups=10
		Reduce shuffle bytes=1046
		Reduce input records=28
		Reduce output records=10
		Spilled Records=56
		Shuffled Maps =1
		Failed Shuffles=0
		Merged Map outputs=1
		GC time elapsed (ms)=98
		CPU time spent (ms)=0
		Physical memory (bytes) snapshot=0
		Virtual memory (bytes) snapshot=0
		Total committed heap usage (bytes)=2010120192
	Shuffle Errors
		BAD_ID=0
		CONNECTION=0
		IO_ERROR=0
		WRONG_LENGTH=0
		WRONG_MAP=0
		WRONG_REDUCE=0
	File Input Format Counters 
		Bytes Read=607
	File Output Format Counters 
		Bytes Written=607
2019-03-05 16:15:27,509 INFO  [main] jvm.JvmMetrics (JvmMetrics.java:init(71)) - Cannot initialize JVM Metrics with processName=JobTracker, sessionId= - already initialized
2019-03-05 16:15:27,522 WARN  [main] mapreduce.JobSubmitter (JobSubmitter.java:copyAndConfigureFiles(153)) - Hadoop command-line option parsing not performed. Implement the Tool interface and execute your application with ToolRunner to remedy this.
2019-03-05 16:15:27,569 INFO  [main] input.FileInputFormat (FileInputFormat.java:listStatus(281)) - Total input paths to process : 1
2019-03-05 16:15:27,582 INFO  [main] mapreduce.JobSubmitter (JobSubmitter.java:submitJobInternal(494)) - number of splits:1
2019-03-05 16:15:27,593 INFO  [main] mapreduce.JobSubmitter (JobSubmitter.java:printTokens(583)) - Submitting tokens for job: job_local819132854_0004
2019-03-05 16:15:27,727 INFO  [main] mapreduce.Job (Job.java:submit(1300)) - The url to track the job: http://localhost:8080/
2019-03-05 16:15:27,727 INFO  [main] mapreduce.Job (Job.java:monitorAndPrintJob(1345)) - Running job: job_local819132854_0004
2019-03-05 16:15:27,727 INFO  [Thread-81] mapred.LocalJobRunner (LocalJobRunner.java:createOutputCommitter(471)) - OutputCommitter set in config null
2019-03-05 16:15:27,728 INFO  [Thread-81] mapred.LocalJobRunner (LocalJobRunner.java:createOutputCommitter(489)) - OutputCommitter is org.apache.hadoop.mapreduce.lib.output.FileOutputCommitter
2019-03-05 16:15:27,749 INFO  [Thread-81] mapred.LocalJobRunner (LocalJobRunner.java:runTasks(448)) - Waiting for map tasks
2019-03-05 16:15:27,749 INFO  [LocalJobRunner Map Task Executor #0] mapred.LocalJobRunner (LocalJobRunner.java:run(224)) - Starting task: attempt_local819132854_0004_m_000000_0
2019-03-05 16:15:27,759 INFO  [LocalJobRunner Map Task Executor #0] mapred.Task (Task.java:initialize(587)) -  Using ResourceCalculatorProcessTree : [ ]
2019-03-05 16:15:27,765 INFO  [LocalJobRunner Map Task Executor #0] mapred.MapTask (MapTask.java:runNewMapper(753)) - Processing split: file:/home/aravikum/project3/intermediate/f2/part-r-00000:0+591
2019-03-05 16:15:27,897 INFO  [LocalJobRunner Map Task Executor #0] mapred.MapTask (MapTask.java:setEquator(1202)) - (EQUATOR) 0 kvi 26214396(104857584)
2019-03-05 16:15:27,897 INFO  [LocalJobRunner Map Task Executor #0] mapred.MapTask (MapTask.java:init(995)) - mapreduce.task.io.sort.mb: 100
2019-03-05 16:15:27,911 INFO  [LocalJobRunner Map Task Executor #0] mapred.MapTask (MapTask.java:init(996)) - soft limit at 83886080
2019-03-05 16:15:27,911 INFO  [LocalJobRunner Map Task Executor #0] mapred.MapTask (MapTask.java:init(997)) - bufstart = 0; bufvoid = 104857600
2019-03-05 16:15:27,911 INFO  [LocalJobRunner Map Task Executor #0] mapred.MapTask (MapTask.java:init(998)) - kvstart = 26214396; length = 6553600
2019-03-05 16:15:27,920 INFO  [LocalJobRunner Map Task Executor #0] mapred.MapTask (MapTask.java:createSortingCollector(402)) - Map output collector class = org.apache.hadoop.mapred.MapTask$MapOutputBuffer
2019-03-05 16:15:27,927 INFO  [LocalJobRunner Map Task Executor #0] mapred.LocalJobRunner (LocalJobRunner.java:statusUpdate(591)) - 
2019-03-05 16:15:27,930 INFO  [LocalJobRunner Map Task Executor #0] mapred.MapTask (MapTask.java:flush(1457)) - Starting flush of map output
2019-03-05 16:15:27,930 INFO  [LocalJobRunner Map Task Executor #0] mapred.MapTask (MapTask.java:flush(1475)) - Spilling map output
2019-03-05 16:15:27,930 INFO  [LocalJobRunner Map Task Executor #0] mapred.MapTask (MapTask.java:flush(1476)) - bufstart = 0; bufend = 984; bufvoid = 104857600
2019-03-05 16:15:27,930 INFO  [LocalJobRunner Map Task Executor #0] mapred.MapTask (MapTask.java:flush(1478)) - kvstart = 26214396(104857584); kvend = 26214288(104857152); length = 109/6553600
2019-03-05 16:15:27,931 INFO  [LocalJobRunner Map Task Executor #0] mapred.MapTask (MapTask.java:sortAndSpill(1660)) - Finished spill 0
2019-03-05 16:15:27,932 INFO  [LocalJobRunner Map Task Executor #0] mapred.Task (Task.java:done(1001)) - Task:attempt_local819132854_0004_m_000000_0 is done. And is in the process of committing
2019-03-05 16:15:27,936 INFO  [LocalJobRunner Map Task Executor #0] mapred.LocalJobRunner (LocalJobRunner.java:statusUpdate(591)) - map
2019-03-05 16:15:27,936 INFO  [LocalJobRunner Map Task Executor #0] mapred.Task (Task.java:sendDone(1121)) - Task 'attempt_local819132854_0004_m_000000_0' done.
2019-03-05 16:15:27,936 INFO  [LocalJobRunner Map Task Executor #0] mapred.LocalJobRunner (LocalJobRunner.java:run(249)) - Finishing task: attempt_local819132854_0004_m_000000_0
2019-03-05 16:15:27,936 INFO  [Thread-81] mapred.LocalJobRunner (LocalJobRunner.java:runTasks(456)) - map task executor complete.
2019-03-05 16:15:27,938 INFO  [Thread-81] mapred.LocalJobRunner (LocalJobRunner.java:runTasks(448)) - Waiting for reduce tasks
2019-03-05 16:15:27,944 INFO  [pool-12-thread-1] mapred.LocalJobRunner (LocalJobRunner.java:run(302)) - Starting task: attempt_local819132854_0004_r_000000_0
2019-03-05 16:15:27,949 INFO  [pool-12-thread-1] mapred.Task (Task.java:initialize(587)) -  Using ResourceCalculatorProcessTree : [ ]
2019-03-05 16:15:27,949 INFO  [pool-12-thread-1] mapred.ReduceTask (ReduceTask.java:run(362)) - Using ShuffleConsumerPlugin: org.apache.hadoop.mapreduce.task.reduce.Shuffle@35a23702
2019-03-05 16:15:27,953 INFO  [pool-12-thread-1] reduce.MergeManagerImpl (MergeManagerImpl.java:<init>(196)) - MergerManager: memoryLimit=703542080, maxSingleShuffleLimit=175885520, mergeThreshold=464337792, ioSortFactor=10, memToMemMergeOutputsThreshold=10
2019-03-05 16:15:27,955 INFO  [EventFetcher for fetching Map Completion Events] reduce.EventFetcher (EventFetcher.java:run(61)) - attempt_local819132854_0004_r_000000_0 Thread started: EventFetcher for fetching Map Completion Events
2019-03-05 16:15:27,956 INFO  [localfetcher#4] reduce.LocalFetcher (LocalFetcher.java:copyMapOutput(141)) - localfetcher#4 about to shuffle output of map attempt_local819132854_0004_m_000000_0 decomp: 1042 len: 1046 to MEMORY
2019-03-05 16:15:27,957 INFO  [localfetcher#4] reduce.InMemoryMapOutput (InMemoryMapOutput.java:shuffle(100)) - Read 1042 bytes from map-output for attempt_local819132854_0004_m_000000_0
2019-03-05 16:15:27,957 INFO  [localfetcher#4] reduce.MergeManagerImpl (MergeManagerImpl.java:closeInMemoryFile(314)) - closeInMemoryFile -> map-output of size: 1042, inMemoryMapOutputs.size() -> 1, commitMemory -> 0, usedMemory ->1042
2019-03-05 16:15:27,957 INFO  [EventFetcher for fetching Map Completion Events] reduce.EventFetcher (EventFetcher.java:run(76)) - EventFetcher is interrupted.. Returning
2019-03-05 16:15:27,958 INFO  [pool-12-thread-1] mapred.LocalJobRunner (LocalJobRunner.java:statusUpdate(591)) - 1 / 1 copied.
2019-03-05 16:15:27,958 INFO  [pool-12-thread-1] reduce.MergeManagerImpl (MergeManagerImpl.java:finalMerge(674)) - finalMerge called with 1 in-memory map-outputs and 0 on-disk map-outputs
2019-03-05 16:15:27,959 INFO  [pool-12-thread-1] mapred.Merger (Merger.java:merge(597)) - Merging 1 sorted segments
2019-03-05 16:15:27,959 INFO  [pool-12-thread-1] mapred.Merger (Merger.java:merge(696)) - Down to the last merge-pass, with 1 segments left of total size: 1032 bytes
2019-03-05 16:15:27,962 INFO  [pool-12-thread-1] reduce.MergeManagerImpl (MergeManagerImpl.java:finalMerge(751)) - Merged 1 segments, 1042 bytes to disk to satisfy reduce memory limit
2019-03-05 16:15:27,962 INFO  [pool-12-thread-1] reduce.MergeManagerImpl (MergeManagerImpl.java:finalMerge(781)) - Merging 1 files, 1046 bytes from disk
2019-03-05 16:15:27,963 INFO  [pool-12-thread-1] reduce.MergeManagerImpl (MergeManagerImpl.java:finalMerge(796)) - Merging 0 segments, 0 bytes from memory into reduce
2019-03-05 16:15:27,963 INFO  [pool-12-thread-1] mapred.Merger (Merger.java:merge(597)) - Merging 1 sorted segments
2019-03-05 16:15:27,963 INFO  [pool-12-thread-1] mapred.Merger (Merger.java:merge(696)) - Down to the last merge-pass, with 1 segments left of total size: 1032 bytes
2019-03-05 16:15:27,963 INFO  [pool-12-thread-1] mapred.LocalJobRunner (LocalJobRunner.java:statusUpdate(591)) - 1 / 1 copied.
2019-03-05 16:15:27,986 INFO  [pool-12-thread-1] mapred.Task (Task.java:done(1001)) - Task:attempt_local819132854_0004_r_000000_0 is done. And is in the process of committing
2019-03-05 16:15:27,987 INFO  [pool-12-thread-1] mapred.LocalJobRunner (LocalJobRunner.java:statusUpdate(591)) - 1 / 1 copied.
2019-03-05 16:15:27,987 INFO  [pool-12-thread-1] mapred.Task (Task.java:commit(1162)) - Task attempt_local819132854_0004_r_000000_0 is allowed to commit now
2019-03-05 16:15:27,989 INFO  [pool-12-thread-1] output.FileOutputCommitter (FileOutputCommitter.java:commitTask(439)) - Saved output of task 'attempt_local819132854_0004_r_000000_0' to file:/home/aravikum/project3/intermediate/f3/_temporary/0/task_local819132854_0004_r_000000
2019-03-05 16:15:27,990 INFO  [pool-12-thread-1] mapred.LocalJobRunner (LocalJobRunner.java:statusUpdate(591)) - reduce > reduce
2019-03-05 16:15:27,990 INFO  [pool-12-thread-1] mapred.Task (Task.java:sendDone(1121)) - Task 'attempt_local819132854_0004_r_000000_0' done.
2019-03-05 16:15:27,990 INFO  [pool-12-thread-1] mapred.LocalJobRunner (LocalJobRunner.java:run(325)) - Finishing task: attempt_local819132854_0004_r_000000_0
2019-03-05 16:15:27,990 INFO  [Thread-81] mapred.LocalJobRunner (LocalJobRunner.java:runTasks(456)) - reduce task executor complete.
2019-03-05 16:15:28,727 INFO  [main] mapreduce.Job (Job.java:monitorAndPrintJob(1366)) - Job job_local819132854_0004 running in uber mode : false
2019-03-05 16:15:28,728 INFO  [main] mapreduce.Job (Job.java:monitorAndPrintJob(1373)) -  map 100% reduce 100%
2019-03-05 16:15:28,728 INFO  [main] mapreduce.Job (Job.java:monitorAndPrintJob(1384)) - Job job_local819132854_0004 completed successfully
2019-03-05 16:15:28,729 INFO  [main] mapreduce.Job (Job.java:monitorAndPrintJob(1391)) - Counters: 33
	File System Counters
		FILE: Number of bytes read=83976
		FILE: Number of bytes written=2128309
		FILE: Number of read operations=0
		FILE: Number of large read operations=0
		FILE: Number of write operations=0
	Map-Reduce Framework
		Map input records=10
		Map output records=28
		Map output bytes=984
		Map output materialized bytes=1046
		Input split bytes=122
		Combine input records=0
		Combine output records=0
		Reduce input groups=10
		Reduce shuffle bytes=1046
		Reduce input records=28
		Reduce output records=10
		Spilled Records=56
		Shuffled Maps =1
		Failed Shuffles=0
		Merged Map outputs=1
		GC time elapsed (ms)=110
		CPU time spent (ms)=0
		Physical memory (bytes) snapshot=0
		Virtual memory (bytes) snapshot=0
		Total committed heap usage (bytes)=2010120192
	Shuffle Errors
		BAD_ID=0
		CONNECTION=0
		IO_ERROR=0
		WRONG_LENGTH=0
		WRONG_MAP=0
		WRONG_REDUCE=0
	File Input Format Counters 
		Bytes Read=607
	File Output Format Counters 
		Bytes Written=607
2019-03-05 16:15:28,751 INFO  [main] jvm.JvmMetrics (JvmMetrics.java:init(71)) - Cannot initialize JVM Metrics with processName=JobTracker, sessionId= - already initialized
2019-03-05 16:15:28,759 WARN  [main] mapreduce.JobSubmitter (JobSubmitter.java:copyAndConfigureFiles(153)) - Hadoop command-line option parsing not performed. Implement the Tool interface and execute your application with ToolRunner to remedy this.
2019-03-05 16:15:28,783 INFO  [main] input.FileInputFormat (FileInputFormat.java:listStatus(281)) - Total input paths to process : 1
2019-03-05 16:15:28,798 INFO  [main] mapreduce.JobSubmitter (JobSubmitter.java:submitJobInternal(494)) - number of splits:1
2019-03-05 16:15:28,839 INFO  [main] mapreduce.JobSubmitter (JobSubmitter.java:printTokens(583)) - Submitting tokens for job: job_local1516570337_0005
2019-03-05 16:15:28,956 INFO  [main] mapreduce.Job (Job.java:submit(1300)) - The url to track the job: http://localhost:8080/
2019-03-05 16:15:28,956 INFO  [main] mapreduce.Job (Job.java:monitorAndPrintJob(1345)) - Running job: job_local1516570337_0005
2019-03-05 16:15:28,956 INFO  [Thread-103] mapred.LocalJobRunner (LocalJobRunner.java:createOutputCommitter(471)) - OutputCommitter set in config null
2019-03-05 16:15:28,957 INFO  [Thread-103] mapred.LocalJobRunner (LocalJobRunner.java:createOutputCommitter(489)) - OutputCommitter is org.apache.hadoop.mapreduce.lib.output.FileOutputCommitter
2019-03-05 16:15:28,964 INFO  [Thread-103] mapred.LocalJobRunner (LocalJobRunner.java:runTasks(448)) - Waiting for map tasks
2019-03-05 16:15:28,965 INFO  [LocalJobRunner Map Task Executor #0] mapred.LocalJobRunner (LocalJobRunner.java:run(224)) - Starting task: attempt_local1516570337_0005_m_000000_0
2019-03-05 16:15:28,967 INFO  [LocalJobRunner Map Task Executor #0] mapred.Task (Task.java:initialize(587)) -  Using ResourceCalculatorProcessTree : [ ]
2019-03-05 16:15:28,968 INFO  [LocalJobRunner Map Task Executor #0] mapred.MapTask (MapTask.java:runNewMapper(753)) - Processing split: file:/home/aravikum/project3/intermediate/f3/part-r-00000:0+591
2019-03-05 16:15:29,090 INFO  [LocalJobRunner Map Task Executor #0] mapred.MapTask (MapTask.java:setEquator(1202)) - (EQUATOR) 0 kvi 26214396(104857584)
2019-03-05 16:15:29,090 INFO  [LocalJobRunner Map Task Executor #0] mapred.MapTask (MapTask.java:init(995)) - mapreduce.task.io.sort.mb: 100
2019-03-05 16:15:29,090 INFO  [LocalJobRunner Map Task Executor #0] mapred.MapTask (MapTask.java:init(996)) - soft limit at 83886080
2019-03-05 16:15:29,090 INFO  [LocalJobRunner Map Task Executor #0] mapred.MapTask (MapTask.java:init(997)) - bufstart = 0; bufvoid = 104857600
2019-03-05 16:15:29,090 INFO  [LocalJobRunner Map Task Executor #0] mapred.MapTask (MapTask.java:init(998)) - kvstart = 26214396; length = 6553600
2019-03-05 16:15:29,091 INFO  [LocalJobRunner Map Task Executor #0] mapred.MapTask (MapTask.java:createSortingCollector(402)) - Map output collector class = org.apache.hadoop.mapred.MapTask$MapOutputBuffer
2019-03-05 16:15:29,101 INFO  [LocalJobRunner Map Task Executor #0] mapred.LocalJobRunner (LocalJobRunner.java:statusUpdate(591)) - 
2019-03-05 16:15:29,101 INFO  [LocalJobRunner Map Task Executor #0] mapred.MapTask (MapTask.java:flush(1457)) - Starting flush of map output
2019-03-05 16:15:29,101 INFO  [LocalJobRunner Map Task Executor #0] mapred.MapTask (MapTask.java:flush(1475)) - Spilling map output
2019-03-05 16:15:29,101 INFO  [LocalJobRunner Map Task Executor #0] mapred.MapTask (MapTask.java:flush(1476)) - bufstart = 0; bufend = 984; bufvoid = 104857600
2019-03-05 16:15:29,101 INFO  [LocalJobRunner Map Task Executor #0] mapred.MapTask (MapTask.java:flush(1478)) - kvstart = 26214396(104857584); kvend = 26214288(104857152); length = 109/6553600
2019-03-05 16:15:29,102 INFO  [LocalJobRunner Map Task Executor #0] mapred.MapTask (MapTask.java:sortAndSpill(1660)) - Finished spill 0
2019-03-05 16:15:29,104 INFO  [LocalJobRunner Map Task Executor #0] mapred.Task (Task.java:done(1001)) - Task:attempt_local1516570337_0005_m_000000_0 is done. And is in the process of committing
2019-03-05 16:15:29,108 INFO  [LocalJobRunner Map Task Executor #0] mapred.LocalJobRunner (LocalJobRunner.java:statusUpdate(591)) - map
2019-03-05 16:15:29,108 INFO  [LocalJobRunner Map Task Executor #0] mapred.Task (Task.java:sendDone(1121)) - Task 'attempt_local1516570337_0005_m_000000_0' done.
2019-03-05 16:15:29,109 INFO  [LocalJobRunner Map Task Executor #0] mapred.LocalJobRunner (LocalJobRunner.java:run(249)) - Finishing task: attempt_local1516570337_0005_m_000000_0
2019-03-05 16:15:29,109 INFO  [Thread-103] mapred.LocalJobRunner (LocalJobRunner.java:runTasks(456)) - map task executor complete.
2019-03-05 16:15:29,110 INFO  [Thread-103] mapred.LocalJobRunner (LocalJobRunner.java:runTasks(448)) - Waiting for reduce tasks
2019-03-05 16:15:29,117 INFO  [pool-15-thread-1] mapred.LocalJobRunner (LocalJobRunner.java:run(302)) - Starting task: attempt_local1516570337_0005_r_000000_0
2019-03-05 16:15:29,120 INFO  [pool-15-thread-1] mapred.Task (Task.java:initialize(587)) -  Using ResourceCalculatorProcessTree : [ ]
2019-03-05 16:15:29,120 INFO  [pool-15-thread-1] mapred.ReduceTask (ReduceTask.java:run(362)) - Using ShuffleConsumerPlugin: org.apache.hadoop.mapreduce.task.reduce.Shuffle@96e0b7a
2019-03-05 16:15:29,120 INFO  [pool-15-thread-1] reduce.MergeManagerImpl (MergeManagerImpl.java:<init>(196)) - MergerManager: memoryLimit=677117952, maxSingleShuffleLimit=169279488, mergeThreshold=446897856, ioSortFactor=10, memToMemMergeOutputsThreshold=10
2019-03-05 16:15:29,121 INFO  [EventFetcher for fetching Map Completion Events] reduce.EventFetcher (EventFetcher.java:run(61)) - attempt_local1516570337_0005_r_000000_0 Thread started: EventFetcher for fetching Map Completion Events
2019-03-05 16:15:29,122 INFO  [localfetcher#5] reduce.LocalFetcher (LocalFetcher.java:copyMapOutput(141)) - localfetcher#5 about to shuffle output of map attempt_local1516570337_0005_m_000000_0 decomp: 1042 len: 1046 to MEMORY
2019-03-05 16:15:29,123 INFO  [localfetcher#5] reduce.InMemoryMapOutput (InMemoryMapOutput.java:shuffle(100)) - Read 1042 bytes from map-output for attempt_local1516570337_0005_m_000000_0
2019-03-05 16:15:29,124 INFO  [localfetcher#5] reduce.MergeManagerImpl (MergeManagerImpl.java:closeInMemoryFile(314)) - closeInMemoryFile -> map-output of size: 1042, inMemoryMapOutputs.size() -> 1, commitMemory -> 0, usedMemory ->1042
2019-03-05 16:15:29,124 INFO  [EventFetcher for fetching Map Completion Events] reduce.EventFetcher (EventFetcher.java:run(76)) - EventFetcher is interrupted.. Returning
2019-03-05 16:15:29,124 INFO  [pool-15-thread-1] mapred.LocalJobRunner (LocalJobRunner.java:statusUpdate(591)) - 1 / 1 copied.
2019-03-05 16:15:29,124 INFO  [pool-15-thread-1] reduce.MergeManagerImpl (MergeManagerImpl.java:finalMerge(674)) - finalMerge called with 1 in-memory map-outputs and 0 on-disk map-outputs
2019-03-05 16:15:29,125 INFO  [pool-15-thread-1] mapred.Merger (Merger.java:merge(597)) - Merging 1 sorted segments
2019-03-05 16:15:29,125 INFO  [pool-15-thread-1] mapred.Merger (Merger.java:merge(696)) - Down to the last merge-pass, with 1 segments left of total size: 1032 bytes
2019-03-05 16:15:29,128 INFO  [pool-15-thread-1] reduce.MergeManagerImpl (MergeManagerImpl.java:finalMerge(751)) - Merged 1 segments, 1042 bytes to disk to satisfy reduce memory limit
2019-03-05 16:15:29,128 INFO  [pool-15-thread-1] reduce.MergeManagerImpl (MergeManagerImpl.java:finalMerge(781)) - Merging 1 files, 1046 bytes from disk
2019-03-05 16:15:29,128 INFO  [pool-15-thread-1] reduce.MergeManagerImpl (MergeManagerImpl.java:finalMerge(796)) - Merging 0 segments, 0 bytes from memory into reduce
2019-03-05 16:15:29,128 INFO  [pool-15-thread-1] mapred.Merger (Merger.java:merge(597)) - Merging 1 sorted segments
2019-03-05 16:15:29,128 INFO  [pool-15-thread-1] mapred.Merger (Merger.java:merge(696)) - Down to the last merge-pass, with 1 segments left of total size: 1032 bytes
2019-03-05 16:15:29,128 INFO  [pool-15-thread-1] mapred.LocalJobRunner (LocalJobRunner.java:statusUpdate(591)) - 1 / 1 copied.
2019-03-05 16:15:29,145 INFO  [pool-15-thread-1] mapred.Task (Task.java:done(1001)) - Task:attempt_local1516570337_0005_r_000000_0 is done. And is in the process of committing
2019-03-05 16:15:29,145 INFO  [pool-15-thread-1] mapred.LocalJobRunner (LocalJobRunner.java:statusUpdate(591)) - 1 / 1 copied.
2019-03-05 16:15:29,145 INFO  [pool-15-thread-1] mapred.Task (Task.java:commit(1162)) - Task attempt_local1516570337_0005_r_000000_0 is allowed to commit now
2019-03-05 16:15:29,147 INFO  [pool-15-thread-1] output.FileOutputCommitter (FileOutputCommitter.java:commitTask(439)) - Saved output of task 'attempt_local1516570337_0005_r_000000_0' to file:/home/aravikum/project3/intermediate/f4/_temporary/0/task_local1516570337_0005_r_000000
2019-03-05 16:15:29,148 INFO  [pool-15-thread-1] mapred.LocalJobRunner (LocalJobRunner.java:statusUpdate(591)) - reduce > reduce
2019-03-05 16:15:29,148 INFO  [pool-15-thread-1] mapred.Task (Task.java:sendDone(1121)) - Task 'attempt_local1516570337_0005_r_000000_0' done.
2019-03-05 16:15:29,148 INFO  [pool-15-thread-1] mapred.LocalJobRunner (LocalJobRunner.java:run(325)) - Finishing task: attempt_local1516570337_0005_r_000000_0
2019-03-05 16:15:29,148 INFO  [Thread-103] mapred.LocalJobRunner (LocalJobRunner.java:runTasks(456)) - reduce task executor complete.
2019-03-05 16:15:29,956 INFO  [main] mapreduce.Job (Job.java:monitorAndPrintJob(1366)) - Job job_local1516570337_0005 running in uber mode : false
2019-03-05 16:15:29,957 INFO  [main] mapreduce.Job (Job.java:monitorAndPrintJob(1373)) -  map 100% reduce 100%
2019-03-05 16:15:29,957 INFO  [main] mapreduce.Job (Job.java:monitorAndPrintJob(1384)) - Job job_local1516570337_0005 completed successfully
2019-03-05 16:15:29,960 INFO  [main] mapreduce.Job (Job.java:monitorAndPrintJob(1391)) - Counters: 33
	File System Counters
		FILE: Number of bytes read=106360
		FILE: Number of bytes written=2662757
		FILE: Number of read operations=0
		FILE: Number of large read operations=0
		FILE: Number of write operations=0
	Map-Reduce Framework
		Map input records=10
		Map output records=28
		Map output bytes=984
		Map output materialized bytes=1046
		Input split bytes=122
		Combine input records=0
		Combine output records=0
		Reduce input groups=10
		Reduce shuffle bytes=1046
		Reduce input records=28
		Reduce output records=10
		Spilled Records=56
		Shuffled Maps =1
		Failed Shuffles=0
		Merged Map outputs=1
		GC time elapsed (ms)=99
		CPU time spent (ms)=0
		Physical memory (bytes) snapshot=0
		Virtual memory (bytes) snapshot=0
		Total committed heap usage (bytes)=1934622720
	Shuffle Errors
		BAD_ID=0
		CONNECTION=0
		IO_ERROR=0
		WRONG_LENGTH=0
		WRONG_MAP=0
		WRONG_REDUCE=0
	File Input Format Counters 
		Bytes Read=607
	File Output Format Counters 
		Bytes Written=607
2019-03-05 16:15:29,978 INFO  [main] jvm.JvmMetrics (JvmMetrics.java:init(71)) - Cannot initialize JVM Metrics with processName=JobTracker, sessionId= - already initialized
2019-03-05 16:15:29,985 WARN  [main] mapreduce.JobSubmitter (JobSubmitter.java:copyAndConfigureFiles(153)) - Hadoop command-line option parsing not performed. Implement the Tool interface and execute your application with ToolRunner to remedy this.
2019-03-05 16:15:30,009 INFO  [main] input.FileInputFormat (FileInputFormat.java:listStatus(281)) - Total input paths to process : 1
2019-03-05 16:15:30,019 INFO  [main] mapreduce.JobSubmitter (JobSubmitter.java:submitJobInternal(494)) - number of splits:1
2019-03-05 16:15:30,028 INFO  [main] mapreduce.JobSubmitter (JobSubmitter.java:printTokens(583)) - Submitting tokens for job: job_local1013846953_0006
2019-03-05 16:15:30,140 INFO  [main] mapreduce.Job (Job.java:submit(1300)) - The url to track the job: http://localhost:8080/
2019-03-05 16:15:30,140 INFO  [main] mapreduce.Job (Job.java:monitorAndPrintJob(1345)) - Running job: job_local1013846953_0006
2019-03-05 16:15:30,140 INFO  [Thread-125] mapred.LocalJobRunner (LocalJobRunner.java:createOutputCommitter(471)) - OutputCommitter set in config null
2019-03-05 16:15:30,141 INFO  [Thread-125] mapred.LocalJobRunner (LocalJobRunner.java:createOutputCommitter(489)) - OutputCommitter is org.apache.hadoop.mapreduce.lib.output.FileOutputCommitter
2019-03-05 16:15:30,158 INFO  [Thread-125] mapred.LocalJobRunner (LocalJobRunner.java:runTasks(448)) - Waiting for map tasks
2019-03-05 16:15:30,159 INFO  [LocalJobRunner Map Task Executor #0] mapred.LocalJobRunner (LocalJobRunner.java:run(224)) - Starting task: attempt_local1013846953_0006_m_000000_0
2019-03-05 16:15:30,165 INFO  [LocalJobRunner Map Task Executor #0] mapred.Task (Task.java:initialize(587)) -  Using ResourceCalculatorProcessTree : [ ]
2019-03-05 16:15:30,166 INFO  [LocalJobRunner Map Task Executor #0] mapred.MapTask (MapTask.java:runNewMapper(753)) - Processing split: file:/home/aravikum/project3/intermediate/f4/part-r-00000:0+591
2019-03-05 16:15:30,318 INFO  [LocalJobRunner Map Task Executor #0] mapred.MapTask (MapTask.java:setEquator(1202)) - (EQUATOR) 0 kvi 26214396(104857584)
2019-03-05 16:15:30,318 INFO  [LocalJobRunner Map Task Executor #0] mapred.MapTask (MapTask.java:init(995)) - mapreduce.task.io.sort.mb: 100
2019-03-05 16:15:30,318 INFO  [LocalJobRunner Map Task Executor #0] mapred.MapTask (MapTask.java:init(996)) - soft limit at 83886080
2019-03-05 16:15:30,318 INFO  [LocalJobRunner Map Task Executor #0] mapred.MapTask (MapTask.java:init(997)) - bufstart = 0; bufvoid = 104857600
2019-03-05 16:15:30,318 INFO  [LocalJobRunner Map Task Executor #0] mapred.MapTask (MapTask.java:init(998)) - kvstart = 26214396; length = 6553600
2019-03-05 16:15:30,319 INFO  [LocalJobRunner Map Task Executor #0] mapred.MapTask (MapTask.java:createSortingCollector(402)) - Map output collector class = org.apache.hadoop.mapred.MapTask$MapOutputBuffer
2019-03-05 16:15:30,324 INFO  [LocalJobRunner Map Task Executor #0] mapred.LocalJobRunner (LocalJobRunner.java:statusUpdate(591)) - 
2019-03-05 16:15:30,325 INFO  [LocalJobRunner Map Task Executor #0] mapred.MapTask (MapTask.java:flush(1457)) - Starting flush of map output
2019-03-05 16:15:30,325 INFO  [LocalJobRunner Map Task Executor #0] mapred.MapTask (MapTask.java:flush(1475)) - Spilling map output
2019-03-05 16:15:30,343 INFO  [LocalJobRunner Map Task Executor #0] mapred.MapTask (MapTask.java:flush(1476)) - bufstart = 0; bufend = 984; bufvoid = 104857600
2019-03-05 16:15:30,343 INFO  [LocalJobRunner Map Task Executor #0] mapred.MapTask (MapTask.java:flush(1478)) - kvstart = 26214396(104857584); kvend = 26214288(104857152); length = 109/6553600
2019-03-05 16:15:30,348 INFO  [LocalJobRunner Map Task Executor #0] mapred.MapTask (MapTask.java:sortAndSpill(1660)) - Finished spill 0
2019-03-05 16:15:30,352 INFO  [LocalJobRunner Map Task Executor #0] mapred.Task (Task.java:done(1001)) - Task:attempt_local1013846953_0006_m_000000_0 is done. And is in the process of committing
2019-03-05 16:15:30,357 INFO  [LocalJobRunner Map Task Executor #0] mapred.LocalJobRunner (LocalJobRunner.java:statusUpdate(591)) - map
2019-03-05 16:15:30,357 INFO  [LocalJobRunner Map Task Executor #0] mapred.Task (Task.java:sendDone(1121)) - Task 'attempt_local1013846953_0006_m_000000_0' done.
2019-03-05 16:15:30,357 INFO  [LocalJobRunner Map Task Executor #0] mapred.LocalJobRunner (LocalJobRunner.java:run(249)) - Finishing task: attempt_local1013846953_0006_m_000000_0
2019-03-05 16:15:30,357 INFO  [Thread-125] mapred.LocalJobRunner (LocalJobRunner.java:runTasks(456)) - map task executor complete.
2019-03-05 16:15:30,357 INFO  [Thread-125] mapred.LocalJobRunner (LocalJobRunner.java:runTasks(448)) - Waiting for reduce tasks
2019-03-05 16:15:30,364 INFO  [pool-18-thread-1] mapred.LocalJobRunner (LocalJobRunner.java:run(302)) - Starting task: attempt_local1013846953_0006_r_000000_0
2019-03-05 16:15:30,366 INFO  [pool-18-thread-1] mapred.Task (Task.java:initialize(587)) -  Using ResourceCalculatorProcessTree : [ ]
2019-03-05 16:15:30,366 INFO  [pool-18-thread-1] mapred.ReduceTask (ReduceTask.java:run(362)) - Using ShuffleConsumerPlugin: org.apache.hadoop.mapreduce.task.reduce.Shuffle@2eb19c27
2019-03-05 16:15:30,368 INFO  [pool-18-thread-1] reduce.MergeManagerImpl (MergeManagerImpl.java:<init>(196)) - MergerManager: memoryLimit=695468032, maxSingleShuffleLimit=173867008, mergeThreshold=459008928, ioSortFactor=10, memToMemMergeOutputsThreshold=10
2019-03-05 16:15:30,369 INFO  [EventFetcher for fetching Map Completion Events] reduce.EventFetcher (EventFetcher.java:run(61)) - attempt_local1013846953_0006_r_000000_0 Thread started: EventFetcher for fetching Map Completion Events
2019-03-05 16:15:30,372 INFO  [localfetcher#6] reduce.LocalFetcher (LocalFetcher.java:copyMapOutput(141)) - localfetcher#6 about to shuffle output of map attempt_local1013846953_0006_m_000000_0 decomp: 1042 len: 1046 to MEMORY
2019-03-05 16:15:30,372 INFO  [localfetcher#6] reduce.InMemoryMapOutput (InMemoryMapOutput.java:shuffle(100)) - Read 1042 bytes from map-output for attempt_local1013846953_0006_m_000000_0
2019-03-05 16:15:30,372 INFO  [localfetcher#6] reduce.MergeManagerImpl (MergeManagerImpl.java:closeInMemoryFile(314)) - closeInMemoryFile -> map-output of size: 1042, inMemoryMapOutputs.size() -> 1, commitMemory -> 0, usedMemory ->1042
2019-03-05 16:15:30,373 INFO  [EventFetcher for fetching Map Completion Events] reduce.EventFetcher (EventFetcher.java:run(76)) - EventFetcher is interrupted.. Returning
2019-03-05 16:15:30,373 INFO  [pool-18-thread-1] mapred.LocalJobRunner (LocalJobRunner.java:statusUpdate(591)) - 1 / 1 copied.
2019-03-05 16:15:30,373 INFO  [pool-18-thread-1] reduce.MergeManagerImpl (MergeManagerImpl.java:finalMerge(674)) - finalMerge called with 1 in-memory map-outputs and 0 on-disk map-outputs
2019-03-05 16:15:30,374 INFO  [pool-18-thread-1] mapred.Merger (Merger.java:merge(597)) - Merging 1 sorted segments
2019-03-05 16:15:30,374 INFO  [pool-18-thread-1] mapred.Merger (Merger.java:merge(696)) - Down to the last merge-pass, with 1 segments left of total size: 1032 bytes
2019-03-05 16:15:30,378 INFO  [pool-18-thread-1] reduce.MergeManagerImpl (MergeManagerImpl.java:finalMerge(751)) - Merged 1 segments, 1042 bytes to disk to satisfy reduce memory limit
2019-03-05 16:15:30,379 INFO  [pool-18-thread-1] reduce.MergeManagerImpl (MergeManagerImpl.java:finalMerge(781)) - Merging 1 files, 1046 bytes from disk
2019-03-05 16:15:30,379 INFO  [pool-18-thread-1] reduce.MergeManagerImpl (MergeManagerImpl.java:finalMerge(796)) - Merging 0 segments, 0 bytes from memory into reduce
2019-03-05 16:15:30,379 INFO  [pool-18-thread-1] mapred.Merger (Merger.java:merge(597)) - Merging 1 sorted segments
2019-03-05 16:15:30,379 INFO  [pool-18-thread-1] mapred.Merger (Merger.java:merge(696)) - Down to the last merge-pass, with 1 segments left of total size: 1032 bytes
2019-03-05 16:15:30,379 INFO  [pool-18-thread-1] mapred.LocalJobRunner (LocalJobRunner.java:statusUpdate(591)) - 1 / 1 copied.
2019-03-05 16:15:30,392 INFO  [pool-18-thread-1] mapred.Task (Task.java:done(1001)) - Task:attempt_local1013846953_0006_r_000000_0 is done. And is in the process of committing
2019-03-05 16:15:30,393 INFO  [pool-18-thread-1] mapred.LocalJobRunner (LocalJobRunner.java:statusUpdate(591)) - 1 / 1 copied.
2019-03-05 16:15:30,393 INFO  [pool-18-thread-1] mapred.Task (Task.java:commit(1162)) - Task attempt_local1013846953_0006_r_000000_0 is allowed to commit now
2019-03-05 16:15:30,402 INFO  [pool-18-thread-1] output.FileOutputCommitter (FileOutputCommitter.java:commitTask(439)) - Saved output of task 'attempt_local1013846953_0006_r_000000_0' to file:/home/aravikum/project3/intermediate/f5/_temporary/0/task_local1013846953_0006_r_000000
2019-03-05 16:15:30,403 INFO  [pool-18-thread-1] mapred.LocalJobRunner (LocalJobRunner.java:statusUpdate(591)) - reduce > reduce
2019-03-05 16:15:30,403 INFO  [pool-18-thread-1] mapred.Task (Task.java:sendDone(1121)) - Task 'attempt_local1013846953_0006_r_000000_0' done.
2019-03-05 16:15:30,403 INFO  [pool-18-thread-1] mapred.LocalJobRunner (LocalJobRunner.java:run(325)) - Finishing task: attempt_local1013846953_0006_r_000000_0
2019-03-05 16:15:30,403 INFO  [Thread-125] mapred.LocalJobRunner (LocalJobRunner.java:runTasks(456)) - reduce task executor complete.
2019-03-05 16:15:31,140 INFO  [main] mapreduce.Job (Job.java:monitorAndPrintJob(1366)) - Job job_local1013846953_0006 running in uber mode : false
2019-03-05 16:15:31,141 INFO  [main] mapreduce.Job (Job.java:monitorAndPrintJob(1373)) -  map 100% reduce 100%
2019-03-05 16:15:31,141 INFO  [main] mapreduce.Job (Job.java:monitorAndPrintJob(1384)) - Job job_local1013846953_0006 completed successfully
2019-03-05 16:15:31,146 INFO  [main] mapreduce.Job (Job.java:monitorAndPrintJob(1391)) - Counters: 33
	File System Counters
		FILE: Number of bytes read=128744
		FILE: Number of bytes written=3197205
		FILE: Number of read operations=0
		FILE: Number of large read operations=0
		FILE: Number of write operations=0
	Map-Reduce Framework
		Map input records=10
		Map output records=28
		Map output bytes=984
		Map output materialized bytes=1046
		Input split bytes=122
		Combine input records=0
		Combine output records=0
		Reduce input groups=10
		Reduce shuffle bytes=1046
		Reduce input records=28
		Reduce output records=10
		Spilled Records=56
		Shuffled Maps =1
		Failed Shuffles=0
		Merged Map outputs=1
		GC time elapsed (ms)=131
		CPU time spent (ms)=0
		Physical memory (bytes) snapshot=0
		Virtual memory (bytes) snapshot=0
		Total committed heap usage (bytes)=1987051520
	Shuffle Errors
		BAD_ID=0
		CONNECTION=0
		IO_ERROR=0
		WRONG_LENGTH=0
		WRONG_MAP=0
		WRONG_REDUCE=0
	File Input Format Counters 
		Bytes Read=607
	File Output Format Counters 
		Bytes Written=607
2019-03-05 16:15:31,163 INFO  [main] jvm.JvmMetrics (JvmMetrics.java:init(71)) - Cannot initialize JVM Metrics with processName=JobTracker, sessionId= - already initialized
2019-03-05 16:15:31,170 WARN  [main] mapreduce.JobSubmitter (JobSubmitter.java:copyAndConfigureFiles(153)) - Hadoop command-line option parsing not performed. Implement the Tool interface and execute your application with ToolRunner to remedy this.
2019-03-05 16:15:31,187 INFO  [main] input.FileInputFormat (FileInputFormat.java:listStatus(281)) - Total input paths to process : 1
2019-03-05 16:15:31,198 INFO  [main] mapreduce.JobSubmitter (JobSubmitter.java:submitJobInternal(494)) - number of splits:1
2019-03-05 16:15:31,207 INFO  [main] mapreduce.JobSubmitter (JobSubmitter.java:printTokens(583)) - Submitting tokens for job: job_local532343057_0007
2019-03-05 16:15:31,283 INFO  [main] mapreduce.Job (Job.java:submit(1300)) - The url to track the job: http://localhost:8080/
2019-03-05 16:15:31,283 INFO  [main] mapreduce.Job (Job.java:monitorAndPrintJob(1345)) - Running job: job_local532343057_0007
2019-03-05 16:15:31,284 INFO  [Thread-147] mapred.LocalJobRunner (LocalJobRunner.java:createOutputCommitter(471)) - OutputCommitter set in config null
2019-03-05 16:15:31,284 INFO  [Thread-147] mapred.LocalJobRunner (LocalJobRunner.java:createOutputCommitter(489)) - OutputCommitter is org.apache.hadoop.mapreduce.lib.output.FileOutputCommitter
2019-03-05 16:15:31,299 INFO  [Thread-147] mapred.LocalJobRunner (LocalJobRunner.java:runTasks(448)) - Waiting for map tasks
2019-03-05 16:15:31,299 INFO  [LocalJobRunner Map Task Executor #0] mapred.LocalJobRunner (LocalJobRunner.java:run(224)) - Starting task: attempt_local532343057_0007_m_000000_0
2019-03-05 16:15:31,301 INFO  [LocalJobRunner Map Task Executor #0] mapred.Task (Task.java:initialize(587)) -  Using ResourceCalculatorProcessTree : [ ]
2019-03-05 16:15:31,301 INFO  [LocalJobRunner Map Task Executor #0] mapred.MapTask (MapTask.java:runNewMapper(753)) - Processing split: file:/home/aravikum/project3/intermediate/f5/part-r-00000:0+591
2019-03-05 16:15:31,329 INFO  [LocalJobRunner Map Task Executor #0] mapred.MapTask (MapTask.java:setEquator(1202)) - (EQUATOR) 0 kvi 26214396(104857584)
2019-03-05 16:15:31,329 INFO  [LocalJobRunner Map Task Executor #0] mapred.MapTask (MapTask.java:init(995)) - mapreduce.task.io.sort.mb: 100
2019-03-05 16:15:31,330 INFO  [LocalJobRunner Map Task Executor #0] mapred.MapTask (MapTask.java:init(996)) - soft limit at 83886080
2019-03-05 16:15:31,330 INFO  [LocalJobRunner Map Task Executor #0] mapred.MapTask (MapTask.java:init(997)) - bufstart = 0; bufvoid = 104857600
2019-03-05 16:15:31,330 INFO  [LocalJobRunner Map Task Executor #0] mapred.MapTask (MapTask.java:init(998)) - kvstart = 26214396; length = 6553600
2019-03-05 16:15:31,331 INFO  [LocalJobRunner Map Task Executor #0] mapred.MapTask (MapTask.java:createSortingCollector(402)) - Map output collector class = org.apache.hadoop.mapred.MapTask$MapOutputBuffer
2019-03-05 16:15:31,336 INFO  [LocalJobRunner Map Task Executor #0] mapred.LocalJobRunner (LocalJobRunner.java:statusUpdate(591)) - 
2019-03-05 16:15:31,337 INFO  [LocalJobRunner Map Task Executor #0] mapred.MapTask (MapTask.java:flush(1457)) - Starting flush of map output
2019-03-05 16:15:31,337 INFO  [LocalJobRunner Map Task Executor #0] mapred.MapTask (MapTask.java:flush(1475)) - Spilling map output
2019-03-05 16:15:31,337 INFO  [LocalJobRunner Map Task Executor #0] mapred.MapTask (MapTask.java:flush(1476)) - bufstart = 0; bufend = 120; bufvoid = 104857600
2019-03-05 16:15:31,337 INFO  [LocalJobRunner Map Task Executor #0] mapred.MapTask (MapTask.java:flush(1478)) - kvstart = 26214396(104857584); kvend = 26214360(104857440); length = 37/6553600
2019-03-05 16:15:31,338 INFO  [LocalJobRunner Map Task Executor #0] mapred.MapTask (MapTask.java:sortAndSpill(1660)) - Finished spill 0
2019-03-05 16:15:31,340 INFO  [LocalJobRunner Map Task Executor #0] mapred.Task (Task.java:done(1001)) - Task:attempt_local532343057_0007_m_000000_0 is done. And is in the process of committing
2019-03-05 16:15:31,341 INFO  [LocalJobRunner Map Task Executor #0] mapred.LocalJobRunner (LocalJobRunner.java:statusUpdate(591)) - map
2019-03-05 16:15:31,341 INFO  [LocalJobRunner Map Task Executor #0] mapred.Task (Task.java:sendDone(1121)) - Task 'attempt_local532343057_0007_m_000000_0' done.
2019-03-05 16:15:31,341 INFO  [LocalJobRunner Map Task Executor #0] mapred.LocalJobRunner (LocalJobRunner.java:run(249)) - Finishing task: attempt_local532343057_0007_m_000000_0
2019-03-05 16:15:31,342 INFO  [Thread-147] mapred.LocalJobRunner (LocalJobRunner.java:runTasks(456)) - map task executor complete.
2019-03-05 16:15:31,342 INFO  [Thread-147] mapred.LocalJobRunner (LocalJobRunner.java:runTasks(448)) - Waiting for reduce tasks
2019-03-05 16:15:31,348 INFO  [pool-21-thread-1] mapred.LocalJobRunner (LocalJobRunner.java:run(302)) - Starting task: attempt_local532343057_0007_r_000000_0
2019-03-05 16:15:31,349 INFO  [pool-21-thread-1] mapred.Task (Task.java:initialize(587)) -  Using ResourceCalculatorProcessTree : [ ]
2019-03-05 16:15:31,349 INFO  [pool-21-thread-1] mapred.ReduceTask (ReduceTask.java:run(362)) - Using ShuffleConsumerPlugin: org.apache.hadoop.mapreduce.task.reduce.Shuffle@58e1a4ab
2019-03-05 16:15:31,350 INFO  [pool-21-thread-1] reduce.MergeManagerImpl (MergeManagerImpl.java:<init>(196)) - MergerManager: memoryLimit=695468032, maxSingleShuffleLimit=173867008, mergeThreshold=459008928, ioSortFactor=10, memToMemMergeOutputsThreshold=10
2019-03-05 16:15:31,350 INFO  [EventFetcher for fetching Map Completion Events] reduce.EventFetcher (EventFetcher.java:run(61)) - attempt_local532343057_0007_r_000000_0 Thread started: EventFetcher for fetching Map Completion Events
2019-03-05 16:15:31,352 INFO  [localfetcher#7] reduce.LocalFetcher (LocalFetcher.java:copyMapOutput(141)) - localfetcher#7 about to shuffle output of map attempt_local532343057_0007_m_000000_0 decomp: 142 len: 146 to MEMORY
2019-03-05 16:15:31,352 INFO  [localfetcher#7] reduce.InMemoryMapOutput (InMemoryMapOutput.java:shuffle(100)) - Read 142 bytes from map-output for attempt_local532343057_0007_m_000000_0
2019-03-05 16:15:31,352 INFO  [localfetcher#7] reduce.MergeManagerImpl (MergeManagerImpl.java:closeInMemoryFile(314)) - closeInMemoryFile -> map-output of size: 142, inMemoryMapOutputs.size() -> 1, commitMemory -> 0, usedMemory ->142
2019-03-05 16:15:31,353 INFO  [EventFetcher for fetching Map Completion Events] reduce.EventFetcher (EventFetcher.java:run(76)) - EventFetcher is interrupted.. Returning
2019-03-05 16:15:31,353 INFO  [pool-21-thread-1] mapred.LocalJobRunner (LocalJobRunner.java:statusUpdate(591)) - 1 / 1 copied.
2019-03-05 16:15:31,353 INFO  [pool-21-thread-1] reduce.MergeManagerImpl (MergeManagerImpl.java:finalMerge(674)) - finalMerge called with 1 in-memory map-outputs and 0 on-disk map-outputs
2019-03-05 16:15:31,354 INFO  [pool-21-thread-1] mapred.Merger (Merger.java:merge(597)) - Merging 1 sorted segments
2019-03-05 16:15:31,354 INFO  [pool-21-thread-1] mapred.Merger (Merger.java:merge(696)) - Down to the last merge-pass, with 1 segments left of total size: 132 bytes
2019-03-05 16:15:31,355 INFO  [pool-21-thread-1] reduce.MergeManagerImpl (MergeManagerImpl.java:finalMerge(751)) - Merged 1 segments, 142 bytes to disk to satisfy reduce memory limit
2019-03-05 16:15:31,355 INFO  [pool-21-thread-1] reduce.MergeManagerImpl (MergeManagerImpl.java:finalMerge(781)) - Merging 1 files, 146 bytes from disk
2019-03-05 16:15:31,355 INFO  [pool-21-thread-1] reduce.MergeManagerImpl (MergeManagerImpl.java:finalMerge(796)) - Merging 0 segments, 0 bytes from memory into reduce
2019-03-05 16:15:31,355 INFO  [pool-21-thread-1] mapred.Merger (Merger.java:merge(597)) - Merging 1 sorted segments
2019-03-05 16:15:31,355 INFO  [pool-21-thread-1] mapred.Merger (Merger.java:merge(696)) - Down to the last merge-pass, with 1 segments left of total size: 132 bytes
2019-03-05 16:15:31,355 INFO  [pool-21-thread-1] mapred.LocalJobRunner (LocalJobRunner.java:statusUpdate(591)) - 1 / 1 copied.
2019-03-05 16:15:31,368 INFO  [pool-21-thread-1] mapred.Task (Task.java:done(1001)) - Task:attempt_local532343057_0007_r_000000_0 is done. And is in the process of committing
2019-03-05 16:15:31,369 INFO  [pool-21-thread-1] mapred.LocalJobRunner (LocalJobRunner.java:statusUpdate(591)) - 1 / 1 copied.
2019-03-05 16:15:31,369 INFO  [pool-21-thread-1] mapred.Task (Task.java:commit(1162)) - Task attempt_local532343057_0007_r_000000_0 is allowed to commit now
2019-03-05 16:15:31,381 INFO  [pool-21-thread-1] output.FileOutputCommitter (FileOutputCommitter.java:commitTask(439)) - Saved output of task 'attempt_local532343057_0007_r_000000_0' to file:/home/aravikum/project3/output/_temporary/0/task_local532343057_0007_r_000000
2019-03-05 16:15:31,381 INFO  [pool-21-thread-1] mapred.LocalJobRunner (LocalJobRunner.java:statusUpdate(591)) - reduce > reduce
2019-03-05 16:15:31,381 INFO  [pool-21-thread-1] mapred.Task (Task.java:sendDone(1121)) - Task 'attempt_local532343057_0007_r_000000_0' done.
2019-03-05 16:15:31,382 INFO  [pool-21-thread-1] mapred.LocalJobRunner (LocalJobRunner.java:run(325)) - Finishing task: attempt_local532343057_0007_r_000000_0
2019-03-05 16:15:31,382 INFO  [Thread-147] mapred.LocalJobRunner (LocalJobRunner.java:runTasks(456)) - reduce task executor complete.
2019-03-05 16:15:32,284 INFO  [main] mapreduce.Job (Job.java:monitorAndPrintJob(1366)) - Job job_local532343057_0007 running in uber mode : false
2019-03-05 16:15:32,284 INFO  [main] mapreduce.Job (Job.java:monitorAndPrintJob(1373)) -  map 100% reduce 100%
2019-03-05 16:15:32,285 INFO  [main] mapreduce.Job (Job.java:monitorAndPrintJob(1384)) - Job job_local532343057_0007 completed successfully
2019-03-05 16:15:32,286 INFO  [main] mapreduce.Job (Job.java:monitorAndPrintJob(1391)) - Counters: 33
	File System Counters
		FILE: Number of bytes read=149328
		FILE: Number of bytes written=3725782
		FILE: Number of read operations=0
		FILE: Number of large read operations=0
		FILE: Number of write operations=0
	Map-Reduce Framework
		Map input records=10
		Map output records=10
		Map output bytes=120
		Map output materialized bytes=146
		Input split bytes=122
		Combine input records=0
		Combine output records=0
		Reduce input groups=2
		Reduce shuffle bytes=146
		Reduce input records=10
		Reduce output records=2
		Spilled Records=20
		Shuffled Maps =1
		Failed Shuffles=0
		Merged Map outputs=1
		GC time elapsed (ms)=0
		CPU time spent (ms)=0
		Physical memory (bytes) snapshot=0
		Virtual memory (bytes) snapshot=0
		Total committed heap usage (bytes)=1987051520
	Shuffle Errors
		BAD_ID=0
		CONNECTION=0
		IO_ERROR=0
		WRONG_LENGTH=0
		WRONG_MAP=0
		WRONG_REDUCE=0
	File Input Format Counters 
		Bytes Read=607
	File Output Format Counters 
		Bytes Written=20
