myHadoop: Setting MH_IPOIB_TRANSFORM='s/\([^.]*\).*$/\1.ibnet/' from myhadoop.conf
myHadoop: Setting MH_SCRATCH_DIR=/scratch/$USER/$SLURM_JOBID from myhadoop.conf
myHadoop: Using HADOOP_HOME=/opt/hadoop/2.6.0
myHadoop: Using MH_SCRATCH_DIR=/scratch/aravikum/21785066
myHadoop: Using JAVA_HOME=/usr/java/latest
myHadoop: Generating Hadoop configuration in directory in /home/aravikum/cometcluster...
myHadoop: Backing up old config dir to /home/aravikum/cometcluster.3...
`/home/aravikum/cometcluster' -> `/home/aravikum/cometcluster.3'
myHadoop: Designating comet-11-69.ibnet as master node (namenode, secondary namenode, and jobtracker)
myHadoop: The following nodes will be slaves (datanode, tasktracer):
comet-11-69.ibnet
comet-11-70.ibnet
comet-11-71.ibnet
19/03/05 15:39:38 INFO namenode.NameNode: STARTUP_MSG: 
/************************************************************
STARTUP_MSG: Starting NameNode
STARTUP_MSG:   host = comet-11-69.sdsc.edu/198.202.112.194
STARTUP_MSG:   args = [-format]
STARTUP_MSG:   version = 2.6.0
STARTUP_MSG:   classpath = /home/aravikum/cometcluster:/opt/hadoop/2.6.0/share/hadoop/common/lib/commons-collections-3.2.1.jar:/opt/hadoop/2.6.0/share/hadoop/common/lib/jaxb-impl-2.2.3-1.jar:/opt/hadoop/2.6.0/share/hadoop/common/lib/commons-beanutils-core-1.8.0.jar:/opt/hadoop/2.6.0/share/hadoop/common/lib/netty-3.6.2.Final.jar:/opt/hadoop/2.6.0/share/hadoop/common/lib/junit-4.11.jar:/opt/hadoop/2.6.0/share/hadoop/common/lib/xmlenc-0.52.jar:/opt/hadoop/2.6.0/share/hadoop/common/lib/hadoop-auth-2.6.0.jar:/opt/hadoop/2.6.0/share/hadoop/common/lib/activation-1.1.jar:/opt/hadoop/2.6.0/share/hadoop/common/lib/commons-lang-2.6.jar:/opt/hadoop/2.6.0/share/hadoop/common/lib/commons-logging-1.1.3.jar:/opt/hadoop/2.6.0/share/hadoop/common/lib/xz-1.0.jar:/opt/hadoop/2.6.0/share/hadoop/common/lib/gson-2.2.4.jar:/opt/hadoop/2.6.0/share/hadoop/common/lib/jasper-compiler-5.5.23.jar:/opt/hadoop/2.6.0/share/hadoop/common/lib/jets3t-0.9.0.jar:/opt/hadoop/2.6.0/share/hadoop/common/lib/hadoop-annotations-2.6.0.jar:/opt/hadoop/2.6.0/share/hadoop/common/lib/asm-3.2.jar:/opt/hadoop/2.6.0/share/hadoop/common/lib/curator-client-2.6.0.jar:/opt/hadoop/2.6.0/share/hadoop/common/lib/httpcore-4.2.5.jar:/opt/hadoop/2.6.0/share/hadoop/common/lib/jsr305-1.3.9.jar:/opt/hadoop/2.6.0/share/hadoop/common/lib/jackson-mapper-asl-1.9.13.jar:/opt/hadoop/2.6.0/share/hadoop/common/lib/commons-configuration-1.6.jar:/opt/hadoop/2.6.0/share/hadoop/common/lib/curator-framework-2.6.0.jar:/opt/hadoop/2.6.0/share/hadoop/common/lib/commons-httpclient-3.1.jar:/opt/hadoop/2.6.0/share/hadoop/common/lib/jersey-json-1.9.jar:/opt/hadoop/2.6.0/share/hadoop/common/lib/commons-compress-1.4.1.jar:/opt/hadoop/2.6.0/share/hadoop/common/lib/commons-el-1.0.jar:/opt/hadoop/2.6.0/share/hadoop/common/lib/httpclient-4.2.5.jar:/opt/hadoop/2.6.0/share/hadoop/common/lib/stax-api-1.0-2.jar:/opt/hadoop/2.6.0/share/hadoop/common/lib/jsp-api-2.1.jar:/opt/hadoop/2.6.0/share/hadoop/common/lib/commons-digester-1.8.jar:/opt/hadoop/2.6.0/share/hadoop/common/lib/apacheds-kerberos-codec-2.0.0-M15.jar:/opt/hadoop/2.6.0/share/hadoop/common/lib/jettison-1.1.jar:/opt/hadoop/2.6.0/share/hadoop/common/lib/api-util-1.0.0-M20.jar:/opt/hadoop/2.6.0/share/hadoop/common/lib/paranamer-2.3.jar:/opt/hadoop/2.6.0/share/hadoop/common/lib/jetty-util-6.1.26.jar:/opt/hadoop/2.6.0/share/hadoop/common/lib/api-asn1-api-1.0.0-M20.jar:/opt/hadoop/2.6.0/share/hadoop/common/lib/protobuf-java-2.5.0.jar:/opt/hadoop/2.6.0/share/hadoop/common/lib/commons-net-3.1.jar:/opt/hadoop/2.6.0/share/hadoop/common/lib/commons-beanutils-1.7.0.jar:/opt/hadoop/2.6.0/share/hadoop/common/lib/jaxb-api-2.2.2.jar:/opt/hadoop/2.6.0/share/hadoop/common/lib/jackson-core-asl-1.9.13.jar:/opt/hadoop/2.6.0/share/hadoop/common/lib/jersey-core-1.9.jar:/opt/hadoop/2.6.0/share/hadoop/common/lib/jackson-jaxrs-1.9.13.jar:/opt/hadoop/2.6.0/share/hadoop/common/lib/apacheds-i18n-2.0.0-M15.jar:/opt/hadoop/2.6.0/share/hadoop/common/lib/curator-recipes-2.6.0.jar:/opt/hadoop/2.6.0/share/hadoop/common/lib/servlet-api-2.5.jar:/opt/hadoop/2.6.0/share/hadoop/common/lib/jersey-server-1.9.jar:/opt/hadoop/2.6.0/share/hadoop/common/lib/jetty-6.1.26.jar:/opt/hadoop/2.6.0/share/hadoop/common/lib/slf4j-log4j12-1.7.5.jar:/opt/hadoop/2.6.0/share/hadoop/common/lib/commons-math3-3.1.1.jar:/opt/hadoop/2.6.0/share/hadoop/common/lib/jasper-runtime-5.5.23.jar:/opt/hadoop/2.6.0/share/hadoop/common/lib/log4j-1.2.17.jar:/opt/hadoop/2.6.0/share/hadoop/common/lib/java-xmlbuilder-0.4.jar:/opt/hadoop/2.6.0/share/hadoop/common/lib/slf4j-api-1.7.5.jar:/opt/hadoop/2.6.0/share/hadoop/common/lib/commons-io-2.4.jar:/opt/hadoop/2.6.0/share/hadoop/common/lib/commons-codec-1.4.jar:/opt/hadoop/2.6.0/share/hadoop/common/lib/jackson-xc-1.9.13.jar:/opt/hadoop/2.6.0/share/hadoop/common/lib/commons-cli-1.2.jar:/opt/hadoop/2.6.0/share/hadoop/common/lib/jsch-0.1.42.jar:/opt/hadoop/2.6.0/share/hadoop/common/lib/zookeeper-3.4.6.jar:/opt/hadoop/2.6.0/share/hadoop/common/lib/hamcrest-core-1.3.jar:/opt/hadoop/2.6.0/share/hadoop/common/lib/avro-1.7.4.jar:/opt/hadoop/2.6.0/share/hadoop/common/lib/guava-11.0.2.jar:/opt/hadoop/2.6.0/share/hadoop/common/lib/snappy-java-1.0.4.1.jar:/opt/hadoop/2.6.0/share/hadoop/common/lib/htrace-core-3.0.4.jar:/opt/hadoop/2.6.0/share/hadoop/common/lib/mockito-all-1.8.5.jar:/opt/hadoop/2.6.0/share/hadoop/common/hadoop-common-2.6.0.jar:/opt/hadoop/2.6.0/share/hadoop/common/hadoop-nfs-2.6.0.jar:/opt/hadoop/2.6.0/share/hadoop/common/hadoop-common-2.6.0-tests.jar:/opt/hadoop/2.6.0/share/hadoop/hdfs:/opt/hadoop/2.6.0/share/hadoop/hdfs/lib/netty-3.6.2.Final.jar:/opt/hadoop/2.6.0/share/hadoop/hdfs/lib/xmlenc-0.52.jar:/opt/hadoop/2.6.0/share/hadoop/hdfs/lib/xml-apis-1.3.04.jar:/opt/hadoop/2.6.0/share/hadoop/hdfs/lib/commons-lang-2.6.jar:/opt/hadoop/2.6.0/share/hadoop/hdfs/lib/commons-logging-1.1.3.jar:/opt/hadoop/2.6.0/share/hadoop/hdfs/lib/xercesImpl-2.9.1.jar:/opt/hadoop/2.6.0/share/hadoop/hdfs/lib/asm-3.2.jar:/opt/hadoop/2.6.0/share/hadoop/hdfs/lib/jsr305-1.3.9.jar:/opt/hadoop/2.6.0/share/hadoop/hdfs/lib/jackson-mapper-asl-1.9.13.jar:/opt/hadoop/2.6.0/share/hadoop/hdfs/lib/commons-el-1.0.jar:/opt/hadoop/2.6.0/share/hadoop/hdfs/lib/commons-daemon-1.0.13.jar:/opt/hadoop/2.6.0/share/hadoop/hdfs/lib/jsp-api-2.1.jar:/opt/hadoop/2.6.0/share/hadoop/hdfs/lib/jetty-util-6.1.26.jar:/opt/hadoop/2.6.0/share/hadoop/hdfs/lib/protobuf-java-2.5.0.jar:/opt/hadoop/2.6.0/share/hadoop/hdfs/lib/jackson-core-asl-1.9.13.jar:/opt/hadoop/2.6.0/share/hadoop/hdfs/lib/jersey-core-1.9.jar:/opt/hadoop/2.6.0/share/hadoop/hdfs/lib/servlet-api-2.5.jar:/opt/hadoop/2.6.0/share/hadoop/hdfs/lib/jersey-server-1.9.jar:/opt/hadoop/2.6.0/share/hadoop/hdfs/lib/jetty-6.1.26.jar:/opt/hadoop/2.6.0/share/hadoop/hdfs/lib/jasper-runtime-5.5.23.jar:/opt/hadoop/2.6.0/share/hadoop/hdfs/lib/log4j-1.2.17.jar:/opt/hadoop/2.6.0/share/hadoop/hdfs/lib/commons-io-2.4.jar:/opt/hadoop/2.6.0/share/hadoop/hdfs/lib/commons-codec-1.4.jar:/opt/hadoop/2.6.0/share/hadoop/hdfs/lib/commons-cli-1.2.jar:/opt/hadoop/2.6.0/share/hadoop/hdfs/lib/guava-11.0.2.jar:/opt/hadoop/2.6.0/share/hadoop/hdfs/lib/htrace-core-3.0.4.jar:/opt/hadoop/2.6.0/share/hadoop/hdfs/hadoop-hdfs-2.6.0.jar:/opt/hadoop/2.6.0/share/hadoop/hdfs/hadoop-hdfs-nfs-2.6.0.jar:/opt/hadoop/2.6.0/share/hadoop/hdfs/hadoop-hdfs-2.6.0-tests.jar:/opt/hadoop/2.6.0/share/hadoop/yarn/lib/commons-collections-3.2.1.jar:/opt/hadoop/2.6.0/share/hadoop/yarn/lib/jaxb-impl-2.2.3-1.jar:/opt/hadoop/2.6.0/share/hadoop/yarn/lib/jersey-client-1.9.jar:/opt/hadoop/2.6.0/share/hadoop/yarn/lib/netty-3.6.2.Final.jar:/opt/hadoop/2.6.0/share/hadoop/yarn/lib/activation-1.1.jar:/opt/hadoop/2.6.0/share/hadoop/yarn/lib/commons-lang-2.6.jar:/opt/hadoop/2.6.0/share/hadoop/yarn/lib/commons-logging-1.1.3.jar:/opt/hadoop/2.6.0/share/hadoop/yarn/lib/xz-1.0.jar:/opt/hadoop/2.6.0/share/hadoop/yarn/lib/guice-servlet-3.0.jar:/opt/hadoop/2.6.0/share/hadoop/yarn/lib/jline-0.9.94.jar:/opt/hadoop/2.6.0/share/hadoop/yarn/lib/guice-3.0.jar:/opt/hadoop/2.6.0/share/hadoop/yarn/lib/asm-3.2.jar:/opt/hadoop/2.6.0/share/hadoop/yarn/lib/jsr305-1.3.9.jar:/opt/hadoop/2.6.0/share/hadoop/yarn/lib/jackson-mapper-asl-1.9.13.jar:/opt/hadoop/2.6.0/share/hadoop/yarn/lib/commons-httpclient-3.1.jar:/opt/hadoop/2.6.0/share/hadoop/yarn/lib/jersey-json-1.9.jar:/opt/hadoop/2.6.0/share/hadoop/yarn/lib/commons-compress-1.4.1.jar:/opt/hadoop/2.6.0/share/hadoop/yarn/lib/stax-api-1.0-2.jar:/opt/hadoop/2.6.0/share/hadoop/yarn/lib/jettison-1.1.jar:/opt/hadoop/2.6.0/share/hadoop/yarn/lib/javax.inject-1.jar:/opt/hadoop/2.6.0/share/hadoop/yarn/lib/leveldbjni-all-1.8.jar:/opt/hadoop/2.6.0/share/hadoop/yarn/lib/jetty-util-6.1.26.jar:/opt/hadoop/2.6.0/share/hadoop/yarn/lib/protobuf-java-2.5.0.jar:/opt/hadoop/2.6.0/share/hadoop/yarn/lib/jaxb-api-2.2.2.jar:/opt/hadoop/2.6.0/share/hadoop/yarn/lib/jackson-core-asl-1.9.13.jar:/opt/hadoop/2.6.0/share/hadoop/yarn/lib/jersey-core-1.9.jar:/opt/hadoop/2.6.0/share/hadoop/yarn/lib/jackson-jaxrs-1.9.13.jar:/opt/hadoop/2.6.0/share/hadoop/yarn/lib/servlet-api-2.5.jar:/opt/hadoop/2.6.0/share/hadoop/yarn/lib/jersey-server-1.9.jar:/opt/hadoop/2.6.0/share/hadoop/yarn/lib/jetty-6.1.26.jar:/opt/hadoop/2.6.0/share/hadoop/yarn/lib/log4j-1.2.17.jar:/opt/hadoop/2.6.0/share/hadoop/yarn/lib/commons-io-2.4.jar:/opt/hadoop/2.6.0/share/hadoop/yarn/lib/commons-codec-1.4.jar:/opt/hadoop/2.6.0/share/hadoop/yarn/lib/jackson-xc-1.9.13.jar:/opt/hadoop/2.6.0/share/hadoop/yarn/lib/aopalliance-1.0.jar:/opt/hadoop/2.6.0/share/hadoop/yarn/lib/commons-cli-1.2.jar:/opt/hadoop/2.6.0/share/hadoop/yarn/lib/zookeeper-3.4.6.jar:/opt/hadoop/2.6.0/share/hadoop/yarn/lib/guava-11.0.2.jar:/opt/hadoop/2.6.0/share/hadoop/yarn/lib/jersey-guice-1.9.jar:/opt/hadoop/2.6.0/share/hadoop/yarn/hadoop-yarn-server-tests-2.6.0.jar:/opt/hadoop/2.6.0/share/hadoop/yarn/hadoop-yarn-common-2.6.0.jar:/opt/hadoop/2.6.0/share/hadoop/yarn/hadoop-yarn-api-2.6.0.jar:/opt/hadoop/2.6.0/share/hadoop/yarn/hadoop-yarn-applications-distributedshell-2.6.0.jar:/opt/hadoop/2.6.0/share/hadoop/yarn/hadoop-yarn-applications-unmanaged-am-launcher-2.6.0.jar:/opt/hadoop/2.6.0/share/hadoop/yarn/hadoop-yarn-server-common-2.6.0.jar:/opt/hadoop/2.6.0/share/hadoop/yarn/hadoop-yarn-client-2.6.0.jar:/opt/hadoop/2.6.0/share/hadoop/yarn/hadoop-yarn-server-nodemanager-2.6.0.jar:/opt/hadoop/2.6.0/share/hadoop/yarn/hadoop-yarn-server-resourcemanager-2.6.0.jar:/opt/hadoop/2.6.0/share/hadoop/yarn/hadoop-yarn-server-applicationhistoryservice-2.6.0.jar:/opt/hadoop/2.6.0/share/hadoop/yarn/hadoop-yarn-registry-2.6.0.jar:/opt/hadoop/2.6.0/share/hadoop/yarn/hadoop-yarn-server-web-proxy-2.6.0.jar:/opt/hadoop/2.6.0/share/hadoop/mapreduce/lib/netty-3.6.2.Final.jar:/opt/hadoop/2.6.0/share/hadoop/mapreduce/lib/junit-4.11.jar:/opt/hadoop/2.6.0/share/hadoop/mapreduce/lib/xz-1.0.jar:/opt/hadoop/2.6.0/share/hadoop/mapreduce/lib/guice-servlet-3.0.jar:/opt/hadoop/2.6.0/share/hadoop/mapreduce/lib/hadoop-annotations-2.6.0.jar:/opt/hadoop/2.6.0/share/hadoop/mapreduce/lib/guice-3.0.jar:/opt/hadoop/2.6.0/share/hadoop/mapreduce/lib/asm-3.2.jar:/opt/hadoop/2.6.0/share/hadoop/mapreduce/lib/jackson-mapper-asl-1.9.13.jar:/opt/hadoop/2.6.0/share/hadoop/mapreduce/lib/commons-compress-1.4.1.jar:/opt/hadoop/2.6.0/share/hadoop/mapreduce/lib/paranamer-2.3.jar:/opt/hadoop/2.6.0/share/hadoop/mapreduce/lib/javax.inject-1.jar:/opt/hadoop/2.6.0/share/hadoop/mapreduce/lib/leveldbjni-all-1.8.jar:/opt/hadoop/2.6.0/share/hadoop/mapreduce/lib/protobuf-java-2.5.0.jar:/opt/hadoop/2.6.0/share/hadoop/mapreduce/lib/jackson-core-asl-1.9.13.jar:/opt/hadoop/2.6.0/share/hadoop/mapreduce/lib/jersey-core-1.9.jar:/opt/hadoop/2.6.0/share/hadoop/mapreduce/lib/jersey-server-1.9.jar:/opt/hadoop/2.6.0/share/hadoop/mapreduce/lib/log4j-1.2.17.jar:/opt/hadoop/2.6.0/share/hadoop/mapreduce/lib/commons-io-2.4.jar:/opt/hadoop/2.6.0/share/hadoop/mapreduce/lib/aopalliance-1.0.jar:/opt/hadoop/2.6.0/share/hadoop/mapreduce/lib/hamcrest-core-1.3.jar:/opt/hadoop/2.6.0/share/hadoop/mapreduce/lib/avro-1.7.4.jar:/opt/hadoop/2.6.0/share/hadoop/mapreduce/lib/snappy-java-1.0.4.1.jar:/opt/hadoop/2.6.0/share/hadoop/mapreduce/lib/jersey-guice-1.9.jar:/opt/hadoop/2.6.0/share/hadoop/mapreduce/hadoop-mapreduce-client-hs-plugins-2.6.0.jar:/opt/hadoop/2.6.0/share/hadoop/mapreduce/hadoop-mapreduce-client-shuffle-2.6.0.jar:/opt/hadoop/2.6.0/share/hadoop/mapreduce/hadoop-mapreduce-client-core-2.6.0.jar:/opt/hadoop/2.6.0/share/hadoop/mapreduce/hadoop-mapreduce-client-app-2.6.0.jar:/opt/hadoop/2.6.0/share/hadoop/mapreduce/hadoop-mapreduce-examples-2.6.0.jar:/opt/hadoop/2.6.0/share/hadoop/mapreduce/hadoop-mapreduce-client-jobclient-2.6.0.jar:/opt/hadoop/2.6.0/share/hadoop/mapreduce/hadoop-mapreduce-client-jobclient-2.6.0-tests.jar:/opt/hadoop/2.6.0/share/hadoop/mapreduce/hadoop-mapreduce-client-hs-2.6.0.jar:/opt/hadoop/2.6.0/share/hadoop/mapreduce/hadoop-mapreduce-client-common-2.6.0.jar:/opt/hadoop/2.6.0/contrib/capacity-scheduler/*.jar
STARTUP_MSG:   build = https://git-wip-us.apache.org/repos/asf/hadoop.git -r e3496499ecb8d220fba99dc5ed4c99c8f9e33bb1; compiled by 'jenkins' on 2014-11-13T21:10Z
STARTUP_MSG:   java = 1.8.0_60
************************************************************/
19/03/05 15:39:39 INFO namenode.NameNode: registered UNIX signal handlers for [TERM, HUP, INT]
19/03/05 15:39:39 INFO namenode.NameNode: createNameNode [-format]
19/03/05 15:39:39 WARN util.NativeCodeLoader: Unable to load native-hadoop library for your platform... using builtin-java classes where applicable
19/03/05 15:39:39 WARN common.Util: Path /scratch/aravikum/21785066/namenode_data should be specified as a URI in configuration files. Please update hdfs configuration.
19/03/05 15:39:39 WARN common.Util: Path /scratch/aravikum/21785066/namenode_data should be specified as a URI in configuration files. Please update hdfs configuration.
Formatting using clusterid: CID-439d8488-b7e8-42d8-93bc-cce912eba2a0
19/03/05 15:39:39 INFO namenode.FSNamesystem: No KeyProvider found.
19/03/05 15:39:39 INFO namenode.FSNamesystem: fsLock is fair:true
19/03/05 15:39:39 INFO blockmanagement.DatanodeManager: dfs.block.invalidate.limit=1000
19/03/05 15:39:39 INFO blockmanagement.DatanodeManager: dfs.namenode.datanode.registration.ip-hostname-check=true
19/03/05 15:39:39 INFO blockmanagement.BlockManager: dfs.namenode.startup.delay.block.deletion.sec is set to 000:00:00:00.000
19/03/05 15:39:39 INFO blockmanagement.BlockManager: The block deletion will start around 2019 Mar 05 15:39:39
19/03/05 15:39:39 INFO util.GSet: Computing capacity for map BlocksMap
19/03/05 15:39:39 INFO util.GSet: VM type       = 64-bit
19/03/05 15:39:39 INFO util.GSet: 2.0% max memory 958.5 MB = 19.2 MB
19/03/05 15:39:39 INFO util.GSet: capacity      = 2^21 = 2097152 entries
19/03/05 15:39:39 INFO blockmanagement.BlockManager: dfs.block.access.token.enable=false
19/03/05 15:39:39 INFO blockmanagement.BlockManager: defaultReplication         = 3
19/03/05 15:39:39 INFO blockmanagement.BlockManager: maxReplication             = 512
19/03/05 15:39:39 INFO blockmanagement.BlockManager: minReplication             = 1
19/03/05 15:39:39 INFO blockmanagement.BlockManager: maxReplicationStreams      = 2
19/03/05 15:39:39 INFO blockmanagement.BlockManager: shouldCheckForEnoughRacks  = false
19/03/05 15:39:39 INFO blockmanagement.BlockManager: replicationRecheckInterval = 3000
19/03/05 15:39:39 INFO blockmanagement.BlockManager: encryptDataTransfer        = false
19/03/05 15:39:39 INFO blockmanagement.BlockManager: maxNumBlocksToLog          = 1000
19/03/05 15:39:39 INFO namenode.FSNamesystem: fsOwner             = aravikum (auth:SIMPLE)
19/03/05 15:39:39 INFO namenode.FSNamesystem: supergroup          = supergroup
19/03/05 15:39:39 INFO namenode.FSNamesystem: isPermissionEnabled = true
19/03/05 15:39:39 INFO namenode.FSNamesystem: HA Enabled: false
19/03/05 15:39:39 INFO namenode.FSNamesystem: Append Enabled: true
19/03/05 15:39:39 INFO util.GSet: Computing capacity for map INodeMap
19/03/05 15:39:39 INFO util.GSet: VM type       = 64-bit
19/03/05 15:39:39 INFO util.GSet: 1.0% max memory 958.5 MB = 9.6 MB
19/03/05 15:39:39 INFO util.GSet: capacity      = 2^20 = 1048576 entries
19/03/05 15:39:39 INFO namenode.NameNode: Caching file names occuring more than 10 times
19/03/05 15:39:39 INFO util.GSet: Computing capacity for map cachedBlocks
19/03/05 15:39:39 INFO util.GSet: VM type       = 64-bit
19/03/05 15:39:39 INFO util.GSet: 0.25% max memory 958.5 MB = 2.4 MB
19/03/05 15:39:39 INFO util.GSet: capacity      = 2^18 = 262144 entries
19/03/05 15:39:39 INFO namenode.FSNamesystem: dfs.namenode.safemode.threshold-pct = 0.9990000128746033
19/03/05 15:39:39 INFO namenode.FSNamesystem: dfs.namenode.safemode.min.datanodes = 0
19/03/05 15:39:39 INFO namenode.FSNamesystem: dfs.namenode.safemode.extension     = 30000
19/03/05 15:39:39 INFO namenode.FSNamesystem: Retry cache on namenode is enabled
19/03/05 15:39:39 INFO namenode.FSNamesystem: Retry cache will use 0.03 of total heap and retry cache entry expiry time is 600000 millis
19/03/05 15:39:39 INFO util.GSet: Computing capacity for map NameNodeRetryCache
19/03/05 15:39:39 INFO util.GSet: VM type       = 64-bit
19/03/05 15:39:39 INFO util.GSet: 0.029999999329447746% max memory 958.5 MB = 294.5 KB
19/03/05 15:39:39 INFO util.GSet: capacity      = 2^15 = 32768 entries
19/03/05 15:39:39 INFO namenode.NNConf: ACLs enabled? false
19/03/05 15:39:39 INFO namenode.NNConf: XAttrs enabled? true
19/03/05 15:39:39 INFO namenode.NNConf: Maximum size of an xattr: 16384
19/03/05 15:39:39 INFO namenode.FSImage: Allocated new BlockPoolId: BP-598378217-198.202.112.194-1551829179589
19/03/05 15:39:39 INFO common.Storage: Storage directory /scratch/aravikum/21785066/namenode_data has been successfully formatted.
19/03/05 15:39:39 INFO namenode.NNStorageRetentionManager: Going to retain 1 images with txid >= 0
19/03/05 15:39:39 INFO util.ExitUtil: Exiting with status 0
19/03/05 15:39:39 INFO namenode.NameNode: SHUTDOWN_MSG: 
/************************************************************
SHUTDOWN_MSG: Shutting down NameNode at comet-11-69.sdsc.edu/198.202.112.194
************************************************************/
19/03/05 15:39:40 WARN util.NativeCodeLoader: Unable to load native-hadoop library for your platform... using builtin-java classes where applicable
Starting namenodes on [comet-11-69.ibnet]
comet-11-69.ibnet: starting namenode, logging to /scratch/aravikum/21785066/logs/hadoop-aravikum-namenode-comet-11-69.sdsc.edu.out
comet-11-69.ibnet: starting datanode, logging to /scratch/aravikum/21785066/logs/hadoop-aravikum-datanode-comet-11-69.sdsc.edu.out
comet-11-70.ibnet: starting datanode, logging to /scratch/aravikum/21785066/logs/hadoop-aravikum-datanode-comet-11-70.sdsc.edu.out
comet-11-71.ibnet: starting datanode, logging to /scratch/aravikum/21785066/logs/hadoop-aravikum-datanode-comet-11-71.sdsc.edu.out
Starting secondary namenodes [comet-11-69.ibnet]
comet-11-69.ibnet: starting secondarynamenode, logging to /scratch/aravikum/21785066/logs/hadoop-aravikum-secondarynamenode-comet-11-69.sdsc.edu.out
19/03/05 15:39:55 WARN util.NativeCodeLoader: Unable to load native-hadoop library for your platform... using builtin-java classes where applicable
starting yarn daemons
starting resourcemanager, logging to /scratch/aravikum/21785066/logs/yarn-aravikum-resourcemanager-comet-11-69.out
comet-11-69.ibnet: starting nodemanager, logging to /scratch/aravikum/21785066/logs/yarn-aravikum-nodemanager-comet-11-69.sdsc.edu.out
comet-11-71.ibnet: starting nodemanager, logging to /scratch/aravikum/21785066/logs/yarn-aravikum-nodemanager-comet-11-71.sdsc.edu.out
comet-11-70.ibnet: starting nodemanager, logging to /scratch/aravikum/21785066/logs/yarn-aravikum-nodemanager-comet-11-70.sdsc.edu.out
19/03/05 15:39:58 WARN util.NativeCodeLoader: Unable to load native-hadoop library for your platform... using builtin-java classes where applicable
19/03/05 15:39:59 WARN util.NativeCodeLoader: Unable to load native-hadoop library for your platform... using builtin-java classes where applicable
19/03/05 15:40:02 WARN util.NativeCodeLoader: Unable to load native-hadoop library for your platform... using builtin-java classes where applicable
19/03/05 15:40:02 INFO client.RMProxy: Connecting to ResourceManager at comet-11-69.ibnet/10.22.253.50:8032
19/03/05 15:40:02 WARN mapreduce.JobSubmitter: Hadoop command-line option parsing not performed. Implement the Tool interface and execute your application with ToolRunner to remedy this.
19/03/05 15:40:03 INFO input.FileInputFormat: Total input paths to process : 1
19/03/05 15:40:03 INFO mapreduce.JobSubmitter: number of splits:1
19/03/05 15:40:03 INFO mapreduce.JobSubmitter: Submitting tokens for job: job_1551829196698_0001
19/03/05 15:40:03 INFO impl.YarnClientImpl: Submitted application application_1551829196698_0001
19/03/05 15:40:03 INFO mapreduce.Job: The url to track the job: http://comet-11-69.ibnet:8088/proxy/application_1551829196698_0001/
19/03/05 15:40:03 INFO mapreduce.Job: Running job: job_1551829196698_0001
19/03/05 15:40:08 INFO mapreduce.Job: Job job_1551829196698_0001 running in uber mode : false
19/03/05 15:40:08 INFO mapreduce.Job:  map 0% reduce 0%
19/03/05 15:40:15 INFO mapreduce.Job:  map 100% reduce 0%
19/03/05 15:40:21 INFO mapreduce.Job:  map 100% reduce 100%
19/03/05 15:40:21 INFO mapreduce.Job: Job job_1551829196698_0001 completed successfully
19/03/05 15:40:21 INFO mapreduce.Job: Counters: 49
	File System Counters
		FILE: Number of bytes read=12841329
		FILE: Number of bytes written=25894485
		FILE: Number of read operations=0
		FILE: Number of large read operations=0
		FILE: Number of write operations=0
		HDFS: Number of bytes read=7660496
		HDFS: Number of bytes written=13536811
		HDFS: Number of read operations=6
		HDFS: Number of large read operations=0
		HDFS: Number of write operations=2
	Job Counters 
		Launched map tasks=1
		Launched reduce tasks=1
		Data-local map tasks=1
		Total time spent by all maps in occupied slots (ms)=4822
		Total time spent by all reduces in occupied slots (ms)=3175
		Total time spent by all map tasks (ms)=4822
		Total time spent by all reduce tasks (ms)=3175
		Total vcore-seconds taken by all map tasks=4822
		Total vcore-seconds taken by all reduce tasks=3175
		Total megabyte-seconds taken by all map tasks=4937728
		Total megabyte-seconds taken by all reduce tasks=3251200
	Map-Reduce Framework
		Map input records=100000
		Map output records=100000
		Map output bytes=12607104
		Map output materialized bytes=12841329
		Input split bytes=125
		Combine input records=0
		Combine output records=0
		Reduce input groups=100000
		Reduce shuffle bytes=12841329
		Reduce input records=100000
		Reduce output records=100000
		Spilled Records=200000
		Shuffled Maps =1
		Failed Shuffles=0
		Merged Map outputs=1
		GC time elapsed (ms)=184
		CPU time spent (ms)=8530
		Physical memory (bytes) snapshot=499699712
		Virtual memory (bytes) snapshot=4344279040
		Total committed heap usage (bytes)=355467264
	Shuffle Errors
		BAD_ID=0
		CONNECTION=0
		IO_ERROR=0
		WRONG_LENGTH=0
		WRONG_MAP=0
		WRONG_REDUCE=0
	File Input Format Counters 
		Bytes Read=7660371
	File Output Format Counters 
		Bytes Written=13536811
19/03/05 15:40:21 INFO client.RMProxy: Connecting to ResourceManager at comet-11-69.ibnet/10.22.253.50:8032
19/03/05 15:40:21 WARN mapreduce.JobSubmitter: Hadoop command-line option parsing not performed. Implement the Tool interface and execute your application with ToolRunner to remedy this.
19/03/05 15:40:21 INFO input.FileInputFormat: Total input paths to process : 1
19/03/05 15:40:21 INFO mapreduce.JobSubmitter: number of splits:1
19/03/05 15:40:21 INFO mapreduce.JobSubmitter: Submitting tokens for job: job_1551829196698_0002
19/03/05 15:40:21 INFO impl.YarnClientImpl: Submitted application application_1551829196698_0002
19/03/05 15:40:21 INFO mapreduce.Job: The url to track the job: http://comet-11-69.ibnet:8088/proxy/application_1551829196698_0002/
19/03/05 15:40:21 INFO mapreduce.Job: Running job: job_1551829196698_0002
19/03/05 15:40:26 INFO mapreduce.Job: Job job_1551829196698_0002 running in uber mode : false
19/03/05 15:40:26 INFO mapreduce.Job:  map 0% reduce 0%
19/03/05 15:40:32 INFO mapreduce.Job:  map 100% reduce 0%
19/03/05 15:40:38 INFO mapreduce.Job:  map 100% reduce 100%
19/03/05 15:40:38 INFO mapreduce.Job: Job job_1551829196698_0002 completed successfully
19/03/05 15:40:38 INFO mapreduce.Job: Counters: 49
	File System Counters
		FILE: Number of bytes read=51269745
		FILE: Number of bytes written=103151897
		FILE: Number of read operations=0
		FILE: Number of large read operations=0
		FILE: Number of write operations=0
		HDFS: Number of bytes read=13536949
		HDFS: Number of bytes written=13536811
		HDFS: Number of read operations=7
		HDFS: Number of large read operations=0
		HDFS: Number of write operations=2
	Job Counters 
		Launched map tasks=1
		Launched reduce tasks=1
		Data-local map tasks=1
		Total time spent by all maps in occupied slots (ms)=4385
		Total time spent by all reduces in occupied slots (ms)=3251
		Total time spent by all map tasks (ms)=4385
		Total time spent by all reduce tasks (ms)=3251
		Total vcore-seconds taken by all map tasks=4385
		Total vcore-seconds taken by all reduce tasks=3251
		Total megabyte-seconds taken by all map tasks=4490240
		Total megabyte-seconds taken by all reduce tasks=3329024
	Map-Reduce Framework
		Map input records=100000
		Map output records=1300888
		Map output bytes=48633744
		Map output materialized bytes=51269745
		Input split bytes=138
		Combine input records=0
		Combine output records=0
		Reduce input groups=100000
		Reduce shuffle bytes=51269745
		Reduce input records=1300888
		Reduce output records=100000
		Spilled Records=2601776
		Shuffled Maps =1
		Failed Shuffles=0
		Merged Map outputs=1
		GC time elapsed (ms)=96
		CPU time spent (ms)=7640
		Physical memory (bytes) snapshot=510148608
		Virtual memory (bytes) snapshot=4350001152
		Total committed heap usage (bytes)=331350016
	Shuffle Errors
		BAD_ID=0
		CONNECTION=0
		IO_ERROR=0
		WRONG_LENGTH=0
		WRONG_MAP=0
		WRONG_REDUCE=0
	File Input Format Counters 
		Bytes Read=13536811
	File Output Format Counters 
		Bytes Written=13536811
19/03/05 15:40:39 INFO client.RMProxy: Connecting to ResourceManager at comet-11-69.ibnet/10.22.253.50:8032
19/03/05 15:40:39 WARN mapreduce.JobSubmitter: Hadoop command-line option parsing not performed. Implement the Tool interface and execute your application with ToolRunner to remedy this.
19/03/05 15:40:39 INFO input.FileInputFormat: Total input paths to process : 1
19/03/05 15:40:39 INFO mapreduce.JobSubmitter: number of splits:1
19/03/05 15:40:39 INFO mapreduce.JobSubmitter: Submitting tokens for job: job_1551829196698_0003
19/03/05 15:40:39 INFO impl.YarnClientImpl: Submitted application application_1551829196698_0003
19/03/05 15:40:39 INFO mapreduce.Job: The url to track the job: http://comet-11-69.ibnet:8088/proxy/application_1551829196698_0003/
19/03/05 15:40:39 INFO mapreduce.Job: Running job: job_1551829196698_0003
19/03/05 15:40:43 INFO mapreduce.Job: Job job_1551829196698_0003 running in uber mode : false
19/03/05 15:40:43 INFO mapreduce.Job:  map 0% reduce 0%
19/03/05 15:40:49 INFO mapreduce.Job:  map 100% reduce 0%
19/03/05 15:40:55 INFO mapreduce.Job:  map 100% reduce 100%
19/03/05 15:40:56 INFO mapreduce.Job: Job job_1551829196698_0003 completed successfully
19/03/05 15:40:56 INFO mapreduce.Job: Counters: 49
	File System Counters
		FILE: Number of bytes read=51269745
		FILE: Number of bytes written=103151897
		FILE: Number of read operations=0
		FILE: Number of large read operations=0
		FILE: Number of write operations=0
		HDFS: Number of bytes read=13536949
		HDFS: Number of bytes written=13536811
		HDFS: Number of read operations=7
		HDFS: Number of large read operations=0
		HDFS: Number of write operations=2
	Job Counters 
		Launched map tasks=1
		Launched reduce tasks=1
		Data-local map tasks=1
		Total time spent by all maps in occupied slots (ms)=4399
		Total time spent by all reduces in occupied slots (ms)=3301
		Total time spent by all map tasks (ms)=4399
		Total time spent by all reduce tasks (ms)=3301
		Total vcore-seconds taken by all map tasks=4399
		Total vcore-seconds taken by all reduce tasks=3301
		Total megabyte-seconds taken by all map tasks=4504576
		Total megabyte-seconds taken by all reduce tasks=3380224
	Map-Reduce Framework
		Map input records=100000
		Map output records=1300888
		Map output bytes=48633744
		Map output materialized bytes=51269745
		Input split bytes=138
		Combine input records=0
		Combine output records=0
		Reduce input groups=100000
		Reduce shuffle bytes=51269745
		Reduce input records=1300888
		Reduce output records=100000
		Spilled Records=2601776
		Shuffled Maps =1
		Failed Shuffles=0
		Merged Map outputs=1
		GC time elapsed (ms)=100
		CPU time spent (ms)=7630
		Physical memory (bytes) snapshot=503021568
		Virtual memory (bytes) snapshot=4347002880
		Total committed heap usage (bytes)=340262912
	Shuffle Errors
		BAD_ID=0
		CONNECTION=0
		IO_ERROR=0
		WRONG_LENGTH=0
		WRONG_MAP=0
		WRONG_REDUCE=0
	File Input Format Counters 
		Bytes Read=13536811
	File Output Format Counters 
		Bytes Written=13536811
19/03/05 15:40:56 INFO client.RMProxy: Connecting to ResourceManager at comet-11-69.ibnet/10.22.253.50:8032
19/03/05 15:40:56 WARN mapreduce.JobSubmitter: Hadoop command-line option parsing not performed. Implement the Tool interface and execute your application with ToolRunner to remedy this.
19/03/05 15:40:56 INFO input.FileInputFormat: Total input paths to process : 1
19/03/05 15:40:56 INFO mapreduce.JobSubmitter: number of splits:1
19/03/05 15:40:56 INFO mapreduce.JobSubmitter: Submitting tokens for job: job_1551829196698_0004
19/03/05 15:40:56 INFO impl.YarnClientImpl: Submitted application application_1551829196698_0004
19/03/05 15:40:56 INFO mapreduce.Job: The url to track the job: http://comet-11-69.ibnet:8088/proxy/application_1551829196698_0004/
19/03/05 15:40:56 INFO mapreduce.Job: Running job: job_1551829196698_0004
19/03/05 15:41:01 INFO mapreduce.Job: Job job_1551829196698_0004 running in uber mode : false
19/03/05 15:41:01 INFO mapreduce.Job:  map 0% reduce 0%
19/03/05 15:41:07 INFO mapreduce.Job:  map 100% reduce 0%
19/03/05 15:41:13 INFO mapreduce.Job:  map 100% reduce 100%
19/03/05 15:41:13 INFO mapreduce.Job: Job job_1551829196698_0004 completed successfully
19/03/05 15:41:13 INFO mapreduce.Job: Counters: 49
	File System Counters
		FILE: Number of bytes read=51269745
		FILE: Number of bytes written=103151897
		FILE: Number of read operations=0
		FILE: Number of large read operations=0
		FILE: Number of write operations=0
		HDFS: Number of bytes read=13536949
		HDFS: Number of bytes written=13536811
		HDFS: Number of read operations=7
		HDFS: Number of large read operations=0
		HDFS: Number of write operations=2
	Job Counters 
		Launched map tasks=1
		Launched reduce tasks=1
		Data-local map tasks=1
		Total time spent by all maps in occupied slots (ms)=4295
		Total time spent by all reduces in occupied slots (ms)=3252
		Total time spent by all map tasks (ms)=4295
		Total time spent by all reduce tasks (ms)=3252
		Total vcore-seconds taken by all map tasks=4295
		Total vcore-seconds taken by all reduce tasks=3252
		Total megabyte-seconds taken by all map tasks=4398080
		Total megabyte-seconds taken by all reduce tasks=3330048
	Map-Reduce Framework
		Map input records=100000
		Map output records=1300888
		Map output bytes=48633744
		Map output materialized bytes=51269745
		Input split bytes=138
		Combine input records=0
		Combine output records=0
		Reduce input groups=100000
		Reduce shuffle bytes=51269745
		Reduce input records=1300888
		Reduce output records=100000
		Spilled Records=2601776
		Shuffled Maps =1
		Failed Shuffles=0
		Merged Map outputs=1
		GC time elapsed (ms)=95
		CPU time spent (ms)=7500
		Physical memory (bytes) snapshot=503562240
		Virtual memory (bytes) snapshot=4343816192
		Total committed heap usage (bytes)=330825728
	Shuffle Errors
		BAD_ID=0
		CONNECTION=0
		IO_ERROR=0
		WRONG_LENGTH=0
		WRONG_MAP=0
		WRONG_REDUCE=0
	File Input Format Counters 
		Bytes Read=13536811
	File Output Format Counters 
		Bytes Written=13536811
19/03/05 15:41:13 INFO client.RMProxy: Connecting to ResourceManager at comet-11-69.ibnet/10.22.253.50:8032
19/03/05 15:41:13 WARN mapreduce.JobSubmitter: Hadoop command-line option parsing not performed. Implement the Tool interface and execute your application with ToolRunner to remedy this.
19/03/05 15:41:13 INFO input.FileInputFormat: Total input paths to process : 1
19/03/05 15:41:13 INFO mapreduce.JobSubmitter: number of splits:1
19/03/05 15:41:13 INFO mapreduce.JobSubmitter: Submitting tokens for job: job_1551829196698_0005
19/03/05 15:41:13 INFO impl.YarnClientImpl: Submitted application application_1551829196698_0005
19/03/05 15:41:13 INFO mapreduce.Job: The url to track the job: http://comet-11-69.ibnet:8088/proxy/application_1551829196698_0005/
19/03/05 15:41:13 INFO mapreduce.Job: Running job: job_1551829196698_0005
19/03/05 15:41:17 INFO mapreduce.Job: Job job_1551829196698_0005 running in uber mode : false
19/03/05 15:41:17 INFO mapreduce.Job:  map 0% reduce 0%
19/03/05 15:41:24 INFO mapreduce.Job:  map 100% reduce 0%
19/03/05 15:41:29 INFO mapreduce.Job:  map 100% reduce 100%
19/03/05 15:41:30 INFO mapreduce.Job: Job job_1551829196698_0005 completed successfully
19/03/05 15:41:30 INFO mapreduce.Job: Counters: 49
	File System Counters
		FILE: Number of bytes read=51269745
		FILE: Number of bytes written=103151897
		FILE: Number of read operations=0
		FILE: Number of large read operations=0
		FILE: Number of write operations=0
		HDFS: Number of bytes read=13536949
		HDFS: Number of bytes written=13536811
		HDFS: Number of read operations=7
		HDFS: Number of large read operations=0
		HDFS: Number of write operations=2
	Job Counters 
		Launched map tasks=1
		Launched reduce tasks=1
		Data-local map tasks=1
		Total time spent by all maps in occupied slots (ms)=4377
		Total time spent by all reduces in occupied slots (ms)=3194
		Total time spent by all map tasks (ms)=4377
		Total time spent by all reduce tasks (ms)=3194
		Total vcore-seconds taken by all map tasks=4377
		Total vcore-seconds taken by all reduce tasks=3194
		Total megabyte-seconds taken by all map tasks=4482048
		Total megabyte-seconds taken by all reduce tasks=3270656
	Map-Reduce Framework
		Map input records=100000
		Map output records=1300888
		Map output bytes=48633744
		Map output materialized bytes=51269745
		Input split bytes=138
		Combine input records=0
		Combine output records=0
		Reduce input groups=100000
		Reduce shuffle bytes=51269745
		Reduce input records=1300888
		Reduce output records=100000
		Spilled Records=2601776
		Shuffled Maps =1
		Failed Shuffles=0
		Merged Map outputs=1
		GC time elapsed (ms)=103
		CPU time spent (ms)=7880
		Physical memory (bytes) snapshot=503554048
		Virtual memory (bytes) snapshot=4352507904
		Total committed heap usage (bytes)=336592896
	Shuffle Errors
		BAD_ID=0
		CONNECTION=0
		IO_ERROR=0
		WRONG_LENGTH=0
		WRONG_MAP=0
		WRONG_REDUCE=0
	File Input Format Counters 
		Bytes Read=13536811
	File Output Format Counters 
		Bytes Written=13536811
19/03/05 15:41:30 INFO client.RMProxy: Connecting to ResourceManager at comet-11-69.ibnet/10.22.253.50:8032
19/03/05 15:41:30 WARN mapreduce.JobSubmitter: Hadoop command-line option parsing not performed. Implement the Tool interface and execute your application with ToolRunner to remedy this.
19/03/05 15:41:30 INFO input.FileInputFormat: Total input paths to process : 1
19/03/05 15:41:30 INFO mapreduce.JobSubmitter: number of splits:1
19/03/05 15:41:30 INFO mapreduce.JobSubmitter: Submitting tokens for job: job_1551829196698_0006
19/03/05 15:41:30 INFO impl.YarnClientImpl: Submitted application application_1551829196698_0006
19/03/05 15:41:30 INFO mapreduce.Job: The url to track the job: http://comet-11-69.ibnet:8088/proxy/application_1551829196698_0006/
19/03/05 15:41:30 INFO mapreduce.Job: Running job: job_1551829196698_0006
19/03/05 15:41:34 INFO mapreduce.Job: Job job_1551829196698_0006 running in uber mode : false
19/03/05 15:41:34 INFO mapreduce.Job:  map 0% reduce 0%
19/03/05 15:41:41 INFO mapreduce.Job:  map 100% reduce 0%
19/03/05 15:41:48 INFO mapreduce.Job:  map 100% reduce 100%
19/03/05 15:41:48 INFO mapreduce.Job: Job job_1551829196698_0006 completed successfully
19/03/05 15:41:48 INFO mapreduce.Job: Counters: 49
	File System Counters
		FILE: Number of bytes read=51269745
		FILE: Number of bytes written=103151897
		FILE: Number of read operations=0
		FILE: Number of large read operations=0
		FILE: Number of write operations=0
		HDFS: Number of bytes read=13536949
		HDFS: Number of bytes written=13536811
		HDFS: Number of read operations=7
		HDFS: Number of large read operations=0
		HDFS: Number of write operations=2
	Job Counters 
		Launched map tasks=1
		Launched reduce tasks=1
		Data-local map tasks=1
		Total time spent by all maps in occupied slots (ms)=4297
		Total time spent by all reduces in occupied slots (ms)=3173
		Total time spent by all map tasks (ms)=4297
		Total time spent by all reduce tasks (ms)=3173
		Total vcore-seconds taken by all map tasks=4297
		Total vcore-seconds taken by all reduce tasks=3173
		Total megabyte-seconds taken by all map tasks=4400128
		Total megabyte-seconds taken by all reduce tasks=3249152
	Map-Reduce Framework
		Map input records=100000
		Map output records=1300888
		Map output bytes=48633744
		Map output materialized bytes=51269745
		Input split bytes=138
		Combine input records=0
		Combine output records=0
		Reduce input groups=100000
		Reduce shuffle bytes=51269745
		Reduce input records=1300888
		Reduce output records=100000
		Spilled Records=2601776
		Shuffled Maps =1
		Failed Shuffles=0
		Merged Map outputs=1
		GC time elapsed (ms)=95
		CPU time spent (ms)=7400
		Physical memory (bytes) snapshot=502108160
		Virtual memory (bytes) snapshot=4345540608
		Total committed heap usage (bytes)=336068608
	Shuffle Errors
		BAD_ID=0
		CONNECTION=0
		IO_ERROR=0
		WRONG_LENGTH=0
		WRONG_MAP=0
		WRONG_REDUCE=0
	File Input Format Counters 
		Bytes Read=13536811
	File Output Format Counters 
		Bytes Written=13536811
19/03/05 15:41:48 INFO client.RMProxy: Connecting to ResourceManager at comet-11-69.ibnet/10.22.253.50:8032
19/03/05 15:41:48 WARN mapreduce.JobSubmitter: Hadoop command-line option parsing not performed. Implement the Tool interface and execute your application with ToolRunner to remedy this.
19/03/05 15:41:48 INFO input.FileInputFormat: Total input paths to process : 1
19/03/05 15:41:48 INFO mapreduce.JobSubmitter: number of splits:1
19/03/05 15:41:48 INFO mapreduce.JobSubmitter: Submitting tokens for job: job_1551829196698_0007
19/03/05 15:41:48 INFO impl.YarnClientImpl: Submitted application application_1551829196698_0007
19/03/05 15:41:48 INFO mapreduce.Job: The url to track the job: http://comet-11-69.ibnet:8088/proxy/application_1551829196698_0007/
19/03/05 15:41:48 INFO mapreduce.Job: Running job: job_1551829196698_0007
19/03/05 15:41:52 INFO mapreduce.Job: Job job_1551829196698_0007 running in uber mode : false
19/03/05 15:41:52 INFO mapreduce.Job:  map 0% reduce 0%
19/03/05 15:41:56 INFO mapreduce.Job:  map 100% reduce 0%
19/03/05 15:42:01 INFO mapreduce.Job:  map 100% reduce 100%
19/03/05 15:42:01 INFO mapreduce.Job: Job job_1551829196698_0007 completed successfully
19/03/05 15:42:01 INFO mapreduce.Job: Counters: 49
	File System Counters
		FILE: Number of bytes read=1400006
		FILE: Number of bytes written=3011927
		FILE: Number of read operations=0
		FILE: Number of large read operations=0
		FILE: Number of write operations=0
		HDFS: Number of bytes read=13536949
		HDFS: Number of bytes written=64
		HDFS: Number of read operations=7
		HDFS: Number of large read operations=0
		HDFS: Number of write operations=2
	Job Counters 
		Launched map tasks=1
		Launched reduce tasks=1
		Data-local map tasks=1
		Total time spent by all maps in occupied slots (ms)=2205
		Total time spent by all reduces in occupied slots (ms)=1994
		Total time spent by all map tasks (ms)=2205
		Total time spent by all reduce tasks (ms)=1994
		Total vcore-seconds taken by all map tasks=2205
		Total vcore-seconds taken by all reduce tasks=1994
		Total megabyte-seconds taken by all map tasks=2257920
		Total megabyte-seconds taken by all reduce tasks=2041856
	Map-Reduce Framework
		Map input records=100000
		Map output records=100000
		Map output bytes=1200000
		Map output materialized bytes=1400006
		Input split bytes=138
		Combine input records=0
		Combine output records=0
		Reduce input groups=12
		Reduce shuffle bytes=1400006
		Reduce input records=100000
		Reduce output records=12
		Spilled Records=200000
		Shuffled Maps =1
		Failed Shuffles=0
		Merged Map outputs=1
		GC time elapsed (ms)=84
		CPU time spent (ms)=3080
		Physical memory (bytes) snapshot=482914304
		Virtual memory (bytes) snapshot=4337557504
		Total committed heap usage (bytes)=340787200
	Shuffle Errors
		BAD_ID=0
		CONNECTION=0
		IO_ERROR=0
		WRONG_LENGTH=0
		WRONG_MAP=0
		WRONG_REDUCE=0
	File Input Format Counters 
		Bytes Read=13536811
	File Output Format Counters 
		Bytes Written=64
19/03/05 15:42:01 WARN util.NativeCodeLoader: Unable to load native-hadoop library for your platform... using builtin-java classes where applicable
stopping yarn daemons
stopping resourcemanager
comet-11-69.ibnet: stopping nodemanager
comet-11-69.ibnet: nodemanager did not stop gracefully after 5 seconds: killing with kill -9
comet-11-70.ibnet: stopping nodemanager
comet-11-70.ibnet: nodemanager did not stop gracefully after 5 seconds: killing with kill -9
comet-11-71.ibnet: stopping nodemanager
comet-11-71.ibnet: nodemanager did not stop gracefully after 5 seconds: killing with kill -9
no proxyserver to stop
19/03/05 15:42:13 WARN util.NativeCodeLoader: Unable to load native-hadoop library for your platform... using builtin-java classes where applicable
Stopping namenodes on [comet-11-69.ibnet]
comet-11-69.ibnet: stopping namenode
comet-11-69.ibnet: stopping datanode
comet-11-71.ibnet: stopping datanode
comet-11-70.ibnet: stopping datanode
Stopping secondary namenodes [comet-11-69.ibnet]
comet-11-69.ibnet: stopping secondarynamenode
19/03/05 15:42:31 WARN util.NativeCodeLoader: Unable to load native-hadoop library for your platform... using builtin-java classes where applicable
Copying Hadoop logs back to /home/aravikum/cometcluster/logs...
`/scratch/aravikum/21785066/logs' -> `/home/aravikum/cometcluster/logs'
`/scratch/aravikum/21785066/logs/yarn-aravikum-resourcemanager-comet-11-69.out' -> `/home/aravikum/cometcluster/logs/yarn-aravikum-resourcemanager-comet-11-69.out'
`/scratch/aravikum/21785066/logs/yarn-aravikum-nodemanager-comet-11-69.sdsc.edu.out' -> `/home/aravikum/cometcluster/logs/yarn-aravikum-nodemanager-comet-11-69.sdsc.edu.out'
`/scratch/aravikum/21785066/logs/hadoop-aravikum-namenode-comet-11-69.sdsc.edu.out' -> `/home/aravikum/cometcluster/logs/hadoop-aravikum-namenode-comet-11-69.sdsc.edu.out'
`/scratch/aravikum/21785066/logs/hadoop-aravikum-secondarynamenode-comet-11-69.sdsc.edu.log' -> `/home/aravikum/cometcluster/logs/hadoop-aravikum-secondarynamenode-comet-11-69.sdsc.edu.log'
`/scratch/aravikum/21785066/logs/SecurityAuth-aravikum.audit' -> `/home/aravikum/cometcluster/logs/SecurityAuth-aravikum.audit'
`/scratch/aravikum/21785066/logs/hadoop-aravikum-datanode-comet-11-69.sdsc.edu.out' -> `/home/aravikum/cometcluster/logs/hadoop-aravikum-datanode-comet-11-69.sdsc.edu.out'
`/scratch/aravikum/21785066/logs/hadoop-aravikum-datanode-comet-11-69.sdsc.edu.log' -> `/home/aravikum/cometcluster/logs/hadoop-aravikum-datanode-comet-11-69.sdsc.edu.log'
`/scratch/aravikum/21785066/logs/hadoop-aravikum-secondarynamenode-comet-11-69.sdsc.edu.out' -> `/home/aravikum/cometcluster/logs/hadoop-aravikum-secondarynamenode-comet-11-69.sdsc.edu.out'
`/scratch/aravikum/21785066/logs/yarn-aravikum-nodemanager-comet-11-69.sdsc.edu.log' -> `/home/aravikum/cometcluster/logs/yarn-aravikum-nodemanager-comet-11-69.sdsc.edu.log'
`/scratch/aravikum/21785066/logs/userlogs' -> `/home/aravikum/cometcluster/logs/userlogs'
`/scratch/aravikum/21785066/logs/userlogs/application_1551829196698_0001' -> `/home/aravikum/cometcluster/logs/userlogs/application_1551829196698_0001'
`/scratch/aravikum/21785066/logs/userlogs/application_1551829196698_0001/container_1551829196698_0001_01_000002' -> `/home/aravikum/cometcluster/logs/userlogs/application_1551829196698_0001/container_1551829196698_0001_01_000002'
`/scratch/aravikum/21785066/logs/userlogs/application_1551829196698_0001/container_1551829196698_0001_01_000002/stderr' -> `/home/aravikum/cometcluster/logs/userlogs/application_1551829196698_0001/container_1551829196698_0001_01_000002/stderr'
`/scratch/aravikum/21785066/logs/userlogs/application_1551829196698_0001/container_1551829196698_0001_01_000002/stdout' -> `/home/aravikum/cometcluster/logs/userlogs/application_1551829196698_0001/container_1551829196698_0001_01_000002/stdout'
`/scratch/aravikum/21785066/logs/userlogs/application_1551829196698_0001/container_1551829196698_0001_01_000002/syslog' -> `/home/aravikum/cometcluster/logs/userlogs/application_1551829196698_0001/container_1551829196698_0001_01_000002/syslog'
`/scratch/aravikum/21785066/logs/userlogs/application_1551829196698_0001/container_1551829196698_0001_01_000001' -> `/home/aravikum/cometcluster/logs/userlogs/application_1551829196698_0001/container_1551829196698_0001_01_000001'
`/scratch/aravikum/21785066/logs/userlogs/application_1551829196698_0001/container_1551829196698_0001_01_000001/syslog' -> `/home/aravikum/cometcluster/logs/userlogs/application_1551829196698_0001/container_1551829196698_0001_01_000001/syslog'
`/scratch/aravikum/21785066/logs/userlogs/application_1551829196698_0001/container_1551829196698_0001_01_000001/stdout' -> `/home/aravikum/cometcluster/logs/userlogs/application_1551829196698_0001/container_1551829196698_0001_01_000001/stdout'
`/scratch/aravikum/21785066/logs/userlogs/application_1551829196698_0001/container_1551829196698_0001_01_000001/stderr' -> `/home/aravikum/cometcluster/logs/userlogs/application_1551829196698_0001/container_1551829196698_0001_01_000001/stderr'
`/scratch/aravikum/21785066/logs/userlogs/application_1551829196698_0007' -> `/home/aravikum/cometcluster/logs/userlogs/application_1551829196698_0007'
`/scratch/aravikum/21785066/logs/userlogs/application_1551829196698_0007/container_1551829196698_0007_01_000001' -> `/home/aravikum/cometcluster/logs/userlogs/application_1551829196698_0007/container_1551829196698_0007_01_000001'
`/scratch/aravikum/21785066/logs/userlogs/application_1551829196698_0007/container_1551829196698_0007_01_000001/syslog' -> `/home/aravikum/cometcluster/logs/userlogs/application_1551829196698_0007/container_1551829196698_0007_01_000001/syslog'
`/scratch/aravikum/21785066/logs/userlogs/application_1551829196698_0007/container_1551829196698_0007_01_000001/stdout' -> `/home/aravikum/cometcluster/logs/userlogs/application_1551829196698_0007/container_1551829196698_0007_01_000001/stdout'
`/scratch/aravikum/21785066/logs/userlogs/application_1551829196698_0007/container_1551829196698_0007_01_000001/stderr' -> `/home/aravikum/cometcluster/logs/userlogs/application_1551829196698_0007/container_1551829196698_0007_01_000001/stderr'
`/scratch/aravikum/21785066/logs/hadoop-aravikum-namenode-comet-11-69.sdsc.edu.log' -> `/home/aravikum/cometcluster/logs/hadoop-aravikum-namenode-comet-11-69.sdsc.edu.log'
`/scratch/aravikum/21785066/logs/yarn-aravikum-resourcemanager-comet-11-69.log' -> `/home/aravikum/cometcluster/logs/yarn-aravikum-resourcemanager-comet-11-69.log'
removed directory: `/scratch/aravikum/21785066/mapred_scratch/filecache'
removed directory: `/scratch/aravikum/21785066/mapred_scratch/nmPrivate'
removed directory: `/scratch/aravikum/21785066/mapred_scratch/usercache/aravikum/filecache'
removed directory: `/scratch/aravikum/21785066/mapred_scratch/usercache/aravikum/appcache'
removed directory: `/scratch/aravikum/21785066/mapred_scratch/usercache/aravikum'
removed directory: `/scratch/aravikum/21785066/mapred_scratch/usercache'
removed directory: `/scratch/aravikum/21785066/mapred_scratch'
removed `/scratch/aravikum/21785066/tmp/dfs/namesecondary/current/fsimage_0000000000000000222'
removed `/scratch/aravikum/21785066/tmp/dfs/namesecondary/current/VERSION'
removed `/scratch/aravikum/21785066/tmp/dfs/namesecondary/current/fsimage_0000000000000000000'
removed `/scratch/aravikum/21785066/tmp/dfs/namesecondary/current/fsimage_0000000000000000000.md5'
removed `/scratch/aravikum/21785066/tmp/dfs/namesecondary/current/fsimage_0000000000000000222.md5'
removed `/scratch/aravikum/21785066/tmp/dfs/namesecondary/current/edits_0000000000000000001-0000000000000000222'
removed directory: `/scratch/aravikum/21785066/tmp/dfs/namesecondary/current'
removed directory: `/scratch/aravikum/21785066/tmp/dfs/namesecondary'
removed directory: `/scratch/aravikum/21785066/tmp/dfs'
removed directory: `/scratch/aravikum/21785066/tmp'
removed `/scratch/aravikum/21785066/namenode_data/current/VERSION'
removed `/scratch/aravikum/21785066/namenode_data/current/fsimage_0000000000000000222'
removed `/scratch/aravikum/21785066/namenode_data/current/edits_0000000000000000001-0000000000000000222'
removed `/scratch/aravikum/21785066/namenode_data/current/fsimage_0000000000000000000'
removed `/scratch/aravikum/21785066/namenode_data/current/edits_inprogress_0000000000000000223'
removed `/scratch/aravikum/21785066/namenode_data/current/fsimage_0000000000000000000.md5'
removed `/scratch/aravikum/21785066/namenode_data/current/fsimage_0000000000000000222.md5'
removed `/scratch/aravikum/21785066/namenode_data/current/seen_txid'
removed directory: `/scratch/aravikum/21785066/namenode_data/current'
removed directory: `/scratch/aravikum/21785066/namenode_data'
removed `/scratch/aravikum/21785066/hdfs_data/current/VERSION'
removed directory: `/scratch/aravikum/21785066/hdfs_data/current/BP-598378217-198.202.112.194-1551829179589/current/rbw'
removed `/scratch/aravikum/21785066/hdfs_data/current/BP-598378217-198.202.112.194-1551829179589/current/dfsUsed'
removed `/scratch/aravikum/21785066/hdfs_data/current/BP-598378217-198.202.112.194-1551829179589/current/finalized/subdir0/subdir0/blk_1073741855'
removed `/scratch/aravikum/21785066/hdfs_data/current/BP-598378217-198.202.112.194-1551829179589/current/finalized/subdir0/subdir0/blk_1073741852_1028.meta'
removed `/scratch/aravikum/21785066/hdfs_data/current/BP-598378217-198.202.112.194-1551829179589/current/finalized/subdir0/subdir0/blk_1073741825_1001.meta'
removed `/scratch/aravikum/21785066/hdfs_data/current/BP-598378217-198.202.112.194-1551829179589/current/finalized/subdir0/subdir0/blk_1073741883'
removed `/scratch/aravikum/21785066/hdfs_data/current/BP-598378217-198.202.112.194-1551829179589/current/finalized/subdir0/subdir0/blk_1073741865_1041.meta'
removed `/scratch/aravikum/21785066/hdfs_data/current/BP-598378217-198.202.112.194-1551829179589/current/finalized/subdir0/subdir0/blk_1073741874'
removed `/scratch/aravikum/21785066/hdfs_data/current/BP-598378217-198.202.112.194-1551829179589/current/finalized/subdir0/subdir0/blk_1073741873'
removed `/scratch/aravikum/21785066/hdfs_data/current/BP-598378217-198.202.112.194-1551829179589/current/finalized/subdir0/subdir0/blk_1073741882_1058.meta'
removed `/scratch/aravikum/21785066/hdfs_data/current/BP-598378217-198.202.112.194-1551829179589/current/finalized/subdir0/subdir0/blk_1073741884'
removed `/scratch/aravikum/21785066/hdfs_data/current/BP-598378217-198.202.112.194-1551829179589/current/finalized/subdir0/subdir0/blk_1073741854_1030.meta'
removed `/scratch/aravikum/21785066/hdfs_data/current/BP-598378217-198.202.112.194-1551829179589/current/finalized/subdir0/subdir0/blk_1073741885_1061.meta'
removed `/scratch/aravikum/21785066/hdfs_data/current/BP-598378217-198.202.112.194-1551829179589/current/finalized/subdir0/subdir0/blk_1073741852'
removed `/scratch/aravikum/21785066/hdfs_data/current/BP-598378217-198.202.112.194-1551829179589/current/finalized/subdir0/subdir0/blk_1073741825'
removed `/scratch/aravikum/21785066/hdfs_data/current/BP-598378217-198.202.112.194-1551829179589/current/finalized/subdir0/subdir0/blk_1073741883_1059.meta'
removed `/scratch/aravikum/21785066/hdfs_data/current/BP-598378217-198.202.112.194-1551829179589/current/finalized/subdir0/subdir0/blk_1073741864'
removed `/scratch/aravikum/21785066/hdfs_data/current/BP-598378217-198.202.112.194-1551829179589/current/finalized/subdir0/subdir0/blk_1073741855_1031.meta'
removed `/scratch/aravikum/21785066/hdfs_data/current/BP-598378217-198.202.112.194-1551829179589/current/finalized/subdir0/subdir0/blk_1073741884_1060.meta'
removed `/scratch/aravikum/21785066/hdfs_data/current/BP-598378217-198.202.112.194-1551829179589/current/finalized/subdir0/subdir0/blk_1073741845'
removed `/scratch/aravikum/21785066/hdfs_data/current/BP-598378217-198.202.112.194-1551829179589/current/finalized/subdir0/subdir0/blk_1073741832'
removed `/scratch/aravikum/21785066/hdfs_data/current/BP-598378217-198.202.112.194-1551829179589/current/finalized/subdir0/subdir0/blk_1073741893'
removed `/scratch/aravikum/21785066/hdfs_data/current/BP-598378217-198.202.112.194-1551829179589/current/finalized/subdir0/subdir0/blk_1073741894'
removed `/scratch/aravikum/21785066/hdfs_data/current/BP-598378217-198.202.112.194-1551829179589/current/finalized/subdir0/subdir0/blk_1073741835'
removed `/scratch/aravikum/21785066/hdfs_data/current/BP-598378217-198.202.112.194-1551829179589/current/finalized/subdir0/subdir0/blk_1073741842'
removed `/scratch/aravikum/21785066/hdfs_data/current/BP-598378217-198.202.112.194-1551829179589/current/finalized/subdir0/subdir0/blk_1073741853_1029.meta'
removed `/scratch/aravikum/21785066/hdfs_data/current/BP-598378217-198.202.112.194-1551829179589/current/finalized/subdir0/subdir0/blk_1073741864_1040.meta'
removed `/scratch/aravikum/21785066/hdfs_data/current/BP-598378217-198.202.112.194-1551829179589/current/finalized/subdir0/subdir0/blk_1073741863'
removed `/scratch/aravikum/21785066/hdfs_data/current/BP-598378217-198.202.112.194-1551829179589/current/finalized/subdir0/subdir0/blk_1073741872_1048.meta'
removed `/scratch/aravikum/21785066/hdfs_data/current/BP-598378217-198.202.112.194-1551829179589/current/finalized/subdir0/subdir0/blk_1073741862_1038.meta'
removed `/scratch/aravikum/21785066/hdfs_data/current/BP-598378217-198.202.112.194-1551829179589/current/finalized/subdir0/subdir0/blk_1073741885'
removed `/scratch/aravikum/21785066/hdfs_data/current/BP-598378217-198.202.112.194-1551829179589/current/finalized/subdir0/subdir0/blk_1073741853'
removed `/scratch/aravikum/21785066/hdfs_data/current/BP-598378217-198.202.112.194-1551829179589/current/finalized/subdir0/subdir0/blk_1073741842_1018.meta'
removed `/scratch/aravikum/21785066/hdfs_data/current/BP-598378217-198.202.112.194-1551829179589/current/finalized/subdir0/subdir0/blk_1073741872'
removed `/scratch/aravikum/21785066/hdfs_data/current/BP-598378217-198.202.112.194-1551829179589/current/finalized/subdir0/subdir0/blk_1073741894_1070.meta'
removed `/scratch/aravikum/21785066/hdfs_data/current/BP-598378217-198.202.112.194-1551829179589/current/finalized/subdir0/subdir0/blk_1073741845_1021.meta'
removed `/scratch/aravikum/21785066/hdfs_data/current/BP-598378217-198.202.112.194-1551829179589/current/finalized/subdir0/subdir0/blk_1073741832_1008.meta'
removed `/scratch/aravikum/21785066/hdfs_data/current/BP-598378217-198.202.112.194-1551829179589/current/finalized/subdir0/subdir0/blk_1073741834_1010.meta'
removed `/scratch/aravikum/21785066/hdfs_data/current/BP-598378217-198.202.112.194-1551829179589/current/finalized/subdir0/subdir0/blk_1073741892_1068.meta'
removed `/scratch/aravikum/21785066/hdfs_data/current/BP-598378217-198.202.112.194-1551829179589/current/finalized/subdir0/subdir0/blk_1073741875'
removed `/scratch/aravikum/21785066/hdfs_data/current/BP-598378217-198.202.112.194-1551829179589/current/finalized/subdir0/subdir0/blk_1073741854'
removed `/scratch/aravikum/21785066/hdfs_data/current/BP-598378217-198.202.112.194-1551829179589/current/finalized/subdir0/subdir0/blk_1073741882'
removed `/scratch/aravikum/21785066/hdfs_data/current/BP-598378217-198.202.112.194-1551829179589/current/finalized/subdir0/subdir0/blk_1073741874_1050.meta'
removed `/scratch/aravikum/21785066/hdfs_data/current/BP-598378217-198.202.112.194-1551829179589/current/finalized/subdir0/subdir0/blk_1073741862'
removed `/scratch/aravikum/21785066/hdfs_data/current/BP-598378217-198.202.112.194-1551829179589/current/finalized/subdir0/subdir0/blk_1073741835_1011.meta'
removed `/scratch/aravikum/21785066/hdfs_data/current/BP-598378217-198.202.112.194-1551829179589/current/finalized/subdir0/subdir0/blk_1073741893_1069.meta'
removed `/scratch/aravikum/21785066/hdfs_data/current/BP-598378217-198.202.112.194-1551829179589/current/finalized/subdir0/subdir0/blk_1073741895'
removed `/scratch/aravikum/21785066/hdfs_data/current/BP-598378217-198.202.112.194-1551829179589/current/finalized/subdir0/subdir0/blk_1073741875_1051.meta'
removed `/scratch/aravikum/21785066/hdfs_data/current/BP-598378217-198.202.112.194-1551829179589/current/finalized/subdir0/subdir0/blk_1073741843'
removed `/scratch/aravikum/21785066/hdfs_data/current/BP-598378217-198.202.112.194-1551829179589/current/finalized/subdir0/subdir0/blk_1073741834'
removed `/scratch/aravikum/21785066/hdfs_data/current/BP-598378217-198.202.112.194-1551829179589/current/finalized/subdir0/subdir0/blk_1073741833'
removed `/scratch/aravikum/21785066/hdfs_data/current/BP-598378217-198.202.112.194-1551829179589/current/finalized/subdir0/subdir0/blk_1073741844'
removed `/scratch/aravikum/21785066/hdfs_data/current/BP-598378217-198.202.112.194-1551829179589/current/finalized/subdir0/subdir0/blk_1073741843_1019.meta'
removed `/scratch/aravikum/21785066/hdfs_data/current/BP-598378217-198.202.112.194-1551829179589/current/finalized/subdir0/subdir0/blk_1073741873_1049.meta'
removed `/scratch/aravikum/21785066/hdfs_data/current/BP-598378217-198.202.112.194-1551829179589/current/finalized/subdir0/subdir0/blk_1073741863_1039.meta'
removed `/scratch/aravikum/21785066/hdfs_data/current/BP-598378217-198.202.112.194-1551829179589/current/finalized/subdir0/subdir0/blk_1073741892'
removed `/scratch/aravikum/21785066/hdfs_data/current/BP-598378217-198.202.112.194-1551829179589/current/finalized/subdir0/subdir0/blk_1073741895_1071.meta'
removed `/scratch/aravikum/21785066/hdfs_data/current/BP-598378217-198.202.112.194-1551829179589/current/finalized/subdir0/subdir0/blk_1073741844_1020.meta'
removed `/scratch/aravikum/21785066/hdfs_data/current/BP-598378217-198.202.112.194-1551829179589/current/finalized/subdir0/subdir0/blk_1073741833_1009.meta'
removed `/scratch/aravikum/21785066/hdfs_data/current/BP-598378217-198.202.112.194-1551829179589/current/finalized/subdir0/subdir0/blk_1073741865'
removed directory: `/scratch/aravikum/21785066/hdfs_data/current/BP-598378217-198.202.112.194-1551829179589/current/finalized/subdir0/subdir0'
removed directory: `/scratch/aravikum/21785066/hdfs_data/current/BP-598378217-198.202.112.194-1551829179589/current/finalized/subdir0'
removed directory: `/scratch/aravikum/21785066/hdfs_data/current/BP-598378217-198.202.112.194-1551829179589/current/finalized'
removed `/scratch/aravikum/21785066/hdfs_data/current/BP-598378217-198.202.112.194-1551829179589/current/VERSION'
removed directory: `/scratch/aravikum/21785066/hdfs_data/current/BP-598378217-198.202.112.194-1551829179589/current'
removed `/scratch/aravikum/21785066/hdfs_data/current/BP-598378217-198.202.112.194-1551829179589/dncp_block_verification.log.curr'
removed `/scratch/aravikum/21785066/hdfs_data/current/BP-598378217-198.202.112.194-1551829179589/dncp_block_verification.log.prev'
removed directory: `/scratch/aravikum/21785066/hdfs_data/current/BP-598378217-198.202.112.194-1551829179589/tmp'
removed directory: `/scratch/aravikum/21785066/hdfs_data/current/BP-598378217-198.202.112.194-1551829179589'
removed directory: `/scratch/aravikum/21785066/hdfs_data/current'
removed directory: `/scratch/aravikum/21785066/hdfs_data'
removed directory: `/scratch/aravikum/21785066/pids'
removed `/scratch/aravikum/21785066/logs/yarn-aravikum-resourcemanager-comet-11-69.out'
removed `/scratch/aravikum/21785066/logs/yarn-aravikum-nodemanager-comet-11-69.sdsc.edu.out'
removed `/scratch/aravikum/21785066/logs/hadoop-aravikum-namenode-comet-11-69.sdsc.edu.out'
removed `/scratch/aravikum/21785066/logs/hadoop-aravikum-secondarynamenode-comet-11-69.sdsc.edu.log'
removed `/scratch/aravikum/21785066/logs/SecurityAuth-aravikum.audit'
removed `/scratch/aravikum/21785066/logs/hadoop-aravikum-datanode-comet-11-69.sdsc.edu.out'
removed `/scratch/aravikum/21785066/logs/hadoop-aravikum-datanode-comet-11-69.sdsc.edu.log'
removed `/scratch/aravikum/21785066/logs/hadoop-aravikum-secondarynamenode-comet-11-69.sdsc.edu.out'
removed `/scratch/aravikum/21785066/logs/yarn-aravikum-nodemanager-comet-11-69.sdsc.edu.log'
removed `/scratch/aravikum/21785066/logs/userlogs/application_1551829196698_0001/container_1551829196698_0001_01_000002/stderr'
removed `/scratch/aravikum/21785066/logs/userlogs/application_1551829196698_0001/container_1551829196698_0001_01_000002/stdout'
removed `/scratch/aravikum/21785066/logs/userlogs/application_1551829196698_0001/container_1551829196698_0001_01_000002/syslog'
removed directory: `/scratch/aravikum/21785066/logs/userlogs/application_1551829196698_0001/container_1551829196698_0001_01_000002'
removed `/scratch/aravikum/21785066/logs/userlogs/application_1551829196698_0001/container_1551829196698_0001_01_000001/syslog'
removed `/scratch/aravikum/21785066/logs/userlogs/application_1551829196698_0001/container_1551829196698_0001_01_000001/stdout'
removed `/scratch/aravikum/21785066/logs/userlogs/application_1551829196698_0001/container_1551829196698_0001_01_000001/stderr'
removed directory: `/scratch/aravikum/21785066/logs/userlogs/application_1551829196698_0001/container_1551829196698_0001_01_000001'
removed directory: `/scratch/aravikum/21785066/logs/userlogs/application_1551829196698_0001'
removed `/scratch/aravikum/21785066/logs/userlogs/application_1551829196698_0007/container_1551829196698_0007_01_000001/syslog'
removed `/scratch/aravikum/21785066/logs/userlogs/application_1551829196698_0007/container_1551829196698_0007_01_000001/stdout'
removed `/scratch/aravikum/21785066/logs/userlogs/application_1551829196698_0007/container_1551829196698_0007_01_000001/stderr'
removed directory: `/scratch/aravikum/21785066/logs/userlogs/application_1551829196698_0007/container_1551829196698_0007_01_000001'
removed directory: `/scratch/aravikum/21785066/logs/userlogs/application_1551829196698_0007'
removed directory: `/scratch/aravikum/21785066/logs/userlogs'
removed `/scratch/aravikum/21785066/logs/hadoop-aravikum-namenode-comet-11-69.sdsc.edu.log'
removed `/scratch/aravikum/21785066/logs/yarn-aravikum-resourcemanager-comet-11-69.log'
removed directory: `/scratch/aravikum/21785066/logs'
removed directory: `/scratch/aravikum/21785066/mapred_scratch/filecache'
removed directory: `/scratch/aravikum/21785066/mapred_scratch/usercache/aravikum/appcache'
removed directory: `/scratch/aravikum/21785066/mapred_scratch/usercache/aravikum/filecache'
removed directory: `/scratch/aravikum/21785066/mapred_scratch/usercache/aravikum'
removed directory: `/scratch/aravikum/21785066/mapred_scratch/usercache'
removed directory: `/scratch/aravikum/21785066/mapred_scratch/nmPrivate'
removed directory: `/scratch/aravikum/21785066/mapred_scratch'
removed `/scratch/aravikum/21785066/hdfs_data/current/BP-598378217-198.202.112.194-1551829179589/dncp_block_verification.log.curr'
removed directory: `/scratch/aravikum/21785066/hdfs_data/current/BP-598378217-198.202.112.194-1551829179589/tmp'
removed `/scratch/aravikum/21785066/hdfs_data/current/BP-598378217-198.202.112.194-1551829179589/current/finalized/subdir0/subdir0/blk_1073741873_1049.meta'
removed `/scratch/aravikum/21785066/hdfs_data/current/BP-598378217-198.202.112.194-1551829179589/current/finalized/subdir0/subdir0/blk_1073741863_1039.meta'
removed `/scratch/aravikum/21785066/hdfs_data/current/BP-598378217-198.202.112.194-1551829179589/current/finalized/subdir0/subdir0/blk_1073741865'
removed `/scratch/aravikum/21785066/hdfs_data/current/BP-598378217-198.202.112.194-1551829179589/current/finalized/subdir0/subdir0/blk_1073741843_1019.meta'
removed `/scratch/aravikum/21785066/hdfs_data/current/BP-598378217-198.202.112.194-1551829179589/current/finalized/subdir0/subdir0/blk_1073741892'
removed `/scratch/aravikum/21785066/hdfs_data/current/BP-598378217-198.202.112.194-1551829179589/current/finalized/subdir0/subdir0/blk_1073741833'
removed `/scratch/aravikum/21785066/hdfs_data/current/BP-598378217-198.202.112.194-1551829179589/current/finalized/subdir0/subdir0/blk_1073741844'
removed `/scratch/aravikum/21785066/hdfs_data/current/BP-598378217-198.202.112.194-1551829179589/current/finalized/subdir0/subdir0/blk_1073741844_1020.meta'
removed `/scratch/aravikum/21785066/hdfs_data/current/BP-598378217-198.202.112.194-1551829179589/current/finalized/subdir0/subdir0/blk_1073741895_1071.meta'
removed `/scratch/aravikum/21785066/hdfs_data/current/BP-598378217-198.202.112.194-1551829179589/current/finalized/subdir0/subdir0/blk_1073741833_1009.meta'
removed `/scratch/aravikum/21785066/hdfs_data/current/BP-598378217-198.202.112.194-1551829179589/current/finalized/subdir0/subdir0/blk_1073741835_1011.meta'
removed `/scratch/aravikum/21785066/hdfs_data/current/BP-598378217-198.202.112.194-1551829179589/current/finalized/subdir0/subdir0/blk_1073741843'
removed `/scratch/aravikum/21785066/hdfs_data/current/BP-598378217-198.202.112.194-1551829179589/current/finalized/subdir0/subdir0/blk_1073741834'
removed `/scratch/aravikum/21785066/hdfs_data/current/BP-598378217-198.202.112.194-1551829179589/current/finalized/subdir0/subdir0/blk_1073741893_1069.meta'
removed `/scratch/aravikum/21785066/hdfs_data/current/BP-598378217-198.202.112.194-1551829179589/current/finalized/subdir0/subdir0/blk_1073741895'
removed `/scratch/aravikum/21785066/hdfs_data/current/BP-598378217-198.202.112.194-1551829179589/current/finalized/subdir0/subdir0/blk_1073741862'
removed `/scratch/aravikum/21785066/hdfs_data/current/BP-598378217-198.202.112.194-1551829179589/current/finalized/subdir0/subdir0/blk_1073741875_1051.meta'
removed `/scratch/aravikum/21785066/hdfs_data/current/BP-598378217-198.202.112.194-1551829179589/current/finalized/subdir0/subdir0/blk_1073741882'
removed `/scratch/aravikum/21785066/hdfs_data/current/BP-598378217-198.202.112.194-1551829179589/current/finalized/subdir0/subdir0/blk_1073741834_1010.meta'
removed `/scratch/aravikum/21785066/hdfs_data/current/BP-598378217-198.202.112.194-1551829179589/current/finalized/subdir0/subdir0/blk_1073741854'
removed `/scratch/aravikum/21785066/hdfs_data/current/BP-598378217-198.202.112.194-1551829179589/current/finalized/subdir0/subdir0/blk_1073741892_1068.meta'
removed `/scratch/aravikum/21785066/hdfs_data/current/BP-598378217-198.202.112.194-1551829179589/current/finalized/subdir0/subdir0/blk_1073741875'
removed `/scratch/aravikum/21785066/hdfs_data/current/BP-598378217-198.202.112.194-1551829179589/current/finalized/subdir0/subdir0/blk_1073741874_1050.meta'
removed `/scratch/aravikum/21785066/hdfs_data/current/BP-598378217-198.202.112.194-1551829179589/current/finalized/subdir0/subdir0/blk_1073741842_1018.meta'
removed `/scratch/aravikum/21785066/hdfs_data/current/BP-598378217-198.202.112.194-1551829179589/current/finalized/subdir0/subdir0/blk_1073741872_1048.meta'
removed `/scratch/aravikum/21785066/hdfs_data/current/BP-598378217-198.202.112.194-1551829179589/current/finalized/subdir0/subdir0/blk_1073741862_1038.meta'
removed `/scratch/aravikum/21785066/hdfs_data/current/BP-598378217-198.202.112.194-1551829179589/current/finalized/subdir0/subdir0/blk_1073741872'
removed `/scratch/aravikum/21785066/hdfs_data/current/BP-598378217-198.202.112.194-1551829179589/current/finalized/subdir0/subdir0/blk_1073741853'
removed `/scratch/aravikum/21785066/hdfs_data/current/BP-598378217-198.202.112.194-1551829179589/current/finalized/subdir0/subdir0/blk_1073741845_1021.meta'
removed `/scratch/aravikum/21785066/hdfs_data/current/BP-598378217-198.202.112.194-1551829179589/current/finalized/subdir0/subdir0/blk_1073741894_1070.meta'
removed `/scratch/aravikum/21785066/hdfs_data/current/BP-598378217-198.202.112.194-1551829179589/current/finalized/subdir0/subdir0/blk_1073741832_1008.meta'
removed `/scratch/aravikum/21785066/hdfs_data/current/BP-598378217-198.202.112.194-1551829179589/current/finalized/subdir0/subdir0/blk_1073741885'
removed `/scratch/aravikum/21785066/hdfs_data/current/BP-598378217-198.202.112.194-1551829179589/current/finalized/subdir0/subdir0/blk_1073741853_1029.meta'
removed `/scratch/aravikum/21785066/hdfs_data/current/BP-598378217-198.202.112.194-1551829179589/current/finalized/subdir0/subdir0/blk_1073741863'
removed `/scratch/aravikum/21785066/hdfs_data/current/BP-598378217-198.202.112.194-1551829179589/current/finalized/subdir0/subdir0/blk_1073741835'
removed `/scratch/aravikum/21785066/hdfs_data/current/BP-598378217-198.202.112.194-1551829179589/current/finalized/subdir0/subdir0/blk_1073741842'
removed `/scratch/aravikum/21785066/hdfs_data/current/BP-598378217-198.202.112.194-1551829179589/current/finalized/subdir0/subdir0/blk_1073741864_1040.meta'
removed `/scratch/aravikum/21785066/hdfs_data/current/BP-598378217-198.202.112.194-1551829179589/current/finalized/subdir0/subdir0/blk_1073741894'
removed `/scratch/aravikum/21785066/hdfs_data/current/BP-598378217-198.202.112.194-1551829179589/current/finalized/subdir0/subdir0/blk_1073741893'
removed `/scratch/aravikum/21785066/hdfs_data/current/BP-598378217-198.202.112.194-1551829179589/current/finalized/subdir0/subdir0/blk_1073741883_1059.meta'
removed `/scratch/aravikum/21785066/hdfs_data/current/BP-598378217-198.202.112.194-1551829179589/current/finalized/subdir0/subdir0/blk_1073741845'
removed `/scratch/aravikum/21785066/hdfs_data/current/BP-598378217-198.202.112.194-1551829179589/current/finalized/subdir0/subdir0/blk_1073741832'
removed `/scratch/aravikum/21785066/hdfs_data/current/BP-598378217-198.202.112.194-1551829179589/current/finalized/subdir0/subdir0/blk_1073741864'
removed `/scratch/aravikum/21785066/hdfs_data/current/BP-598378217-198.202.112.194-1551829179589/current/finalized/subdir0/subdir0/blk_1073741884_1060.meta'
removed `/scratch/aravikum/21785066/hdfs_data/current/BP-598378217-198.202.112.194-1551829179589/current/finalized/subdir0/subdir0/blk_1073741855_1031.meta'
removed `/scratch/aravikum/21785066/hdfs_data/current/BP-598378217-198.202.112.194-1551829179589/current/finalized/subdir0/subdir0/blk_1073741882_1058.meta'
removed `/scratch/aravikum/21785066/hdfs_data/current/BP-598378217-198.202.112.194-1551829179589/current/finalized/subdir0/subdir0/blk_1073741852'
removed `/scratch/aravikum/21785066/hdfs_data/current/BP-598378217-198.202.112.194-1551829179589/current/finalized/subdir0/subdir0/blk_1073741825'
removed `/scratch/aravikum/21785066/hdfs_data/current/BP-598378217-198.202.112.194-1551829179589/current/finalized/subdir0/subdir0/blk_1073741884'
removed `/scratch/aravikum/21785066/hdfs_data/current/BP-598378217-198.202.112.194-1551829179589/current/finalized/subdir0/subdir0/blk_1073741885_1061.meta'
removed `/scratch/aravikum/21785066/hdfs_data/current/BP-598378217-198.202.112.194-1551829179589/current/finalized/subdir0/subdir0/blk_1073741854_1030.meta'
removed `/scratch/aravikum/21785066/hdfs_data/current/BP-598378217-198.202.112.194-1551829179589/current/finalized/subdir0/subdir0/blk_1073741873'
removed `/scratch/aravikum/21785066/hdfs_data/current/BP-598378217-198.202.112.194-1551829179589/current/finalized/subdir0/subdir0/blk_1073741874'
removed `/scratch/aravikum/21785066/hdfs_data/current/BP-598378217-198.202.112.194-1551829179589/current/finalized/subdir0/subdir0/blk_1073741852_1028.meta'
removed `/scratch/aravikum/21785066/hdfs_data/current/BP-598378217-198.202.112.194-1551829179589/current/finalized/subdir0/subdir0/blk_1073741825_1001.meta'
removed `/scratch/aravikum/21785066/hdfs_data/current/BP-598378217-198.202.112.194-1551829179589/current/finalized/subdir0/subdir0/blk_1073741865_1041.meta'
removed `/scratch/aravikum/21785066/hdfs_data/current/BP-598378217-198.202.112.194-1551829179589/current/finalized/subdir0/subdir0/blk_1073741883'
removed `/scratch/aravikum/21785066/hdfs_data/current/BP-598378217-198.202.112.194-1551829179589/current/finalized/subdir0/subdir0/blk_1073741855'
removed directory: `/scratch/aravikum/21785066/hdfs_data/current/BP-598378217-198.202.112.194-1551829179589/current/finalized/subdir0/subdir0'
removed directory: `/scratch/aravikum/21785066/hdfs_data/current/BP-598378217-198.202.112.194-1551829179589/current/finalized/subdir0'
removed directory: `/scratch/aravikum/21785066/hdfs_data/current/BP-598378217-198.202.112.194-1551829179589/current/finalized'
removed `/scratch/aravikum/21785066/hdfs_data/current/BP-598378217-198.202.112.194-1551829179589/current/dfsUsed'
removed directory: `/scratch/aravikum/21785066/hdfs_data/current/BP-598378217-198.202.112.194-1551829179589/current/rbw'
removed `/scratch/aravikum/21785066/hdfs_data/current/BP-598378217-198.202.112.194-1551829179589/current/VERSION'
removed directory: `/scratch/aravikum/21785066/hdfs_data/current/BP-598378217-198.202.112.194-1551829179589/current'
removed `/scratch/aravikum/21785066/hdfs_data/current/BP-598378217-198.202.112.194-1551829179589/dncp_block_verification.log.prev'
removed directory: `/scratch/aravikum/21785066/hdfs_data/current/BP-598378217-198.202.112.194-1551829179589'
removed `/scratch/aravikum/21785066/hdfs_data/current/VERSION'
removed directory: `/scratch/aravikum/21785066/hdfs_data/current'
removed directory: `/scratch/aravikum/21785066/hdfs_data'
removed directory: `/scratch/aravikum/21785066/pids'
removed `/scratch/aravikum/21785066/logs/SecurityAuth-aravikum.audit'
removed `/scratch/aravikum/21785066/logs/yarn-aravikum-nodemanager-comet-11-70.sdsc.edu.log'
removed `/scratch/aravikum/21785066/logs/hadoop-aravikum-datanode-comet-11-70.sdsc.edu.out'
removed `/scratch/aravikum/21785066/logs/hadoop-aravikum-datanode-comet-11-70.sdsc.edu.log'
removed `/scratch/aravikum/21785066/logs/userlogs/application_1551829196698_0005/container_1551829196698_0005_01_000003/stderr'
removed `/scratch/aravikum/21785066/logs/userlogs/application_1551829196698_0005/container_1551829196698_0005_01_000003/stdout'
removed `/scratch/aravikum/21785066/logs/userlogs/application_1551829196698_0005/container_1551829196698_0005_01_000003/syslog'
removed directory: `/scratch/aravikum/21785066/logs/userlogs/application_1551829196698_0005/container_1551829196698_0005_01_000003'
removed `/scratch/aravikum/21785066/logs/userlogs/application_1551829196698_0005/container_1551829196698_0005_01_000002/syslog'
removed `/scratch/aravikum/21785066/logs/userlogs/application_1551829196698_0005/container_1551829196698_0005_01_000002/stdout'
removed `/scratch/aravikum/21785066/logs/userlogs/application_1551829196698_0005/container_1551829196698_0005_01_000002/stderr'
removed directory: `/scratch/aravikum/21785066/logs/userlogs/application_1551829196698_0005/container_1551829196698_0005_01_000002'
removed `/scratch/aravikum/21785066/logs/userlogs/application_1551829196698_0005/container_1551829196698_0005_01_000001/stderr'
removed `/scratch/aravikum/21785066/logs/userlogs/application_1551829196698_0005/container_1551829196698_0005_01_000001/syslog'
removed `/scratch/aravikum/21785066/logs/userlogs/application_1551829196698_0005/container_1551829196698_0005_01_000001/stdout'
removed directory: `/scratch/aravikum/21785066/logs/userlogs/application_1551829196698_0005/container_1551829196698_0005_01_000001'
removed directory: `/scratch/aravikum/21785066/logs/userlogs/application_1551829196698_0005'
removed `/scratch/aravikum/21785066/logs/userlogs/application_1551829196698_0002/container_1551829196698_0002_01_000001/stderr'
removed `/scratch/aravikum/21785066/logs/userlogs/application_1551829196698_0002/container_1551829196698_0002_01_000001/syslog'
removed `/scratch/aravikum/21785066/logs/userlogs/application_1551829196698_0002/container_1551829196698_0002_01_000001/stdout'
removed directory: `/scratch/aravikum/21785066/logs/userlogs/application_1551829196698_0002/container_1551829196698_0002_01_000001'
removed directory: `/scratch/aravikum/21785066/logs/userlogs/application_1551829196698_0002'
removed `/scratch/aravikum/21785066/logs/userlogs/application_1551829196698_0003/container_1551829196698_0003_01_000003/stdout'
removed `/scratch/aravikum/21785066/logs/userlogs/application_1551829196698_0003/container_1551829196698_0003_01_000003/syslog'
removed `/scratch/aravikum/21785066/logs/userlogs/application_1551829196698_0003/container_1551829196698_0003_01_000003/stderr'
removed directory: `/scratch/aravikum/21785066/logs/userlogs/application_1551829196698_0003/container_1551829196698_0003_01_000003'
removed `/scratch/aravikum/21785066/logs/userlogs/application_1551829196698_0003/container_1551829196698_0003_01_000001/stdout'
removed `/scratch/aravikum/21785066/logs/userlogs/application_1551829196698_0003/container_1551829196698_0003_01_000001/syslog'
removed `/scratch/aravikum/21785066/logs/userlogs/application_1551829196698_0003/container_1551829196698_0003_01_000001/stderr'
removed directory: `/scratch/aravikum/21785066/logs/userlogs/application_1551829196698_0003/container_1551829196698_0003_01_000001'
removed directory: `/scratch/aravikum/21785066/logs/userlogs/application_1551829196698_0003'
removed `/scratch/aravikum/21785066/logs/userlogs/application_1551829196698_0004/container_1551829196698_0004_01_000003/stderr'
removed `/scratch/aravikum/21785066/logs/userlogs/application_1551829196698_0004/container_1551829196698_0004_01_000003/syslog'
removed `/scratch/aravikum/21785066/logs/userlogs/application_1551829196698_0004/container_1551829196698_0004_01_000003/stdout'
removed directory: `/scratch/aravikum/21785066/logs/userlogs/application_1551829196698_0004/container_1551829196698_0004_01_000003'
removed `/scratch/aravikum/21785066/logs/userlogs/application_1551829196698_0004/container_1551829196698_0004_01_000002/stderr'
removed `/scratch/aravikum/21785066/logs/userlogs/application_1551829196698_0004/container_1551829196698_0004_01_000002/syslog'
removed `/scratch/aravikum/21785066/logs/userlogs/application_1551829196698_0004/container_1551829196698_0004_01_000002/stdout'
removed directory: `/scratch/aravikum/21785066/logs/userlogs/application_1551829196698_0004/container_1551829196698_0004_01_000002'
removed `/scratch/aravikum/21785066/logs/userlogs/application_1551829196698_0004/container_1551829196698_0004_01_000001/stderr'
removed `/scratch/aravikum/21785066/logs/userlogs/application_1551829196698_0004/container_1551829196698_0004_01_000001/stdout'
removed `/scratch/aravikum/21785066/logs/userlogs/application_1551829196698_0004/container_1551829196698_0004_01_000001/syslog'
removed directory: `/scratch/aravikum/21785066/logs/userlogs/application_1551829196698_0004/container_1551829196698_0004_01_000001'
removed directory: `/scratch/aravikum/21785066/logs/userlogs/application_1551829196698_0004'
removed directory: `/scratch/aravikum/21785066/logs/userlogs'
removed `/scratch/aravikum/21785066/logs/yarn-aravikum-nodemanager-comet-11-70.sdsc.edu.out'
removed directory: `/scratch/aravikum/21785066/logs'
removed directory: `/scratch/aravikum/21785066/mapred_scratch/usercache/aravikum/appcache'
removed directory: `/scratch/aravikum/21785066/mapred_scratch/usercache/aravikum/filecache'
removed directory: `/scratch/aravikum/21785066/mapred_scratch/usercache/aravikum'
removed directory: `/scratch/aravikum/21785066/mapred_scratch/usercache'
removed directory: `/scratch/aravikum/21785066/mapred_scratch/nmPrivate'
removed directory: `/scratch/aravikum/21785066/mapred_scratch/filecache'
removed directory: `/scratch/aravikum/21785066/mapred_scratch'
removed `/scratch/aravikum/21785066/hdfs_data/current/BP-598378217-198.202.112.194-1551829179589/dncp_block_verification.log.prev'
removed `/scratch/aravikum/21785066/hdfs_data/current/BP-598378217-198.202.112.194-1551829179589/dncp_block_verification.log.curr'
removed `/scratch/aravikum/21785066/hdfs_data/current/BP-598378217-198.202.112.194-1551829179589/current/dfsUsed'
removed `/scratch/aravikum/21785066/hdfs_data/current/BP-598378217-198.202.112.194-1551829179589/current/VERSION'
removed directory: `/scratch/aravikum/21785066/hdfs_data/current/BP-598378217-198.202.112.194-1551829179589/current/rbw'
removed `/scratch/aravikum/21785066/hdfs_data/current/BP-598378217-198.202.112.194-1551829179589/current/finalized/subdir0/subdir0/blk_1073741845_1021.meta'
removed `/scratch/aravikum/21785066/hdfs_data/current/BP-598378217-198.202.112.194-1551829179589/current/finalized/subdir0/subdir0/blk_1073741894_1070.meta'
removed `/scratch/aravikum/21785066/hdfs_data/current/BP-598378217-198.202.112.194-1551829179589/current/finalized/subdir0/subdir0/blk_1073741874'
removed `/scratch/aravikum/21785066/hdfs_data/current/BP-598378217-198.202.112.194-1551829179589/current/finalized/subdir0/subdir0/blk_1073741832_1008.meta'
removed `/scratch/aravikum/21785066/hdfs_data/current/BP-598378217-198.202.112.194-1551829179589/current/finalized/subdir0/subdir0/blk_1073741883'
removed `/scratch/aravikum/21785066/hdfs_data/current/BP-598378217-198.202.112.194-1551829179589/current/finalized/subdir0/subdir0/blk_1073741842_1018.meta'
removed `/scratch/aravikum/21785066/hdfs_data/current/BP-598378217-198.202.112.194-1551829179589/current/finalized/subdir0/subdir0/blk_1073741855'
removed `/scratch/aravikum/21785066/hdfs_data/current/BP-598378217-198.202.112.194-1551829179589/current/finalized/subdir0/subdir0/blk_1073741862_1038.meta'
removed `/scratch/aravikum/21785066/hdfs_data/current/BP-598378217-198.202.112.194-1551829179589/current/finalized/subdir0/subdir0/blk_1073741872_1048.meta'
removed `/scratch/aravikum/21785066/hdfs_data/current/BP-598378217-198.202.112.194-1551829179589/current/finalized/subdir0/subdir0/blk_1073741874_1050.meta'
removed `/scratch/aravikum/21785066/hdfs_data/current/BP-598378217-198.202.112.194-1551829179589/current/finalized/subdir0/subdir0/blk_1073741852'
removed `/scratch/aravikum/21785066/hdfs_data/current/BP-598378217-198.202.112.194-1551829179589/current/finalized/subdir0/subdir0/blk_1073741825'
removed `/scratch/aravikum/21785066/hdfs_data/current/BP-598378217-198.202.112.194-1551829179589/current/finalized/subdir0/subdir0/blk_1073741884'
removed `/scratch/aravikum/21785066/hdfs_data/current/BP-598378217-198.202.112.194-1551829179589/current/finalized/subdir0/subdir0/blk_1073741873'
removed `/scratch/aravikum/21785066/hdfs_data/current/BP-598378217-198.202.112.194-1551829179589/current/finalized/subdir0/subdir0/blk_1073741834_1010.meta'
removed `/scratch/aravikum/21785066/hdfs_data/current/BP-598378217-198.202.112.194-1551829179589/current/finalized/subdir0/subdir0/blk_1073741892_1068.meta'
removed `/scratch/aravikum/21785066/hdfs_data/current/BP-598378217-198.202.112.194-1551829179589/current/finalized/subdir0/subdir0/blk_1073741893'
removed `/scratch/aravikum/21785066/hdfs_data/current/BP-598378217-198.202.112.194-1551829179589/current/finalized/subdir0/subdir0/blk_1073741875_1051.meta'
removed `/scratch/aravikum/21785066/hdfs_data/current/BP-598378217-198.202.112.194-1551829179589/current/finalized/subdir0/subdir0/blk_1073741845'
removed `/scratch/aravikum/21785066/hdfs_data/current/BP-598378217-198.202.112.194-1551829179589/current/finalized/subdir0/subdir0/blk_1073741832'
removed `/scratch/aravikum/21785066/hdfs_data/current/BP-598378217-198.202.112.194-1551829179589/current/finalized/subdir0/subdir0/blk_1073741864'
removed `/scratch/aravikum/21785066/hdfs_data/current/BP-598378217-198.202.112.194-1551829179589/current/finalized/subdir0/subdir0/blk_1073741835_1011.meta'
removed `/scratch/aravikum/21785066/hdfs_data/current/BP-598378217-198.202.112.194-1551829179589/current/finalized/subdir0/subdir0/blk_1073741893_1069.meta'
removed `/scratch/aravikum/21785066/hdfs_data/current/BP-598378217-198.202.112.194-1551829179589/current/finalized/subdir0/subdir0/blk_1073741844_1020.meta'
removed `/scratch/aravikum/21785066/hdfs_data/current/BP-598378217-198.202.112.194-1551829179589/current/finalized/subdir0/subdir0/blk_1073741895_1071.meta'
removed `/scratch/aravikum/21785066/hdfs_data/current/BP-598378217-198.202.112.194-1551829179589/current/finalized/subdir0/subdir0/blk_1073741863'
removed `/scratch/aravikum/21785066/hdfs_data/current/BP-598378217-198.202.112.194-1551829179589/current/finalized/subdir0/subdir0/blk_1073741833_1009.meta'
removed `/scratch/aravikum/21785066/hdfs_data/current/BP-598378217-198.202.112.194-1551829179589/current/finalized/subdir0/subdir0/blk_1073741835'
removed `/scratch/aravikum/21785066/hdfs_data/current/BP-598378217-198.202.112.194-1551829179589/current/finalized/subdir0/subdir0/blk_1073741842'
removed `/scratch/aravikum/21785066/hdfs_data/current/BP-598378217-198.202.112.194-1551829179589/current/finalized/subdir0/subdir0/blk_1073741863_1039.meta'
removed `/scratch/aravikum/21785066/hdfs_data/current/BP-598378217-198.202.112.194-1551829179589/current/finalized/subdir0/subdir0/blk_1073741873_1049.meta'
removed `/scratch/aravikum/21785066/hdfs_data/current/BP-598378217-198.202.112.194-1551829179589/current/finalized/subdir0/subdir0/blk_1073741894'
removed `/scratch/aravikum/21785066/hdfs_data/current/BP-598378217-198.202.112.194-1551829179589/current/finalized/subdir0/subdir0/blk_1073741843_1019.meta'
removed `/scratch/aravikum/21785066/hdfs_data/current/BP-598378217-198.202.112.194-1551829179589/current/finalized/subdir0/subdir0/blk_1073741865_1041.meta'
removed `/scratch/aravikum/21785066/hdfs_data/current/BP-598378217-198.202.112.194-1551829179589/current/finalized/subdir0/subdir0/blk_1073741872'
removed `/scratch/aravikum/21785066/hdfs_data/current/BP-598378217-198.202.112.194-1551829179589/current/finalized/subdir0/subdir0/blk_1073741853'
removed `/scratch/aravikum/21785066/hdfs_data/current/BP-598378217-198.202.112.194-1551829179589/current/finalized/subdir0/subdir0/blk_1073741852_1028.meta'
removed `/scratch/aravikum/21785066/hdfs_data/current/BP-598378217-198.202.112.194-1551829179589/current/finalized/subdir0/subdir0/blk_1073741825_1001.meta'
removed `/scratch/aravikum/21785066/hdfs_data/current/BP-598378217-198.202.112.194-1551829179589/current/finalized/subdir0/subdir0/blk_1073741885'
removed `/scratch/aravikum/21785066/hdfs_data/current/BP-598378217-198.202.112.194-1551829179589/current/finalized/subdir0/subdir0/blk_1073741882'
removed `/scratch/aravikum/21785066/hdfs_data/current/BP-598378217-198.202.112.194-1551829179589/current/finalized/subdir0/subdir0/blk_1073741885_1061.meta'
removed `/scratch/aravikum/21785066/hdfs_data/current/BP-598378217-198.202.112.194-1551829179589/current/finalized/subdir0/subdir0/blk_1073741854_1030.meta'
removed `/scratch/aravikum/21785066/hdfs_data/current/BP-598378217-198.202.112.194-1551829179589/current/finalized/subdir0/subdir0/blk_1073741854'
removed `/scratch/aravikum/21785066/hdfs_data/current/BP-598378217-198.202.112.194-1551829179589/current/finalized/subdir0/subdir0/blk_1073741875'
removed `/scratch/aravikum/21785066/hdfs_data/current/BP-598378217-198.202.112.194-1551829179589/current/finalized/subdir0/subdir0/blk_1073741882_1058.meta'
removed `/scratch/aravikum/21785066/hdfs_data/current/BP-598378217-198.202.112.194-1551829179589/current/finalized/subdir0/subdir0/blk_1073741843'
removed `/scratch/aravikum/21785066/hdfs_data/current/BP-598378217-198.202.112.194-1551829179589/current/finalized/subdir0/subdir0/blk_1073741834'
removed `/scratch/aravikum/21785066/hdfs_data/current/BP-598378217-198.202.112.194-1551829179589/current/finalized/subdir0/subdir0/blk_1073741895'
removed `/scratch/aravikum/21785066/hdfs_data/current/BP-598378217-198.202.112.194-1551829179589/current/finalized/subdir0/subdir0/blk_1073741884_1060.meta'
removed `/scratch/aravikum/21785066/hdfs_data/current/BP-598378217-198.202.112.194-1551829179589/current/finalized/subdir0/subdir0/blk_1073741855_1031.meta'
removed `/scratch/aravikum/21785066/hdfs_data/current/BP-598378217-198.202.112.194-1551829179589/current/finalized/subdir0/subdir0/blk_1073741862'
removed `/scratch/aravikum/21785066/hdfs_data/current/BP-598378217-198.202.112.194-1551829179589/current/finalized/subdir0/subdir0/blk_1073741883_1059.meta'
removed `/scratch/aravikum/21785066/hdfs_data/current/BP-598378217-198.202.112.194-1551829179589/current/finalized/subdir0/subdir0/blk_1073741865'
removed `/scratch/aravikum/21785066/hdfs_data/current/BP-598378217-198.202.112.194-1551829179589/current/finalized/subdir0/subdir0/blk_1073741864_1040.meta'
removed `/scratch/aravikum/21785066/hdfs_data/current/BP-598378217-198.202.112.194-1551829179589/current/finalized/subdir0/subdir0/blk_1073741853_1029.meta'
removed `/scratch/aravikum/21785066/hdfs_data/current/BP-598378217-198.202.112.194-1551829179589/current/finalized/subdir0/subdir0/blk_1073741892'
removed `/scratch/aravikum/21785066/hdfs_data/current/BP-598378217-198.202.112.194-1551829179589/current/finalized/subdir0/subdir0/blk_1073741833'
removed `/scratch/aravikum/21785066/hdfs_data/current/BP-598378217-198.202.112.194-1551829179589/current/finalized/subdir0/subdir0/blk_1073741844'
removed directory: `/scratch/aravikum/21785066/hdfs_data/current/BP-598378217-198.202.112.194-1551829179589/current/finalized/subdir0/subdir0'
removed directory: `/scratch/aravikum/21785066/hdfs_data/current/BP-598378217-198.202.112.194-1551829179589/current/finalized/subdir0'
removed directory: `/scratch/aravikum/21785066/hdfs_data/current/BP-598378217-198.202.112.194-1551829179589/current/finalized'
removed directory: `/scratch/aravikum/21785066/hdfs_data/current/BP-598378217-198.202.112.194-1551829179589/current'
removed directory: `/scratch/aravikum/21785066/hdfs_data/current/BP-598378217-198.202.112.194-1551829179589/tmp'
removed directory: `/scratch/aravikum/21785066/hdfs_data/current/BP-598378217-198.202.112.194-1551829179589'
removed `/scratch/aravikum/21785066/hdfs_data/current/VERSION'
removed directory: `/scratch/aravikum/21785066/hdfs_data/current'
removed directory: `/scratch/aravikum/21785066/hdfs_data'
removed directory: `/scratch/aravikum/21785066/pids'
removed `/scratch/aravikum/21785066/logs/userlogs/application_1551829196698_0002/container_1551829196698_0002_01_000002/stderr'
removed `/scratch/aravikum/21785066/logs/userlogs/application_1551829196698_0002/container_1551829196698_0002_01_000002/stdout'
removed `/scratch/aravikum/21785066/logs/userlogs/application_1551829196698_0002/container_1551829196698_0002_01_000002/syslog'
removed directory: `/scratch/aravikum/21785066/logs/userlogs/application_1551829196698_0002/container_1551829196698_0002_01_000002'
removed `/scratch/aravikum/21785066/logs/userlogs/application_1551829196698_0002/container_1551829196698_0002_01_000003/stdout'
removed `/scratch/aravikum/21785066/logs/userlogs/application_1551829196698_0002/container_1551829196698_0002_01_000003/syslog'
removed `/scratch/aravikum/21785066/logs/userlogs/application_1551829196698_0002/container_1551829196698_0002_01_000003/stderr'
removed directory: `/scratch/aravikum/21785066/logs/userlogs/application_1551829196698_0002/container_1551829196698_0002_01_000003'
removed directory: `/scratch/aravikum/21785066/logs/userlogs/application_1551829196698_0002'
removed `/scratch/aravikum/21785066/logs/userlogs/application_1551829196698_0001/container_1551829196698_0001_01_000003/stderr'
removed `/scratch/aravikum/21785066/logs/userlogs/application_1551829196698_0001/container_1551829196698_0001_01_000003/stdout'
removed `/scratch/aravikum/21785066/logs/userlogs/application_1551829196698_0001/container_1551829196698_0001_01_000003/syslog'
removed directory: `/scratch/aravikum/21785066/logs/userlogs/application_1551829196698_0001/container_1551829196698_0001_01_000003'
removed directory: `/scratch/aravikum/21785066/logs/userlogs/application_1551829196698_0001'
removed `/scratch/aravikum/21785066/logs/userlogs/application_1551829196698_0006/container_1551829196698_0006_01_000003/stdout'
removed `/scratch/aravikum/21785066/logs/userlogs/application_1551829196698_0006/container_1551829196698_0006_01_000003/syslog'
removed `/scratch/aravikum/21785066/logs/userlogs/application_1551829196698_0006/container_1551829196698_0006_01_000003/stderr'
removed directory: `/scratch/aravikum/21785066/logs/userlogs/application_1551829196698_0006/container_1551829196698_0006_01_000003'
removed `/scratch/aravikum/21785066/logs/userlogs/application_1551829196698_0006/container_1551829196698_0006_01_000001/stderr'
removed `/scratch/aravikum/21785066/logs/userlogs/application_1551829196698_0006/container_1551829196698_0006_01_000001/stdout'
removed `/scratch/aravikum/21785066/logs/userlogs/application_1551829196698_0006/container_1551829196698_0006_01_000001/syslog'
removed directory: `/scratch/aravikum/21785066/logs/userlogs/application_1551829196698_0006/container_1551829196698_0006_01_000001'
removed `/scratch/aravikum/21785066/logs/userlogs/application_1551829196698_0006/container_1551829196698_0006_01_000002/syslog'
removed `/scratch/aravikum/21785066/logs/userlogs/application_1551829196698_0006/container_1551829196698_0006_01_000002/stdout'
removed `/scratch/aravikum/21785066/logs/userlogs/application_1551829196698_0006/container_1551829196698_0006_01_000002/stderr'
removed directory: `/scratch/aravikum/21785066/logs/userlogs/application_1551829196698_0006/container_1551829196698_0006_01_000002'
removed directory: `/scratch/aravikum/21785066/logs/userlogs/application_1551829196698_0006'
removed `/scratch/aravikum/21785066/logs/userlogs/application_1551829196698_0003/container_1551829196698_0003_01_000002/syslog'
removed `/scratch/aravikum/21785066/logs/userlogs/application_1551829196698_0003/container_1551829196698_0003_01_000002/stdout'
removed `/scratch/aravikum/21785066/logs/userlogs/application_1551829196698_0003/container_1551829196698_0003_01_000002/stderr'
removed directory: `/scratch/aravikum/21785066/logs/userlogs/application_1551829196698_0003/container_1551829196698_0003_01_000002'
removed directory: `/scratch/aravikum/21785066/logs/userlogs/application_1551829196698_0003'
removed `/scratch/aravikum/21785066/logs/userlogs/application_1551829196698_0007/container_1551829196698_0007_01_000002/syslog'
removed `/scratch/aravikum/21785066/logs/userlogs/application_1551829196698_0007/container_1551829196698_0007_01_000002/stdout'
removed `/scratch/aravikum/21785066/logs/userlogs/application_1551829196698_0007/container_1551829196698_0007_01_000002/stderr'
removed directory: `/scratch/aravikum/21785066/logs/userlogs/application_1551829196698_0007/container_1551829196698_0007_01_000002'
removed `/scratch/aravikum/21785066/logs/userlogs/application_1551829196698_0007/container_1551829196698_0007_01_000003/stderr'
removed `/scratch/aravikum/21785066/logs/userlogs/application_1551829196698_0007/container_1551829196698_0007_01_000003/syslog'
removed `/scratch/aravikum/21785066/logs/userlogs/application_1551829196698_0007/container_1551829196698_0007_01_000003/stdout'
removed directory: `/scratch/aravikum/21785066/logs/userlogs/application_1551829196698_0007/container_1551829196698_0007_01_000003'
removed directory: `/scratch/aravikum/21785066/logs/userlogs/application_1551829196698_0007'
removed directory: `/scratch/aravikum/21785066/logs/userlogs'
removed `/scratch/aravikum/21785066/logs/yarn-aravikum-nodemanager-comet-11-71.sdsc.edu.out'
removed `/scratch/aravikum/21785066/logs/hadoop-aravikum-datanode-comet-11-71.sdsc.edu.out'
removed `/scratch/aravikum/21785066/logs/SecurityAuth-aravikum.audit'
removed `/scratch/aravikum/21785066/logs/yarn-aravikum-nodemanager-comet-11-71.sdsc.edu.log'
removed `/scratch/aravikum/21785066/logs/hadoop-aravikum-datanode-comet-11-71.sdsc.edu.log'
removed directory: `/scratch/aravikum/21785066/logs'
removed directory: `/tmp/Jetty_0_0_0_0_50070_hdfs____w2cu08/jsp'
removed directory: `/tmp/Jetty_0_0_0_0_50070_hdfs____w2cu08/.active'
removed directory: `/tmp/Jetty_0_0_0_0_50070_hdfs____w2cu08'
removed directory: `/tmp/Jetty_comet.11.69_ibnet_50090_secondary____.jb89dm/jsp'
removed directory: `/tmp/Jetty_comet.11.69_ibnet_50090_secondary____.jb89dm/.active'
removed directory: `/tmp/Jetty_comet.11.69_ibnet_50090_secondary____.jb89dm'
removed directory: `/tmp/Jetty_0_0_0_0_50075_datanode____hwtdwq/jsp'
removed directory: `/tmp/Jetty_0_0_0_0_50075_datanode____hwtdwq/.active'
removed directory: `/tmp/Jetty_0_0_0_0_50075_datanode____hwtdwq'
